#
# A fatal error has been detected by the Java Runtime Environment:
#
#  EXCEPTION_ACCESS_VIOLATION (0xc0000005) at pc=0x000007fefe773f0b, pid=6560, tid=1696
#
# JRE version: OpenJDK Runtime Environment (11.0.9.1+1) (build 11.0.9.1+1-LTS)
# Java VM: OpenJDK 64-Bit Server VM (11.0.9.1+1-LTS, mixed mode, tiered, compressed oops, g1 gc, windows-amd64)
# Problematic frame:
# C  [ole32.dll+0x23f0b]
#
# No core dump will be written. Minidumps are not enabled by default on client versions of Windows
#
# If you would like to submit a bug report, please visit:
#   https://bugreport.java.com/bugreport/crash.jsp
# The crash happened outside the Java Virtual Machine in native code.
# See problematic frame for where to report the bug.
#

---------------  S U M M A R Y ------------

Command Line: -Dfile.encoding=UTF-8 ieexp3.id190441091.BasicTask4Server 1234

Host: Intel(R) Core(TM) i7-4770 CPU @ 3.40GHz, 8 cores, 7G,  Windows 7 , 64 bit Build 7601 (6.1.7601.24545)
Time: Wed May 26 13:58:44 2021 ???? (?W?€??) elapsed time: 91.486918 seconds (0d 0h 1m 31s)

---------------  T H R E A D  ---------------

Current thread (0x0000000065647000):  JavaThread "Thread-3" [_thread_in_native, id=1696, stack(0x0000000066af0000,0x0000000066bf0000)]

Stack: [0x0000000066af0000,0x0000000066bf0000],  sp=0x0000000066bef1b0,  free space=1020k
Native frames: (J=compiled Java code, j=interpreted, Vv=VM code, C=native code)
C  [ole32.dll+0x23f0b]

Java frames: (J=compiled Java code, j=interpreted, Vv=VM code)
j  ieexp3.library.VE026A_JNI.CaoController_AddVariable(Ljava/lang/String;Ljava/lang/String;)I+0
j  ieexp3.library.CaoAPI.setControllerMode(J)V+31
j  ieexp3.id190441091.BasicTask4ServerTask.connect()V+31
j  ieexp3.id190441091.BasicTask4ServerTask.run()V+87
j  java.lang.Thread.run()V+11 java.base@11.0.9.1
v  ~StubRoutines::call_stub

siginfo: EXCEPTION_ACCESS_VIOLATION (0xc0000005), writing address 0x0000000000000068


Register to memory mapping:

RIP=0x000007fefe773f0b ole32.dll
RAX=0x0 is NULL
RBX=0x0 is NULL
RCX=0x0 is NULL
RDX=0x0000000065e2baf0 points into unknown readable memory: 00 00 00 00 00 00 00 00
RSP=0x0000000066bef1b0 is pointing into the stack for thread: 0x0000000065647000
RBP=0x0000000066bef3d8 is pointing into the stack for thread: 0x0000000065647000
RSI=0x0000000065e2baf0 points into unknown readable memory: 00 00 00 00 00 00 00 00
RDI=0x0000000065e36928 points into unknown readable memory: d0 4f 8f fe fe 07 00 00
R8 =0x0000000000000d44 is an unknown value
R9 =0x000007fefe8d5428 ole32.dll
R10=0x0000000065e36a48 points into unknown readable memory: 01 00 00 80 09 21 00 00
R11=0x0000000000000001 is an unknown value
R12=0x0000000000000001 is an unknown value
R13=0x000007fefe8f3f10 ole32.dll
R14=0x0 is NULL
R15=0x0000000065647000 is a thread


Registers:
RAX=0x0000000000000000, RBX=0x0000000000000000, RCX=0x0000000000000000, RDX=0x0000000065e2baf0
RSP=0x0000000066bef1b0, RBP=0x0000000066bef3d8, RSI=0x0000000065e2baf0, RDI=0x0000000065e36928
R8 =0x0000000000000d44, R9 =0x000007fefe8d5428, R10=0x0000000065e36a48, R11=0x0000000000000001
R12=0x0000000000000001, R13=0x000007fefe8f3f10, R14=0x0000000000000000, R15=0x0000000065647000
RIP=0x000007fefe773f0b, EFLAGS=0x0000000000010246

Top of Stack: (sp=0x0000000066bef1b0)
0x0000000066bef1b0:   000000000c969aa0 00000000895372c0
0x0000000066bef1c0:   0000000066bef1c0 0000000063e9f68f
0x0000000066bef1d0:   0000000066bef408 0000000064154198
0x0000000066bef1e0:   0000000000000001 0000000065e36920
0x0000000066bef1f0:   0000000000000000 000007fefe7741f8
0x0000000066bef200:   0000000065647000 0000000065e36928
0x0000000066bef210:   0000000066bef3d8 0000000000000001
0x0000000066bef220:   00000000645b3f40 000007fefe790498
0x0000000066bef230:   0000000000000000 00000000645b3f40
0x0000000066bef240:   0000000066bef3d8 0000000000000000
0x0000000066bef250:   0000000000000000 0000000066bef340
0x0000000066bef260:   0000000000000002 000007fefe77419b
0x0000000066bef270:   00000000645b3f40 0000000065e36920
0x0000000066bef280:   0000000066bef3d8 000000000c969d17
0x0000000066bef290:   0000000066bef340 000007fee4f0978b
0x0000000066bef2a0:   0000000080000000 00000000645b3f40 

Instructions: (pc=0x000007fefe773f0b)
0x000007fefe773e0b:   0f 85 df e1 00 00 48 8b 5f 30 48 85 db 0f 85 d6
0x000007fefe773e1b:   7d fe ff 40 f6 c6 01 74 7a 83 3d e1 09 1b 00 00
0x000007fefe773e2b:   0f 85 26 a1 03 00 c7 47 08 ee f1 ee f1 f0 83 05
0x000007fefe773e3b:   60 ec 1a 00 ff 48 8b 1d 71 ec 1a 00 48 85 db 74
0x000007fefe773e4b:   2f 80 7b 08 00 0f 84 d3 a0 03 00 48 8d 4b 28 ff
0x000007fefe773e5b:   15 b8 8b 15 00 ff 43 0c 83 7b 0c 01 75 12 48 8d
0x000007fefe773e6b:   05 a0 00 18 00 c7 43 10 55 00 00 00 48 89 43 18
0x000007fefe773e7b:   48 8b 05 0e ec 1a 00 48 89 07 48 89 3d 04 ec 1a
0x000007fefe773e8b:   00 48 85 db 74 0d ff 4b 0c 48 8d 4b 28 ff 15 82
0x000007fefe773e9b:   8b 15 00 48 8b 5c 24 30 48 8b 6c 24 38 48 8b 74
0x000007fefe773eab:   24 40 48 8b c7 48 83 c4 20 5f c3 44 38 35 0b ee
0x000007fefe773ebb:   1a 00 0f 84 b6 cc 03 00 48 8d 0d 1e ee 1a 00 ff
0x000007fefe773ecb:   15 48 8b 15 00 44 8b 1d f5 ed 1a 00 41 ff c3 44
0x000007fefe773edb:   89 1d eb ed 1a 00 41 83 fb 01 75 18 48 8d 05 b2
0x000007fefe773eeb:   10 18 00 c7 05 d8 ed 1a 00 25 18 00 00 48 89 05
0x000007fefe773efb:   d9 ed 1a 00 48 8b 57 10 48 8b 4a 60 48 8b 42 68
0x000007fefe773f0b:   48 89 41 68 48 8b 4a 68 48 8b 42 60 48 89 41 60
0x000007fefe773f1b:   48 8b 5f 10 44 39 35 e6 08 1b 00 0f 84 d0 cd 01
0x000007fefe773f2b:   00 e9 a3 cc 03 00 4c 89 77 10 44 89 77 0c ff 0d
0x000007fefe773f3b:   8d ed 1a 00 48 8d 0d a2 ed 1a 00 ff 15 d4 8a 15
0x000007fefe773f4b:   00 4c 39 77 58 0f 85 fb 08 01 00 48 8b 5c 24 58
0x000007fefe773f5b:   48 8b 6c 24 60 48 83 c4 20 41 5e 41 5d 41 5c 5f
0x000007fefe773f6b:   5e c3 48 8b b3 a8 00 00 00 48 3b f7 0f 85 7c 92
0x000007fefe773f7b:   02 00 e9 83 92 02 00 48 3b f7 0f 85 00 66 00 00
0x000007fefe773f8b:   bf 01 00 00 00 e9 91 92 02 00 48 8b 5c 24 30 48
0x000007fefe773f9b:   8b 74 24 38 8b c7 48 83 c4 20 5f c3 4c 8d 0d 7a
0x000007fefe773fab:   14 16 00 48 8d 15 eb 0f 18 00 48 8d 0d 04 ed 1a
0x000007fefe773fbb:   00 41 b8 44 0d 00 00 89 7c 24 50 4c 8b ef 48 8b
0x000007fefe773fcb:   ef 4c 8b e7 4c 8b ff e8 39 f8 ff ff 90 e9 41 c5
0x000007fefe773fdb:   01 00 48 8b 8b a0 00 00 00 48 85 c9 0f 85 68 c5
0x000007fefe773feb:   01 00 b8 01 00 00 00 48 8b 4b 18 39 b9 64 01 00
0x000007fefe773ffb:   00 0f 85 0b 17 00 00 85 c0 0f 84 03 17 00 00 8b 


Stack slot to memory mapping:
stack at sp + 0 slots: 0x000000000c969aa0 is at code_begin+1664 in an Interpreter codelet
invoke return entry points  [0x000000000c969420, 0x000000000c969e00]  2528 bytes
stack at sp + 1 slots: 0x00000000895372c0 is an oop: java.nio.HeapByteBuffer 
{0x00000000895372c0} - klass: 'java/nio/HeapByteBuffer'
stack at sp + 2 slots: 0x0000000066bef1c0 is pointing into the stack for thread: 0x0000000065647000
stack at sp + 3 slots: 0x0000000063e9f68f is pointing into metadata
stack at sp + 4 slots: 0x0000000066bef408 is pointing into the stack for thread: 0x0000000065647000
stack at sp + 5 slots: {method} {0x00000000641541a0} 'CaoController_AddVariable' '(Ljava/lang/String;Ljava/lang/String;)I' in 'ieexp3/library/VE026A_JNI'
stack at sp + 6 slots: 0x0000000000000001 is an unknown value
stack at sp + 7 slots: 0x0000000065e36920 points into unknown readable memory: 40 3f 8f fe fe 07 00 00


---------------  P R O C E S S  ---------------

Threads class SMR info:
_java_thread_list=0x0000000065e05f80, length=11, elements={
0x000000000047b800, 0x0000000064637000, 0x000000006463f800, 0x0000000064658800,
0x000000006465b800, 0x000000006465c800, 0x0000000064661000, 0x000000006466b800,
0x0000000065624800, 0x000000006563c000, 0x0000000065647000
}

Java Threads: ( => current thread )
  0x000000000047b800 JavaThread "main" [_thread_in_native, id=6224, stack(0x00000000023e0000,0x00000000024e0000)]
  0x0000000064637000 JavaThread "Reference Handler" daemon [_thread_blocked, id=6216, stack(0x00000000648f0000,0x00000000649f0000)]
  0x000000006463f800 JavaThread "Finalizer" daemon [_thread_blocked, id=7128, stack(0x0000000064a90000,0x0000000064b90000)]
  0x0000000064658800 JavaThread "Signal Dispatcher" daemon [_thread_blocked, id=5896, stack(0x0000000064c40000,0x0000000064d40000)]
  0x000000006465b800 JavaThread "Attach Listener" daemon [_thread_blocked, id=6316, stack(0x0000000064e40000,0x0000000064f40000)]
  0x000000006465c800 JavaThread "C2 CompilerThread0" daemon [_thread_blocked, id=6704, stack(0x0000000065100000,0x0000000065200000)]
  0x0000000064661000 JavaThread "C1 CompilerThread0" daemon [_thread_blocked, id=5468, stack(0x0000000065000000,0x0000000065100000)]
  0x000000006466b800 JavaThread "Sweeper thread" daemon [_thread_blocked, id=5576, stack(0x00000000653c0000,0x00000000654c0000)]
  0x0000000065624800 JavaThread "Service Thread" daemon [_thread_blocked, id=5844, stack(0x0000000065950000,0x0000000065a50000)]
  0x000000006563c000 JavaThread "Common-Cleaner" daemon [_thread_blocked, id=4052, stack(0x0000000065290000,0x0000000065390000)]
=>0x0000000065647000 JavaThread "Thread-3" [_thread_in_native, id=1696, stack(0x0000000066af0000,0x0000000066bf0000)]

Other Threads:
  0x0000000064633800 VMThread "VM Thread" [stack: 0x0000000064790000,0x0000000064890000] [id=5864]
  0x0000000065625800 WatcherThread [stack: 0x0000000065ad0000,0x0000000065bd0000] [id=6184]
  0x0000000000494800 GCTaskThread "GC Thread#0" [stack: 0x000000001b9a0000,0x000000001baa0000] [id=6616]
  0x00000000004cb000 ConcurrentGCThread "G1 Main Marker" [stack: 0x0000000020e00000,0x0000000020f00000] [id=6620]
  0x00000000004cc800 ConcurrentGCThread "G1 Conc#0" [stack: 0x0000000021140000,0x0000000021240000] [id=6176]
  0x0000000020fa9000 ConcurrentGCThread "G1 Refine#0" [stack: 0x0000000023a90000,0x0000000023b90000] [id=6632]
  0x0000000020faf000 ConcurrentGCThread "G1 Young RemSet Sampling" [stack: 0x0000000023bb0000,0x0000000023cb0000] [id=6984]

Threads with active compile tasks:

VM state:not at safepoint (normal execution)

VM Mutex/Monitor currently owned by a thread: None

Heap address: 0x0000000081600000, size: 2026 MB, Compressed Oops mode: 32-bit
Narrow klass base: 0x0000000000000000, Narrow klass shift: 0
Compressed class space size: 1073741824 Address: 0x0000000023cb0000

Heap:
 garbage-first heap   total 131072K, used 3072K [0x0000000081600000, 0x0000000100000000)
  region size 1024K, 4 young (4096K), 0 survivors (0K)
 Metaspace       used 7079K, capacity 7169K, committed 7424K, reserved 1056768K
  class space    used 626K, capacity 641K, committed 768K, reserved 1048576K
Heap Regions: E=young(eden), S=young(survivor), O=old, HS=humongous(starts), HC=humongous(continues), CS=collection set, F=free, A=archive, TAMS=top-at-mark-start (previous, next)
|   0|0x0000000081600000, 0x0000000081600000, 0x0000000081700000|  0%| F|  |TAMS 0x0000000081600000, 0x0000000081600000| Untracked 
|   1|0x0000000081700000, 0x0000000081700000, 0x0000000081800000|  0%| F|  |TAMS 0x0000000081700000, 0x0000000081700000| Untracked 
|   2|0x0000000081800000, 0x0000000081800000, 0x0000000081900000|  0%| F|  |TAMS 0x0000000081800000, 0x0000000081800000| Untracked 
|   3|0x0000000081900000, 0x0000000081900000, 0x0000000081a00000|  0%| F|  |TAMS 0x0000000081900000, 0x0000000081900000| Untracked 
|   4|0x0000000081a00000, 0x0000000081a00000, 0x0000000081b00000|  0%| F|  |TAMS 0x0000000081a00000, 0x0000000081a00000| Untracked 
|   5|0x0000000081b00000, 0x0000000081b00000, 0x0000000081c00000|  0%| F|  |TAMS 0x0000000081b00000, 0x0000000081b00000| Untracked 
|   6|0x0000000081c00000, 0x0000000081c00000, 0x0000000081d00000|  0%| F|  |TAMS 0x0000000081c00000, 0x0000000081c00000| Untracked 
|   7|0x0000000081d00000, 0x0000000081d00000, 0x0000000081e00000|  0%| F|  |TAMS 0x0000000081d00000, 0x0000000081d00000| Untracked 
|   8|0x0000000081e00000, 0x0000000081e00000, 0x0000000081f00000|  0%| F|  |TAMS 0x0000000081e00000, 0x0000000081e00000| Untracked 
|   9|0x0000000081f00000, 0x0000000081f00000, 0x0000000082000000|  0%| F|  |TAMS 0x0000000081f00000, 0x0000000081f00000| Untracked 
|  10|0x0000000082000000, 0x0000000082000000, 0x0000000082100000|  0%| F|  |TAMS 0x0000000082000000, 0x0000000082000000| Untracked 
|  11|0x0000000082100000, 0x0000000082100000, 0x0000000082200000|  0%| F|  |TAMS 0x0000000082100000, 0x0000000082100000| Untracked 
|  12|0x0000000082200000, 0x0000000082200000, 0x0000000082300000|  0%| F|  |TAMS 0x0000000082200000, 0x0000000082200000| Untracked 
|  13|0x0000000082300000, 0x0000000082300000, 0x0000000082400000|  0%| F|  |TAMS 0x0000000082300000, 0x0000000082300000| Untracked 
|  14|0x0000000082400000, 0x0000000082400000, 0x0000000082500000|  0%| F|  |TAMS 0x0000000082400000, 0x0000000082400000| Untracked 
|  15|0x0000000082500000, 0x0000000082500000, 0x0000000082600000|  0%| F|  |TAMS 0x0000000082500000, 0x0000000082500000| Untracked 
|  16|0x0000000082600000, 0x0000000082600000, 0x0000000082700000|  0%| F|  |TAMS 0x0000000082600000, 0x0000000082600000| Untracked 
|  17|0x0000000082700000, 0x0000000082700000, 0x0000000082800000|  0%| F|  |TAMS 0x0000000082700000, 0x0000000082700000| Untracked 
|  18|0x0000000082800000, 0x0000000082800000, 0x0000000082900000|  0%| F|  |TAMS 0x0000000082800000, 0x0000000082800000| Untracked 
|  19|0x0000000082900000, 0x0000000082900000, 0x0000000082a00000|  0%| F|  |TAMS 0x0000000082900000, 0x0000000082900000| Untracked 
|  20|0x0000000082a00000, 0x0000000082a00000, 0x0000000082b00000|  0%| F|  |TAMS 0x0000000082a00000, 0x0000000082a00000| Untracked 
|  21|0x0000000082b00000, 0x0000000082b00000, 0x0000000082c00000|  0%| F|  |TAMS 0x0000000082b00000, 0x0000000082b00000| Untracked 
|  22|0x0000000082c00000, 0x0000000082c00000, 0x0000000082d00000|  0%| F|  |TAMS 0x0000000082c00000, 0x0000000082c00000| Untracked 
|  23|0x0000000082d00000, 0x0000000082d00000, 0x0000000082e00000|  0%| F|  |TAMS 0x0000000082d00000, 0x0000000082d00000| Untracked 
|  24|0x0000000082e00000, 0x0000000082e00000, 0x0000000082f00000|  0%| F|  |TAMS 0x0000000082e00000, 0x0000000082e00000| Untracked 
|  25|0x0000000082f00000, 0x0000000082f00000, 0x0000000083000000|  0%| F|  |TAMS 0x0000000082f00000, 0x0000000082f00000| Untracked 
|  26|0x0000000083000000, 0x0000000083000000, 0x0000000083100000|  0%| F|  |TAMS 0x0000000083000000, 0x0000000083000000| Untracked 
|  27|0x0000000083100000, 0x0000000083100000, 0x0000000083200000|  0%| F|  |TAMS 0x0000000083100000, 0x0000000083100000| Untracked 
|  28|0x0000000083200000, 0x0000000083200000, 0x0000000083300000|  0%| F|  |TAMS 0x0000000083200000, 0x0000000083200000| Untracked 
|  29|0x0000000083300000, 0x0000000083300000, 0x0000000083400000|  0%| F|  |TAMS 0x0000000083300000, 0x0000000083300000| Untracked 
|  30|0x0000000083400000, 0x0000000083400000, 0x0000000083500000|  0%| F|  |TAMS 0x0000000083400000, 0x0000000083400000| Untracked 
|  31|0x0000000083500000, 0x0000000083500000, 0x0000000083600000|  0%| F|  |TAMS 0x0000000083500000, 0x0000000083500000| Untracked 
|  32|0x0000000083600000, 0x0000000083600000, 0x0000000083700000|  0%| F|  |TAMS 0x0000000083600000, 0x0000000083600000| Untracked 
|  33|0x0000000083700000, 0x0000000083700000, 0x0000000083800000|  0%| F|  |TAMS 0x0000000083700000, 0x0000000083700000| Untracked 
|  34|0x0000000083800000, 0x0000000083800000, 0x0000000083900000|  0%| F|  |TAMS 0x0000000083800000, 0x0000000083800000| Untracked 
|  35|0x0000000083900000, 0x0000000083900000, 0x0000000083a00000|  0%| F|  |TAMS 0x0000000083900000, 0x0000000083900000| Untracked 
|  36|0x0000000083a00000, 0x0000000083a00000, 0x0000000083b00000|  0%| F|  |TAMS 0x0000000083a00000, 0x0000000083a00000| Untracked 
|  37|0x0000000083b00000, 0x0000000083b00000, 0x0000000083c00000|  0%| F|  |TAMS 0x0000000083b00000, 0x0000000083b00000| Untracked 
|  38|0x0000000083c00000, 0x0000000083c00000, 0x0000000083d00000|  0%| F|  |TAMS 0x0000000083c00000, 0x0000000083c00000| Untracked 
|  39|0x0000000083d00000, 0x0000000083d00000, 0x0000000083e00000|  0%| F|  |TAMS 0x0000000083d00000, 0x0000000083d00000| Untracked 
|  40|0x0000000083e00000, 0x0000000083e00000, 0x0000000083f00000|  0%| F|  |TAMS 0x0000000083e00000, 0x0000000083e00000| Untracked 
|  41|0x0000000083f00000, 0x0000000083f00000, 0x0000000084000000|  0%| F|  |TAMS 0x0000000083f00000, 0x0000000083f00000| Untracked 
|  42|0x0000000084000000, 0x0000000084000000, 0x0000000084100000|  0%| F|  |TAMS 0x0000000084000000, 0x0000000084000000| Untracked 
|  43|0x0000000084100000, 0x0000000084100000, 0x0000000084200000|  0%| F|  |TAMS 0x0000000084100000, 0x0000000084100000| Untracked 
|  44|0x0000000084200000, 0x0000000084200000, 0x0000000084300000|  0%| F|  |TAMS 0x0000000084200000, 0x0000000084200000| Untracked 
|  45|0x0000000084300000, 0x0000000084300000, 0x0000000084400000|  0%| F|  |TAMS 0x0000000084300000, 0x0000000084300000| Untracked 
|  46|0x0000000084400000, 0x0000000084400000, 0x0000000084500000|  0%| F|  |TAMS 0x0000000084400000, 0x0000000084400000| Untracked 
|  47|0x0000000084500000, 0x0000000084500000, 0x0000000084600000|  0%| F|  |TAMS 0x0000000084500000, 0x0000000084500000| Untracked 
|  48|0x0000000084600000, 0x0000000084600000, 0x0000000084700000|  0%| F|  |TAMS 0x0000000084600000, 0x0000000084600000| Untracked 
|  49|0x0000000084700000, 0x0000000084700000, 0x0000000084800000|  0%| F|  |TAMS 0x0000000084700000, 0x0000000084700000| Untracked 
|  50|0x0000000084800000, 0x0000000084800000, 0x0000000084900000|  0%| F|  |TAMS 0x0000000084800000, 0x0000000084800000| Untracked 
|  51|0x0000000084900000, 0x0000000084900000, 0x0000000084a00000|  0%| F|  |TAMS 0x0000000084900000, 0x0000000084900000| Untracked 
|  52|0x0000000084a00000, 0x0000000084a00000, 0x0000000084b00000|  0%| F|  |TAMS 0x0000000084a00000, 0x0000000084a00000| Untracked 
|  53|0x0000000084b00000, 0x0000000084b00000, 0x0000000084c00000|  0%| F|  |TAMS 0x0000000084b00000, 0x0000000084b00000| Untracked 
|  54|0x0000000084c00000, 0x0000000084c00000, 0x0000000084d00000|  0%| F|  |TAMS 0x0000000084c00000, 0x0000000084c00000| Untracked 
|  55|0x0000000084d00000, 0x0000000084d00000, 0x0000000084e00000|  0%| F|  |TAMS 0x0000000084d00000, 0x0000000084d00000| Untracked 
|  56|0x0000000084e00000, 0x0000000084e00000, 0x0000000084f00000|  0%| F|  |TAMS 0x0000000084e00000, 0x0000000084e00000| Untracked 
|  57|0x0000000084f00000, 0x0000000084f00000, 0x0000000085000000|  0%| F|  |TAMS 0x0000000084f00000, 0x0000000084f00000| Untracked 
|  58|0x0000000085000000, 0x0000000085000000, 0x0000000085100000|  0%| F|  |TAMS 0x0000000085000000, 0x0000000085000000| Untracked 
|  59|0x0000000085100000, 0x0000000085100000, 0x0000000085200000|  0%| F|  |TAMS 0x0000000085100000, 0x0000000085100000| Untracked 
|  60|0x0000000085200000, 0x0000000085200000, 0x0000000085300000|  0%| F|  |TAMS 0x0000000085200000, 0x0000000085200000| Untracked 
|  61|0x0000000085300000, 0x0000000085300000, 0x0000000085400000|  0%| F|  |TAMS 0x0000000085300000, 0x0000000085300000| Untracked 
|  62|0x0000000085400000, 0x0000000085400000, 0x0000000085500000|  0%| F|  |TAMS 0x0000000085400000, 0x0000000085400000| Untracked 
|  63|0x0000000085500000, 0x0000000085500000, 0x0000000085600000|  0%| F|  |TAMS 0x0000000085500000, 0x0000000085500000| Untracked 
|  64|0x0000000085600000, 0x0000000085600000, 0x0000000085700000|  0%| F|  |TAMS 0x0000000085600000, 0x0000000085600000| Untracked 
|  65|0x0000000085700000, 0x0000000085700000, 0x0000000085800000|  0%| F|  |TAMS 0x0000000085700000, 0x0000000085700000| Untracked 
|  66|0x0000000085800000, 0x0000000085800000, 0x0000000085900000|  0%| F|  |TAMS 0x0000000085800000, 0x0000000085800000| Untracked 
|  67|0x0000000085900000, 0x0000000085900000, 0x0000000085a00000|  0%| F|  |TAMS 0x0000000085900000, 0x0000000085900000| Untracked 
|  68|0x0000000085a00000, 0x0000000085a00000, 0x0000000085b00000|  0%| F|  |TAMS 0x0000000085a00000, 0x0000000085a00000| Untracked 
|  69|0x0000000085b00000, 0x0000000085b00000, 0x0000000085c00000|  0%| F|  |TAMS 0x0000000085b00000, 0x0000000085b00000| Untracked 
|  70|0x0000000085c00000, 0x0000000085c00000, 0x0000000085d00000|  0%| F|  |TAMS 0x0000000085c00000, 0x0000000085c00000| Untracked 
|  71|0x0000000085d00000, 0x0000000085d00000, 0x0000000085e00000|  0%| F|  |TAMS 0x0000000085d00000, 0x0000000085d00000| Untracked 
|  72|0x0000000085e00000, 0x0000000085e00000, 0x0000000085f00000|  0%| F|  |TAMS 0x0000000085e00000, 0x0000000085e00000| Untracked 
|  73|0x0000000085f00000, 0x0000000085f00000, 0x0000000086000000|  0%| F|  |TAMS 0x0000000085f00000, 0x0000000085f00000| Untracked 
|  74|0x0000000086000000, 0x0000000086000000, 0x0000000086100000|  0%| F|  |TAMS 0x0000000086000000, 0x0000000086000000| Untracked 
|  75|0x0000000086100000, 0x0000000086100000, 0x0000000086200000|  0%| F|  |TAMS 0x0000000086100000, 0x0000000086100000| Untracked 
|  76|0x0000000086200000, 0x0000000086200000, 0x0000000086300000|  0%| F|  |TAMS 0x0000000086200000, 0x0000000086200000| Untracked 
|  77|0x0000000086300000, 0x0000000086300000, 0x0000000086400000|  0%| F|  |TAMS 0x0000000086300000, 0x0000000086300000| Untracked 
|  78|0x0000000086400000, 0x0000000086400000, 0x0000000086500000|  0%| F|  |TAMS 0x0000000086400000, 0x0000000086400000| Untracked 
|  79|0x0000000086500000, 0x0000000086500000, 0x0000000086600000|  0%| F|  |TAMS 0x0000000086500000, 0x0000000086500000| Untracked 
|  80|0x0000000086600000, 0x0000000086600000, 0x0000000086700000|  0%| F|  |TAMS 0x0000000086600000, 0x0000000086600000| Untracked 
|  81|0x0000000086700000, 0x0000000086700000, 0x0000000086800000|  0%| F|  |TAMS 0x0000000086700000, 0x0000000086700000| Untracked 
|  82|0x0000000086800000, 0x0000000086800000, 0x0000000086900000|  0%| F|  |TAMS 0x0000000086800000, 0x0000000086800000| Untracked 
|  83|0x0000000086900000, 0x0000000086900000, 0x0000000086a00000|  0%| F|  |TAMS 0x0000000086900000, 0x0000000086900000| Untracked 
|  84|0x0000000086a00000, 0x0000000086a00000, 0x0000000086b00000|  0%| F|  |TAMS 0x0000000086a00000, 0x0000000086a00000| Untracked 
|  85|0x0000000086b00000, 0x0000000086b00000, 0x0000000086c00000|  0%| F|  |TAMS 0x0000000086b00000, 0x0000000086b00000| Untracked 
|  86|0x0000000086c00000, 0x0000000086c00000, 0x0000000086d00000|  0%| F|  |TAMS 0x0000000086c00000, 0x0000000086c00000| Untracked 
|  87|0x0000000086d00000, 0x0000000086d00000, 0x0000000086e00000|  0%| F|  |TAMS 0x0000000086d00000, 0x0000000086d00000| Untracked 
|  88|0x0000000086e00000, 0x0000000086e00000, 0x0000000086f00000|  0%| F|  |TAMS 0x0000000086e00000, 0x0000000086e00000| Untracked 
|  89|0x0000000086f00000, 0x0000000086f00000, 0x0000000087000000|  0%| F|  |TAMS 0x0000000086f00000, 0x0000000086f00000| Untracked 
|  90|0x0000000087000000, 0x0000000087000000, 0x0000000087100000|  0%| F|  |TAMS 0x0000000087000000, 0x0000000087000000| Untracked 
|  91|0x0000000087100000, 0x0000000087100000, 0x0000000087200000|  0%| F|  |TAMS 0x0000000087100000, 0x0000000087100000| Untracked 
|  92|0x0000000087200000, 0x0000000087200000, 0x0000000087300000|  0%| F|  |TAMS 0x0000000087200000, 0x0000000087200000| Untracked 
|  93|0x0000000087300000, 0x0000000087300000, 0x0000000087400000|  0%| F|  |TAMS 0x0000000087300000, 0x0000000087300000| Untracked 
|  94|0x0000000087400000, 0x0000000087400000, 0x0000000087500000|  0%| F|  |TAMS 0x0000000087400000, 0x0000000087400000| Untracked 
|  95|0x0000000087500000, 0x0000000087500000, 0x0000000087600000|  0%| F|  |TAMS 0x0000000087500000, 0x0000000087500000| Untracked 
|  96|0x0000000087600000, 0x0000000087600000, 0x0000000087700000|  0%| F|  |TAMS 0x0000000087600000, 0x0000000087600000| Untracked 
|  97|0x0000000087700000, 0x0000000087700000, 0x0000000087800000|  0%| F|  |TAMS 0x0000000087700000, 0x0000000087700000| Untracked 
|  98|0x0000000087800000, 0x0000000087800000, 0x0000000087900000|  0%| F|  |TAMS 0x0000000087800000, 0x0000000087800000| Untracked 
|  99|0x0000000087900000, 0x0000000087900000, 0x0000000087a00000|  0%| F|  |TAMS 0x0000000087900000, 0x0000000087900000| Untracked 
| 100|0x0000000087a00000, 0x0000000087a00000, 0x0000000087b00000|  0%| F|  |TAMS 0x0000000087a00000, 0x0000000087a00000| Untracked 
| 101|0x0000000087b00000, 0x0000000087b00000, 0x0000000087c00000|  0%| F|  |TAMS 0x0000000087b00000, 0x0000000087b00000| Untracked 
| 102|0x0000000087c00000, 0x0000000087c00000, 0x0000000087d00000|  0%| F|  |TAMS 0x0000000087c00000, 0x0000000087c00000| Untracked 
| 103|0x0000000087d00000, 0x0000000087d00000, 0x0000000087e00000|  0%| F|  |TAMS 0x0000000087d00000, 0x0000000087d00000| Untracked 
| 104|0x0000000087e00000, 0x0000000087e00000, 0x0000000087f00000|  0%| F|  |TAMS 0x0000000087e00000, 0x0000000087e00000| Untracked 
| 105|0x0000000087f00000, 0x0000000087f00000, 0x0000000088000000|  0%| F|  |TAMS 0x0000000087f00000, 0x0000000087f00000| Untracked 
| 106|0x0000000088000000, 0x0000000088000000, 0x0000000088100000|  0%| F|  |TAMS 0x0000000088000000, 0x0000000088000000| Untracked 
| 107|0x0000000088100000, 0x0000000088100000, 0x0000000088200000|  0%| F|  |TAMS 0x0000000088100000, 0x0000000088100000| Untracked 
| 108|0x0000000088200000, 0x0000000088200000, 0x0000000088300000|  0%| F|  |TAMS 0x0000000088200000, 0x0000000088200000| Untracked 
| 109|0x0000000088300000, 0x0000000088300000, 0x0000000088400000|  0%| F|  |TAMS 0x0000000088300000, 0x0000000088300000| Untracked 
| 110|0x0000000088400000, 0x0000000088400000, 0x0000000088500000|  0%| F|  |TAMS 0x0000000088400000, 0x0000000088400000| Untracked 
| 111|0x0000000088500000, 0x0000000088500000, 0x0000000088600000|  0%| F|  |TAMS 0x0000000088500000, 0x0000000088500000| Untracked 
| 112|0x0000000088600000, 0x0000000088600000, 0x0000000088700000|  0%| F|  |TAMS 0x0000000088600000, 0x0000000088600000| Untracked 
| 113|0x0000000088700000, 0x0000000088700000, 0x0000000088800000|  0%| F|  |TAMS 0x0000000088700000, 0x0000000088700000| Untracked 
| 114|0x0000000088800000, 0x0000000088800000, 0x0000000088900000|  0%| F|  |TAMS 0x0000000088800000, 0x0000000088800000| Untracked 
| 115|0x0000000088900000, 0x0000000088900000, 0x0000000088a00000|  0%| F|  |TAMS 0x0000000088900000, 0x0000000088900000| Untracked 
| 116|0x0000000088a00000, 0x0000000088a00000, 0x0000000088b00000|  0%| F|  |TAMS 0x0000000088a00000, 0x0000000088a00000| Untracked 
| 117|0x0000000088b00000, 0x0000000088b00000, 0x0000000088c00000|  0%| F|  |TAMS 0x0000000088b00000, 0x0000000088b00000| Untracked 
| 118|0x0000000088c00000, 0x0000000088c00000, 0x0000000088d00000|  0%| F|  |TAMS 0x0000000088c00000, 0x0000000088c00000| Untracked 
| 119|0x0000000088d00000, 0x0000000088d00000, 0x0000000088e00000|  0%| F|  |TAMS 0x0000000088d00000, 0x0000000088d00000| Untracked 
| 120|0x0000000088e00000, 0x0000000088e00000, 0x0000000088f00000|  0%| F|  |TAMS 0x0000000088e00000, 0x0000000088e00000| Untracked 
| 121|0x0000000088f00000, 0x0000000088f00000, 0x0000000089000000|  0%| F|  |TAMS 0x0000000088f00000, 0x0000000088f00000| Untracked 
| 122|0x0000000089000000, 0x0000000089000000, 0x0000000089100000|  0%| F|  |TAMS 0x0000000089000000, 0x0000000089000000| Untracked 
| 123|0x0000000089100000, 0x0000000089100000, 0x0000000089200000|  0%| F|  |TAMS 0x0000000089100000, 0x0000000089100000| Untracked 
| 124|0x0000000089200000, 0x00000000892f6478, 0x0000000089300000| 96%| E|  |TAMS 0x0000000089200000, 0x0000000089200000| Complete 
| 125|0x0000000089300000, 0x0000000089400000, 0x0000000089400000|100%| E|CS|TAMS 0x0000000089300000, 0x0000000089300000| Complete 
| 126|0x0000000089400000, 0x0000000089500000, 0x0000000089500000|100%| E|CS|TAMS 0x0000000089400000, 0x0000000089400000| Complete 
| 127|0x0000000089500000, 0x0000000089600000, 0x0000000089600000|100%| E|CS|TAMS 0x0000000089500000, 0x0000000089500000| Complete 

Card table byte_map: [0x000000001c610000,0x000000001ca10000] _byte_map_base: 0x000000001c205000

Marking Bits (Prev, Next): (CMBitMap*) 0x00000000004c06b8, (CMBitMap*) 0x00000000004c06f0
 Prev Bits: [0x000000001ce10000, 0x000000001edb8000)
 Next Bits: [0x000000001edc0000, 0x0000000020d68000)

Polling page: 0x0000000000140000

Metaspace:

Usage:
  Non-class:      6.38 MB capacity,     6.30 MB ( 99%) used,    69.82 KB (  1%) free+waste,     4.88 KB ( <1%) overhead. 
      Class:    641.00 KB capacity,   626.59 KB ( 98%) used,    12.22 KB (  2%) free+waste,     2.19 KB ( <1%) overhead. 
       Both:      7.00 MB capacity,     6.91 MB ( 99%) used,    82.04 KB (  1%) free+waste,     7.06 KB ( <1%) overhead. 

Virtual space:
  Non-class space:        8.00 MB reserved,       6.50 MB ( 81%) committed 
      Class space:        1.00 GB reserved,     768.00 KB ( <1%) committed 
             Both:        1.01 GB reserved,       7.25 MB ( <1%) committed 

Chunk freelists:
   Non-Class:  0 bytes
       Class:  31.00 KB
        Both:  31.00 KB

MaxMetaspaceSize: 17179869184.00 GB
CompressedClassSpaceSize: 1.00 GB

CodeHeap 'non-profiled nmethods': size=120000Kb used=69Kb max_used=69Kb free=119930Kb
 bounds [0x0000000014430000, 0x00000000146a0000, 0x000000001b960000]
CodeHeap 'profiled nmethods': size=120000Kb used=380Kb max_used=380Kb free=119619Kb
 bounds [0x000000000cf00000, 0x000000000d170000, 0x0000000014430000]
CodeHeap 'non-nmethods': size=5760Kb used=1064Kb max_used=1074Kb free=4695Kb
 bounds [0x000000000c960000, 0x000000000cbd0000, 0x000000000cf00000]
 total_blobs=652 nmethods=282 adapters=282
 compilation: enabled
              stopped_count=0, restarted_count=0
 full_count=0

Compilation events (20 events):
Event: 13.261 Thread 0x0000000064661000  274       3       java.util.HashMap$HashIterator::hasNext (13 bytes)
Event: 13.261 Thread 0x0000000064661000 nmethod 274 0x000000000cf5b710 code [0x000000000cf5b8c0, 0x000000000cf5ba18]
Event: 13.261 Thread 0x0000000064661000  275       3       java.util.Collections$UnmodifiableCollection$1::hasNext (10 bytes)
Event: 13.261 Thread 0x0000000064661000 nmethod 275 0x000000000cf5ba90 code [0x000000000cf5bc40, 0x000000000cf5be08]
Event: 13.261 Thread 0x0000000064661000  272       3       java.util.Collections$UnmodifiableCollection$1::next (10 bytes)
Event: 13.262 Thread 0x0000000064661000 nmethod 272 0x000000000cf5bf10 code [0x000000000cf5c0c0, 0x000000000cf5c288]
Event: 29.729 Thread 0x0000000064661000  276       3       java.lang.StringUTF16::length (5 bytes)
Event: 29.729 Thread 0x0000000064661000 nmethod 276 0x000000000cf5c390 code [0x000000000cf5c540, 0x000000000cf5c638]
Event: 29.730 Thread 0x0000000064661000  277       3       java.lang.String::checkBoundsBeginEnd (60 bytes)
Event: 29.731 Thread 0x0000000064661000 nmethod 277 0x000000000cf5c710 code [0x000000000cf5c9e0, 0x000000000cf5d518]
Event: 34.489 Thread 0x0000000064661000  279       3       java.nio.Buffer::limit (65 bytes)
Event: 34.489 Thread 0x0000000064661000 nmethod 279 0x000000000cf5d990 code [0x000000000cf5db60, 0x000000000cf5de08]
Event: 34.489 Thread 0x0000000064661000  278       3       java.lang.String::isEmpty (14 bytes)
Event: 34.489 Thread 0x0000000064661000 nmethod 278 0x000000000cf5df10 code [0x000000000cf5e0c0, 0x000000000cf5e218]
Event: 34.489 Thread 0x0000000064661000  281       3       java.lang.StringLatin1::inflate (34 bytes)
Event: 34.489 Thread 0x0000000064661000 nmethod 281 0x000000000cf5e310 code [0x000000000cf5e4e0, 0x000000000cf5e6d8]
Event: 34.489 Thread 0x0000000064661000  280       3       java.nio.ByteBuffer::arrayOffset (35 bytes)
Event: 34.489 Thread 0x0000000064661000 nmethod 280 0x000000000cf5e890 code [0x000000000cf5ea60, 0x000000000cf5ecd8]
Event: 91.457 Thread 0x0000000064661000  282       3       java.nio.CharBuffer::arrayOffset (35 bytes)
Event: 91.457 Thread 0x0000000064661000 nmethod 282 0x000000000cf5ee10 code [0x000000000cf5efe0, 0x000000000cf5f258]

GC Heap History (0 events):
No events

Deoptimization events (4 events):
Event: 0.091 Thread 0x000000000047b800 Uncommon trap: trap_request=0xffffff4d fr.pc=0x0000000014432e8c relative=0x00000000000001ec
Event: 0.091 Thread 0x000000000047b800 Uncommon trap: reason=unstable_if action=reinterpret pc=0x0000000014432e8c method=java.lang.String.hashCode()I @ 14 c2
Event: 0.091 Thread 0x000000000047b800 DEOPT PACKING pc=0x0000000014432e8c sp=0x00000000024dd2f0
Event: 0.091 Thread 0x000000000047b800 DEOPT UNPACKING pc=0x000000000c9873af sp=0x00000000024dd288 mode 2

Classes redefined (0 events):
No events

Internal exceptions (4 events):
Event: 3.805 Thread 0x0000000065647000 Exception <a 'java/lang/NoSuchMethodError'{0x00000000893a4d10}: 'java.lang.Object java.lang.invoke.DirectMethodHandle$Holder.invokeStaticInit(java.lang.Object, int, int, int, int)'> (0x00000000893a4d10) thrown at [./src/hotspot/share/interpreter/linkResolver.cpp, line 773]
Event: 3.944 Thread 0x0000000065647000 Exception <a 'java/lang/NoSuchMethodError'{0x00000000893bb560}: 'java.lang.Object java.lang.invoke.DirectMethodHandle$Holder.invokeStaticInit(java.lang.Object, java.lang.Object, int, int, int, int)'> (0x00000000893bb560) thrown at [./src/hotspot/share/interpreter/linkResolver.cpp, line 773]
Event: 34.488 Thread 0x0000000065e63800 Exception <a 'sun/net/ConnectionResetException'{0x0000000089200a30}: > (0x0000000089200a30) thrown at [./src/hotspot/share/prims/jni.cpp, line 636]
Event: 34.488 Thread 0x0000000065647000 Exception <a 'sun/net/ConnectionResetException'{0x00000000893dca48}: > (0x00000000893dca48) thrown at [./src/hotspot/share/prims/jni.cpp, line 636]

Events (20 events):
Event: 29.729 Thread 0x0000000065e63800 Thread added: 0x0000000065e63800
Event: 29.730 Executing VM operation: RevokeBias
Event: 29.730 Executing VM operation: RevokeBias done
Event: 34.488 loading class sun/net/ConnectionResetException
Event: 34.488 loading class java/net/SocketException
Event: 34.488 loading class java/net/SocketException done
Event: 34.488 loading class sun/net/ConnectionResetException done
Event: 34.489 Executing VM operation: RevokeBias
Event: 34.489 Executing VM operation: RevokeBias done
Event: 34.489 Thread 0x0000000065e63800 Thread exited: 0x0000000065e63800
Event: 34.489 loading class java/util/IdentityHashMap$KeyIterator
Event: 34.489 loading class java/util/IdentityHashMap$IdentityHashMapIterator
Event: 34.489 loading class java/util/IdentityHashMap$IdentityHashMapIterator done
Event: 34.489 loading class java/util/IdentityHashMap$KeyIterator done
Event: 34.489 Executing VM operation: RevokeBias
Event: 34.489 Executing VM operation: RevokeBias done
Event: 34.489 Thread 0x0000000065647000 Thread exited: 0x0000000065647000
Event: 91.449 Thread 0x0000000065647000 Thread added: 0x0000000065647000
Event: 91.449 Executing VM operation: RevokeBias
Event: 91.449 Executing VM operation: RevokeBias done


Dynamic libraries:
0x000000013fe90000 - 0x000000013fe9d000 	C:\Program Files\BellSoft\LibericaJDK-11-Full\bin\javaw.exe
0x0000000077710000 - 0x00000000778af000 	C:\Windows\SYSTEM32\ntdll.dll
0x00000000775f0000 - 0x000000007770f000 	C:\Windows\system32\kernel32.dll
0x000007fefd2e0000 - 0x000007fefd347000 	C:\Windows\system32\KERNELBASE.dll
0x0000000074f50000 - 0x0000000074fd8000 	C:\Windows\System32\SYSFER.DLL
0x000007feec320000 - 0x000007feec337000 	C:\Program Files\BellSoft\LibericaJDK-11-Full\bin\jli.dll
0x000007fefbc20000 - 0x000007fefbe15000 	C:\Windows\WinSxS\amd64_microsoft.windows.common-controls_6595b64144ccf1df_6.0.7601.24483_none_e372d88f30fbb845\COMCTL32.dll
0x000007fefe590000 - 0x000007fefe62f000 	C:\Windows\system32\msvcrt.dll
0x000007fefd830000 - 0x000007fefd897000 	C:\Windows\system32\GDI32.dll
0x00000000774f0000 - 0x00000000775eb000 	C:\Windows\system32\USER32.dll
0x000007feff9c0000 - 0x000007feff9ce000 	C:\Windows\system32\LPK.dll
0x000007fefdca0000 - 0x000007fefdd6b000 	C:\Windows\system32\USP10.dll
0x000007fefe6d0000 - 0x000007fefe741000 	C:\Windows\system32\SHLWAPI.dll
0x000007fef6ce0000 - 0x000007fef6cf5000 	C:\Program Files\BellSoft\LibericaJDK-11-Full\bin\VCRUNTIME140.dll
0x000007fef6b70000 - 0x000007fef6b74000 	C:\Program Files\BellSoft\LibericaJDK-11-Full\bin\api-ms-win-crt-runtime-l1-1-0.dll
0x000007fee8810000 - 0x000007fee890c000 	C:\Program Files\BellSoft\LibericaJDK-11-Full\bin\ucrtbase.DLL
0x000007fefae80000 - 0x000007fefae83000 	C:\Program Files\BellSoft\LibericaJDK-11-Full\bin\api-ms-win-core-localization-l1-2-0.dll
0x000007feec310000 - 0x000007feec313000 	C:\Program Files\BellSoft\LibericaJDK-11-Full\bin\api-ms-win-core-processthreads-l1-1-1.dll
0x000007feeedd0000 - 0x000007feeedd3000 	C:\Program Files\BellSoft\LibericaJDK-11-Full\bin\api-ms-win-core-file-l1-2-0.dll
0x000007feec1b0000 - 0x000007feec1b3000 	C:\Program Files\BellSoft\LibericaJDK-11-Full\bin\api-ms-win-core-timezone-l1-1-0.dll
0x000007feec1a0000 - 0x000007feec1a3000 	C:\Program Files\BellSoft\LibericaJDK-11-Full\bin\api-ms-win-core-file-l2-1-0.dll
0x000007feec190000 - 0x000007feec193000 	C:\Program Files\BellSoft\LibericaJDK-11-Full\bin\api-ms-win-core-synch-l1-2-0.dll
0x000007feec160000 - 0x000007feec163000 	C:\Program Files\BellSoft\LibericaJDK-11-Full\bin\api-ms-win-crt-heap-l1-1-0.dll
0x000007feec140000 - 0x000007feec144000 	C:\Program Files\BellSoft\LibericaJDK-11-Full\bin\api-ms-win-crt-string-l1-1-0.dll
0x000007feec150000 - 0x000007feec154000 	C:\Program Files\BellSoft\LibericaJDK-11-Full\bin\api-ms-win-crt-stdio-l1-1-0.dll
0x000007feec130000 - 0x000007feec134000 	C:\Program Files\BellSoft\LibericaJDK-11-Full\bin\api-ms-win-crt-convert-l1-1-0.dll
0x000007feec120000 - 0x000007feec123000 	C:\Program Files\BellSoft\LibericaJDK-11-Full\bin\api-ms-win-crt-environment-l1-1-0.dll
0x000007feebf30000 - 0x000007feebf33000 	C:\Program Files\BellSoft\LibericaJDK-11-Full\bin\api-ms-win-crt-filesystem-l1-1-0.dll
0x000007feebf10000 - 0x000007feebf15000 	C:\Program Files\BellSoft\LibericaJDK-11-Full\bin\api-ms-win-crt-math-l1-1-0.dll
0x000007feebf20000 - 0x000007feebf23000 	C:\Program Files\BellSoft\LibericaJDK-11-Full\bin\api-ms-win-crt-locale-l1-1-0.dll
0x000007feff9d0000 - 0x000007feff9fe000 	C:\Windows\system32\IMM32.DLL
0x000007fefeb20000 - 0x000007fefec2b000 	C:\Windows\system32\MSCTF.dll
0x000007feeb3e0000 - 0x000007feeb47b000 	C:\Program Files\BellSoft\LibericaJDK-11-Full\bin\msvcp140.dll
0x000007feebef0000 - 0x000007feebef3000 	C:\Program Files\BellSoft\LibericaJDK-11-Full\bin\api-ms-win-crt-time-l1-1-0.dll
0x000007feebf00000 - 0x000007feebf03000 	C:\Program Files\BellSoft\LibericaJDK-11-Full\bin\api-ms-win-crt-utility-l1-1-0.dll
0x000007fed6900000 - 0x000007fed7444000 	C:\Program Files\BellSoft\LibericaJDK-11-Full\bin\server\jvm.dll
0x000007fefe9a0000 - 0x000007fefea7b000 	C:\Windows\system32\ADVAPI32.dll
0x000007fefea80000 - 0x000007fefea9f000 	C:\Windows\SYSTEM32\sechost.dll
0x000007fefdb70000 - 0x000007fefdc9c000 	C:\Windows\system32\RPCRT4.dll
0x000007fefa1a0000 - 0x000007fefa1a9000 	C:\Windows\system32\WSOCK32.dll
0x000007fefe950000 - 0x000007fefe99d000 	C:\Windows\system32\WS2_32.dll
0x000007fefd800000 - 0x000007fefd808000 	C:\Windows\system32\NSI.dll
0x000007fef32a0000 - 0x000007fef32db000 	C:\Windows\system32\WINMM.dll
0x000007fefc4b0000 - 0x000007fefc4bc000 	C:\Windows\system32\VERSION.dll
0x00000000778b0000 - 0x00000000778b7000 	C:\Windows\system32\PSAPI.DLL
0x000007feebed0000 - 0x000007feebee0000 	C:\Program Files\BellSoft\LibericaJDK-11-Full\bin\verify.dll
0x000007fef44c0000 - 0x000007fef45e5000 	C:\Windows\system32\DBGHELP.DLL
0x000007feebea0000 - 0x000007feebec8000 	C:\Program Files\BellSoft\LibericaJDK-11-Full\bin\java.dll
0x000007feebee0000 - 0x000007feebeea000 	C:\Program Files\BellSoft\LibericaJDK-11-Full\bin\jimage.dll
0x000007feeb3c0000 - 0x000007feeb3d7000 	C:\Program Files\BellSoft\LibericaJDK-11-Full\bin\zip.dll
0x000007fefec30000 - 0x000007feff9bb000 	C:\Windows\system32\SHELL32.dll
0x000007fefe750000 - 0x000007fefe94f000 	C:\Windows\system32\ole32.dll
0x000007fefd260000 - 0x000007fefd26f000 	C:\Windows\system32\profapi.dll
0x000007feebe80000 - 0x000007feebe99000 	C:\Program Files\BellSoft\LibericaJDK-11-Full\bin\net.dll
0x000007fef9da0000 - 0x000007fef9e11000 	C:\Windows\system32\WINHTTP.dll
0x000007fef9d30000 - 0x000007fef9d95000 	C:\Windows\system32\webio.dll
0x000007fefc9a0000 - 0x000007fefc9f5000 	C:\Windows\system32\mswsock.dll
0x000007fefc990000 - 0x000007fefc997000 	C:\Windows\System32\wship6.dll
0x000007fee87f0000 - 0x000007fee8802000 	C:\Program Files\BellSoft\LibericaJDK-11-Full\bin\nio.dll
0x000007fefca00000 - 0x000007fefca18000 	C:\Windows\system32\CRYPTSP.dll
0x000007fefc700000 - 0x000007fefc747000 	C:\Windows\system32\rsaenh.dll
0x000007fefd2a0000 - 0x000007fefd2bf000 	C:\Windows\system32\USERENV.dll
0x000007fefd0c0000 - 0x000007fefd0cf000 	C:\Windows\system32\CRYPTBASE.dll
0x000007fefabe0000 - 0x000007fefac07000 	C:\Windows\system32\IPHLPAPI.DLL
0x000007fefabd0000 - 0x000007fefabdb000 	C:\Windows\system32\WINNSI.DLL
0x000007fefaa50000 - 0x000007fefaa61000 	C:\Windows\system32\dhcpcsvc6.DLL
0x000007fefaa30000 - 0x000007fefaa48000 	C:\Windows\system32\dhcpcsvc.DLL
0x000007fee4f00000 - 0x000007fee4f34000 	C:\Users\190441091\AppData\Local\Temp\VE026A_JNI10407614379275015254.dll
0x000007fed75f0000 - 0x000007fed8074000 	C:\Windows\system32\mfc120ud.dll
0x000007fed66e0000 - 0x000007fed68f1000 	C:\Windows\system32\MSVCR120D.dll
0x000007fefd900000 - 0x000007fefd9db000 	C:\Windows\system32\OLEAUT32.dll
0x000007fefb850000 - 0x000007fefb8a6000 	C:\Windows\system32\UxTheme.dll
0x000007fefe630000 - 0x000007fefe6c9000 	C:\Windows\system32\CLBCatQ.DLL
0x000007fefd1b0000 - 0x000007fefd1c4000 	C:\Windows\system32\RpcRtRemote.dll
0x000007fefd110000 - 0x000007fefd1a1000 	C:\Windows\system32\SXS.DLL

dbghelp: loaded successfully - version: 4.0.5 - missing functions: none
symbol engine: initialized successfully - sym options: 0x614 - pdb path: .;C:\Program Files\BellSoft\LibericaJDK-11-Full\bin;C:\Windows\SYSTEM32;C:\Windows\WinSxS\amd64_microsoft.windows.common-controls_6595b64144ccf1df_6.0.7601.24483_none_e372d88f30fbb845;C:\Program Files\BellSoft\LibericaJDK-11-Full\bin\server;C:\Users\190441091\AppData\Local\Temp

VM Arguments:
jvm_args: -Dfile.encoding=UTF-8 
java_command: ieexp3.id190441091.BasicTask4Server 1234
java_class_path (initial): E:\ieexp3\new\workspace\IEExp3-Step4\bin;E:\ieexp3\new\workspace\VE026A_JNI\lib\VE026A_JNI.jar
Launcher Type: SUN_STANDARD

[Global flags]
     intx CICompilerCount                          = 4                                         {product} {ergonomic}
     uint ConcGCThreads                            = 2                                         {product} {ergonomic}
     uint G1ConcRefinementThreads                  = 8                                         {product} {ergonomic}
   size_t G1HeapRegionSize                         = 1048576                                   {product} {ergonomic}
    uintx GCDrainStackTargetSize                   = 64                                        {product} {ergonomic}
   size_t InitialHeapSize                          = 134217728                                 {product} {ergonomic}
   size_t MarkStackSize                            = 4194304                                   {product} {ergonomic}
   size_t MaxHeapSize                              = 2124414976                                {product} {ergonomic}
   size_t MaxNewSize                               = 1274019840                                {product} {ergonomic}
   size_t MinHeapDeltaBytes                        = 1048576                                   {product} {ergonomic}
    uintx NonNMethodCodeHeapSize                   = 5836300                                {pd product} {ergonomic}
    uintx NonProfiledCodeHeapSize                  = 122910970                              {pd product} {ergonomic}
    uintx ProfiledCodeHeapSize                     = 122910970                              {pd product} {ergonomic}
    uintx ReservedCodeCacheSize                    = 251658240                              {pd product} {ergonomic}
     bool SegmentedCodeCache                       = true                                      {product} {ergonomic}
     bool UseCompressedClassPointers               = true                                 {lp64_product} {ergonomic}
     bool UseCompressedOops                        = true                                 {lp64_product} {ergonomic}
     bool UseG1GC                                  = true                                      {product} {ergonomic}
     bool UseLargePagesIndividualAllocation        = false                                  {pd product} {ergonomic}

Logging:
Log output configuration:
 #0: stdout all=warning uptime,level,tags
 #1: stderr all=off uptime,level,tags

Environment Variables:
JAVA_HOME=C:\Program Files\BellSoft\LibericaJDK-11-Full\
PATH=C:/eclipse//plugins/org.eclipse.justj.openjdk.hotspot.jre.full.win32.x86_64_15.0.1.v20201027-0507/jre/bin/server;C:/eclipse//plugins/org.eclipse.justj.openjdk.hotspot.jre.full.win32.x86_64_15.0.1.v20201027-0507/jre/bin;C:\Program Files\BellSoft\LibericaJDK-11-Full\bin\;C:\Windows\system32;C:\Windows;C:\Windows\System32\Wbem;C:\Windows\System32\WindowsPowerShell\v1.0\;C:\Android\Sdk\tools;C:\Android\Sdk\platform-tools;C:\opencv\bin;C:\vim81;C:\Program Files (x86)\nkf;C:\Windows\System32\WindowsPowerShell\v1.0\;C:\Program Files (x86)\Microsoft SDKs\TypeScript\1.0\;C:\Program Files\Microsoft SQL Server\120\Tools\Binn\;C:\Program Files (x86)\iis express\PHP\v5.3;C:\Program Files\Microsoft\Web Platform Installer\;C:\Program Files (x86)\Intel\OpenCL SDK\3.0\bin\x86;C:\Program Files (x86)\Intel\OpenCL SDK\3.0\bin\x64;C:\Program Files (x86)\Intel\UCRT\;C:\Program Files\Intel\UCRT\;C:\Program Files (x86)\Intel\Intel(R) Management Engine Components\DAL;C:\Program Files\Intel\Intel(R) Management Engine Components\DAL;C:\Program Files (x86)\Intel\Intel(R) Management Engine Components\IPT;C:\Program Files\Intel\Intel(R) Management Engine Components\IPT;C:\Program Files (x86)\Intel\iCLS Client\;C:\Program Files\Intel\iCLS Client\;C:\VSCode-win32-x64;C:\kawa;C:\Program Files\nodejs\;C:\Program Files\Microsoft SQL Server\130\Tools\Binn\;C:\Program Files\Git\cmd;C:\texlive\2020\bin\win32;C:\eclipse;
USERNAME=190441091
OS=Windows_NT
PROCESSOR_IDENTIFIER=Intel64 Family 6 Model 60 Stepping 3, GenuineIntel



---------------  S Y S T E M  ---------------

OS: Windows 7 , 64 bit Build 7601 (6.1.7601.24545)
OS uptime: 0 days 1:25 hours

CPU:total 8 (initial active 8) (4 cores per cpu, 2 threads per core) family 6 model 60 stepping 3, cmov, cx8, fxsr, mmx, sse, sse2, sse3, ssse3, sse4.1, sse4.2, popcnt, avx, avx2, aes, clmul, erms, lzcnt, ht, tsc, tscinvbit, bmi1, bmi2, fma

Memory: 4k page, system-wide physical 8100M (2722M free)
TotalPageFile size 16198M (AvailPageFile size 10515M)
current process WorkingSet (physical memory assigned to process): 42M, peak: 44M
current process commit charge ("private bytes"): 217M, peak: 218M

vm_info: OpenJDK 64-Bit Server VM (11.0.9.1+1-LTS) for windows-amd64 JRE (11.0.9.1+1-LTS), built on Nov  2 2020 11:54:37 by "" with MS VC++ 15.9 (VS2017)

END.
