#
# A fatal error has been detected by the Java Runtime Environment:
#
#  EXCEPTION_ACCESS_VIOLATION (0xc0000005) at pc=0x000007fefe77a13a, pid=6576, tid=5456
#
# JRE version: OpenJDK Runtime Environment (11.0.9.1+1) (build 11.0.9.1+1-LTS)
# Java VM: OpenJDK 64-Bit Server VM (11.0.9.1+1-LTS, mixed mode, tiered, compressed oops, g1 gc, windows-amd64)
# Problematic frame:
# C  [ole32.dll+0x2a13a]
#
# No core dump will be written. Minidumps are not enabled by default on client versions of Windows
#
# If you would like to submit a bug report, please visit:
#   https://bugreport.java.com/bugreport/crash.jsp
# The crash happened outside the Java Virtual Machine in native code.
# See problematic frame for where to report the bug.
#

---------------  S U M M A R Y ------------

Command Line: -Dfile.encoding=UTF-8 ieexp3.id190441091.BasicTask4Server 1234

Host: Intel(R) Core(TM) i7-4770 CPU @ 3.40GHz, 8 cores, 7G,  Windows 7 , 64 bit Build 7601 (6.1.7601.24545)
Time: Wed May 26 13:52:19 2021 ???? (?W?€??) elapsed time: 1849.810746 seconds (0d 0h 30m 49s)

---------------  T H R E A D  ---------------

Current thread (0x0000000065421000):  JavaThread "Thread-2" [_thread_in_native, id=5456, stack(0x0000000066a60000,0x0000000066b60000)]

Stack: [0x0000000066a60000,0x0000000066b60000],  sp=0x0000000066b5f320,  free space=1020k
Native frames: (J=compiled Java code, j=interpreted, Vv=VM code, C=native code)
C  [ole32.dll+0x2a13a]

Java frames: (J=compiled Java code, j=interpreted, Vv=VM code)
j  ieexp3.library.VE026A_JNI.CaoController_AddVariable(Ljava/lang/String;Ljava/lang/String;)I+0
j  ieexp3.library.CaoAPI.setControllerMode(J)V+31
j  ieexp3.id190441091.BasicTask4ServerTask.connect()V+31
j  ieexp3.id190441091.BasicTask4ServerTask.run()V+87
j  java.lang.Thread.run()V+11 java.base@11.0.9.1
v  ~StubRoutines::call_stub

siginfo: EXCEPTION_ACCESS_VIOLATION (0xc0000005), reading address 0xffffffffffffffff


Register to memory mapping:

RIP=0x000007fefe77a13a ole32.dll
RAX=0x000007fefe8f4fd0 ole32.dll
RBX=0x0000000065e6aa40 points into unknown readable memory: 0a 00 00 00 2c 00 0b 00
RCX=0x8003000300000afc is an unknown value
RDX=0x0000000000100009 points into unknown readable memory: 00 00 00 58 03 00 00
RSP=0x0000000066b5f320 is pointing into the stack for thread: 0x0000000065421000
RBP=0x0000000066b5f548 is pointing into the stack for thread: 0x0000000065421000
RSI=0x0 is NULL
RDI=0x0000000065452be8 points into unknown readable memory: d0 4f 8f fe fe 07 00 00
R8 =0x0000000000000d44 is an unknown value
R9 =0x000007fefe8d5428 ole32.dll
R10=0x0000000065452d08 points into unknown readable memory: 01 00 00 80 09 21 00 00
R11=0x0000000000000001 is an unknown value
R12=0x0000000000000001 is an unknown value
R13={method} {0x00000000642441a0} 'CaoController_AddVariable' '(Ljava/lang/String;Ljava/lang/String;)I' in 'ieexp3/library/VE026A_JNI'
R14=0x0 is NULL
R15=0x000007fefe8f5018 ole32.dll


Registers:
RAX=0x000007fefe8f4fd0, RBX=0x0000000065e6aa40, RCX=0x8003000300000afc, RDX=0x0000000000100009
RSP=0x0000000066b5f320, RBP=0x0000000066b5f548, RSI=0x0000000000000000, RDI=0x0000000065452be8
R8 =0x0000000000000d44, R9 =0x000007fefe8d5428, R10=0x0000000065452d08, R11=0x0000000000000001
R12=0x0000000000000001, R13=0x0000000064244198, R14=0x0000000000000000, R15=0x000007fefe8f5018
RIP=0x000007fefe77a13a, EFLAGS=0x0000000000010286

Top of Stack: (sp=0x0000000066b5f320)
0x0000000066b5f320:   000000000c7b9aa0 00000000895372c0
0x0000000066b5f330:   0000000066b5f330 0000000063f8f68f
0x0000000066b5f340:   0000000066b5f578 0000000064244198
0x0000000066b5f350:   0000000000000001 0000000065452be0
0x0000000066b5f360:   0000000000000000 000007fefe7741f8
0x0000000066b5f370:   0000000065421000 0000000065452be8
0x0000000066b5f380:   0000000066b5f548 0000000000000001
0x0000000066b5f390:   0000000065421720 000007fefe790498
0x0000000066b5f3a0:   0000000000000000 0000000065421720
0x0000000066b5f3b0:   0000000066b5f548 0000000000000000
0x0000000066b5f3c0:   0000000000000000 0000000066b5f4b0
0x0000000066b5f3d0:   0000000000000002 000007fefe77419b
0x0000000066b5f3e0:   0000000065421720 0000000065452be0
0x0000000066b5f3f0:   0000000066b5f548 000000000c7b9d17
0x0000000066b5f400:   0000000066b5f4b0 000007fee4dc978b
0x0000000066b5f410:   0000000080000000 0000000065421720 

Instructions: (pc=0x000007fefe77a13a)
0x000007fefe77a03a:   ff ff 8b f8 89 44 24 30 ff 0d 84 8c 1a 00 48 8d
0x000007fefe77a04a:   0d 99 8c 1a 00 ff 15 cb 29 15 00 f6 46 08 01 74
0x000007fefe77a05a:   20 0f ba 66 08 15 72 19 85 ff 0f 88 be 38 01 00
0x000007fefe77a06a:   48 8b 46 18 f6 80 2c 01 00 00 10 0f 85 7d 38 01
0x000007fefe77a07a:   00 89 7c 24 38 48 8b 86 a0 00 00 00 48 85 c0 0f
0x000007fefe77a08a:   84 d0 08 fe ff 8b 48 28 81 e1 00 04 00 00 83 c8
0x000007fefe77a09a:   ff f0 0f c1 46 38 83 c0 ff 75 12 f6 46 08 02 0f
0x000007fefe77a0aa:   85 99 38 01 00 85 c9 0f 85 91 38 01 00 8b 5c 24
0x000007fefe77a0ba:   30 85 ff 0f 88 b6 38 01 00 85 ff 78 0f e8 6c c2
0x000007fefe77a0ca:   ff ff 85 c0 0f 85 d7 38 01 00 eb 00 83 7c 24 34
0x000007fefe77a0da:   00 0f 85 df 65 03 00 8b c3 48 8b 4c 24 58 48 33
0x000007fefe77a0ea:   cc e8 a0 80 ff ff 48 83 c4 60 41 5f 41 5e 41 5d
0x000007fefe77a0fa:   41 5c 5f 5e 5b c3 48 8b 5c 24 20 e9 4c 14 00 00
0x000007fefe77a10a:   49 8b 04 24 49 8b cc ff 50 10 90 e9 bc 60 01 00
0x000007fefe77a11a:   83 fe 02 0f 84 50 64 01 00 e9 50 64 01 00 48 8b
0x000007fefe77a12a:   4b 48 48 85 c9 0f 84 cd a0 ff ff e9 62 35 02 00
0x000007fefe77a13a:   48 8b 01 ff 50 10 4c 89 73 20 8b 6b 4c 03 6b 48
0x000007fefe77a14a:   b8 c9 42 16 b2 03 6b 44 03 6b 40 f7 e5 c1 ea 04
0x000007fefe77a15a:   6b d2 17 2b ea 44 38 35 e2 8f 1a 00 0f 84 d0 69
0x000007fefe77a16a:   03 00 48 8d 0d f5 8f 1a 00 ff 15 9f 28 15 00 44
0x000007fefe77a17a:   8b 1d cc 8f 1a 00 41 ff c3 44 89 1d c2 8f 1a 00
0x000007fefe77a18a:   41 83 fb 01 0f 85 9e 6b 01 00 4c 89 3d bd 8f 1a
0x000007fefe77a19a:   00 c7 05 ab 8f 1a 00 f2 03 00 00 e9 88 6b 01 00
0x000007fefe77a1aa:   48 8b 05 0f 96 1a 00 48 8d 53 40 48 8d 0d 04 96
0x000007fefe77a1ba:   1a 00 44 8b cd 4c 8b c6 ff 50 20 85 c0 0f 85 94
0x000007fefe77a1ca:   6b 01 00 e9 39 6c 01 00 44 0f b7 07 66 45 85 c0
0x000007fefe77a1da:   0f 85 39 60 01 00 ff c6 48 83 c7 10 eb 00 3b f0
0x000007fefe77a1ea:   72 e6 48 8b 7c 24 40 e9 aa 5f 01 00 ba ff ff ff
0x000007fefe77a1fa:   ff 4c 89 ab a8 00 00 00 01 15 c4 8a 1a 00 48 8d
0x000007fefe77a20a:   0d d9 8a 1a 00 ff 15 0b 28 15 00 48 8b 7c 24 40
0x000007fefe77a21a:   48 85 ff 0f 85 6c 5f 01 00 e9 22 99 03 00 66 44
0x000007fefe77a22a:   03 f0 41 0f b7 c6 48 8b 0c c6 48 8b 01 ff 50 10 


Stack slot to memory mapping:
stack at sp + 0 slots: 0x000000000c7b9aa0 is at code_begin+1664 in an Interpreter codelet
invoke return entry points  [0x000000000c7b9420, 0x000000000c7b9e00]  2528 bytes
stack at sp + 1 slots: 0x00000000895372c0 is an oop: java.nio.HeapByteBuffer 
{0x00000000895372c0} - klass: 'java/nio/HeapByteBuffer'
stack at sp + 2 slots: 0x0000000066b5f330 is pointing into the stack for thread: 0x0000000065421000
stack at sp + 3 slots: 0x0000000063f8f68f is pointing into metadata
stack at sp + 4 slots: 0x0000000066b5f578 is pointing into the stack for thread: 0x0000000065421000
stack at sp + 5 slots: {method} {0x00000000642441a0} 'CaoController_AddVariable' '(Ljava/lang/String;Ljava/lang/String;)I' in 'ieexp3/library/VE026A_JNI'
stack at sp + 6 slots: 0x0000000000000001 is an unknown value
stack at sp + 7 slots: 0x0000000065452be0 points into unknown readable memory: 40 3f 8f fe fe 07 00 00


---------------  P R O C E S S  ---------------

Threads class SMR info:
_java_thread_list=0x0000000065e54f10, length=11, elements={
0x000000000039b800, 0x0000000064733000, 0x000000006472b800, 0x0000000064749800,
0x000000006474c800, 0x000000006474d800, 0x0000000064752000, 0x000000006475c800,
0x00000000653cd800, 0x0000000065415800, 0x0000000065421000
}

Java Threads: ( => current thread )
  0x000000000039b800 JavaThread "main" [_thread_in_native, id=6604, stack(0x0000000002200000,0x0000000002300000)]
  0x0000000064733000 JavaThread "Reference Handler" daemon [_thread_blocked, id=6632, stack(0x0000000064ac0000,0x0000000064bc0000)]
  0x000000006472b800 JavaThread "Finalizer" daemon [_thread_blocked, id=6636, stack(0x0000000064c60000,0x0000000064d60000)]
  0x0000000064749800 JavaThread "Signal Dispatcher" daemon [_thread_blocked, id=6640, stack(0x0000000064dc0000,0x0000000064ec0000)]
  0x000000006474c800 JavaThread "Attach Listener" daemon [_thread_blocked, id=6644, stack(0x0000000023b70000,0x0000000023c70000)]
  0x000000006474d800 JavaThread "C2 CompilerThread0" daemon [_thread_blocked, id=6648, stack(0x0000000064ec0000,0x0000000064fc0000)]
  0x0000000064752000 JavaThread "C1 CompilerThread0" daemon [_thread_blocked, id=6652, stack(0x00000000647b0000,0x00000000648b0000)]
  0x000000006475c800 JavaThread "Sweeper thread" daemon [_thread_blocked, id=6656, stack(0x0000000065160000,0x0000000065260000)]
  0x00000000653cd800 JavaThread "Service Thread" daemon [_thread_blocked, id=6660, stack(0x0000000065710000,0x0000000065810000)]
  0x0000000065415800 JavaThread "Common-Cleaner" daemon [_thread_blocked, id=6668, stack(0x0000000065a50000,0x0000000065b50000)]
=>0x0000000065421000 JavaThread "Thread-2" [_thread_in_native, id=5456, stack(0x0000000066a60000,0x0000000066b60000)]

Other Threads:
  0x00000000646e0000 VMThread "VM Thread" [stack: 0x0000000064920000,0x0000000064a20000] [id=6628]
  0x000000006540e800 WatcherThread [stack: 0x00000000658a0000,0x00000000659a0000] [id=6664]
  0x00000000003b4800 GCTaskThread "GC Thread#0" [stack: 0x000000001b9e0000,0x000000001bae0000] [id=6608]
  0x00000000003eb000 ConcurrentGCThread "G1 Main Marker" [stack: 0x0000000020ea0000,0x0000000020fa0000] [id=6612]
  0x00000000003ec800 ConcurrentGCThread "G1 Conc#0" [stack: 0x00000000210b0000,0x00000000211b0000] [id=6616]
  0x0000000021041800 ConcurrentGCThread "G1 Refine#0" [stack: 0x0000000023a70000,0x0000000023b70000] [id=6620]
  0x0000000021043800 ConcurrentGCThread "G1 Young RemSet Sampling" [stack: 0x0000000023ca0000,0x0000000023da0000] [id=6624]

Threads with active compile tasks:

VM state:not at safepoint (normal execution)

VM Mutex/Monitor currently owned by a thread: None

Heap address: 0x0000000081600000, size: 2026 MB, Compressed Oops mode: 32-bit
Narrow klass base: 0x0000000000000000, Narrow klass shift: 0
Compressed class space size: 1073741824 Address: 0x0000000023da0000

Heap:
 garbage-first heap   total 131072K, used 3072K [0x0000000081600000, 0x0000000100000000)
  region size 1024K, 4 young (4096K), 0 survivors (0K)
 Metaspace       used 7081K, capacity 7169K, committed 7424K, reserved 1056768K
  class space    used 626K, capacity 641K, committed 768K, reserved 1048576K
Heap Regions: E=young(eden), S=young(survivor), O=old, HS=humongous(starts), HC=humongous(continues), CS=collection set, F=free, A=archive, TAMS=top-at-mark-start (previous, next)
|   0|0x0000000081600000, 0x0000000081600000, 0x0000000081700000|  0%| F|  |TAMS 0x0000000081600000, 0x0000000081600000| Untracked 
|   1|0x0000000081700000, 0x0000000081700000, 0x0000000081800000|  0%| F|  |TAMS 0x0000000081700000, 0x0000000081700000| Untracked 
|   2|0x0000000081800000, 0x0000000081800000, 0x0000000081900000|  0%| F|  |TAMS 0x0000000081800000, 0x0000000081800000| Untracked 
|   3|0x0000000081900000, 0x0000000081900000, 0x0000000081a00000|  0%| F|  |TAMS 0x0000000081900000, 0x0000000081900000| Untracked 
|   4|0x0000000081a00000, 0x0000000081a00000, 0x0000000081b00000|  0%| F|  |TAMS 0x0000000081a00000, 0x0000000081a00000| Untracked 
|   5|0x0000000081b00000, 0x0000000081b00000, 0x0000000081c00000|  0%| F|  |TAMS 0x0000000081b00000, 0x0000000081b00000| Untracked 
|   6|0x0000000081c00000, 0x0000000081c00000, 0x0000000081d00000|  0%| F|  |TAMS 0x0000000081c00000, 0x0000000081c00000| Untracked 
|   7|0x0000000081d00000, 0x0000000081d00000, 0x0000000081e00000|  0%| F|  |TAMS 0x0000000081d00000, 0x0000000081d00000| Untracked 
|   8|0x0000000081e00000, 0x0000000081e00000, 0x0000000081f00000|  0%| F|  |TAMS 0x0000000081e00000, 0x0000000081e00000| Untracked 
|   9|0x0000000081f00000, 0x0000000081f00000, 0x0000000082000000|  0%| F|  |TAMS 0x0000000081f00000, 0x0000000081f00000| Untracked 
|  10|0x0000000082000000, 0x0000000082000000, 0x0000000082100000|  0%| F|  |TAMS 0x0000000082000000, 0x0000000082000000| Untracked 
|  11|0x0000000082100000, 0x0000000082100000, 0x0000000082200000|  0%| F|  |TAMS 0x0000000082100000, 0x0000000082100000| Untracked 
|  12|0x0000000082200000, 0x0000000082200000, 0x0000000082300000|  0%| F|  |TAMS 0x0000000082200000, 0x0000000082200000| Untracked 
|  13|0x0000000082300000, 0x0000000082300000, 0x0000000082400000|  0%| F|  |TAMS 0x0000000082300000, 0x0000000082300000| Untracked 
|  14|0x0000000082400000, 0x0000000082400000, 0x0000000082500000|  0%| F|  |TAMS 0x0000000082400000, 0x0000000082400000| Untracked 
|  15|0x0000000082500000, 0x0000000082500000, 0x0000000082600000|  0%| F|  |TAMS 0x0000000082500000, 0x0000000082500000| Untracked 
|  16|0x0000000082600000, 0x0000000082600000, 0x0000000082700000|  0%| F|  |TAMS 0x0000000082600000, 0x0000000082600000| Untracked 
|  17|0x0000000082700000, 0x0000000082700000, 0x0000000082800000|  0%| F|  |TAMS 0x0000000082700000, 0x0000000082700000| Untracked 
|  18|0x0000000082800000, 0x0000000082800000, 0x0000000082900000|  0%| F|  |TAMS 0x0000000082800000, 0x0000000082800000| Untracked 
|  19|0x0000000082900000, 0x0000000082900000, 0x0000000082a00000|  0%| F|  |TAMS 0x0000000082900000, 0x0000000082900000| Untracked 
|  20|0x0000000082a00000, 0x0000000082a00000, 0x0000000082b00000|  0%| F|  |TAMS 0x0000000082a00000, 0x0000000082a00000| Untracked 
|  21|0x0000000082b00000, 0x0000000082b00000, 0x0000000082c00000|  0%| F|  |TAMS 0x0000000082b00000, 0x0000000082b00000| Untracked 
|  22|0x0000000082c00000, 0x0000000082c00000, 0x0000000082d00000|  0%| F|  |TAMS 0x0000000082c00000, 0x0000000082c00000| Untracked 
|  23|0x0000000082d00000, 0x0000000082d00000, 0x0000000082e00000|  0%| F|  |TAMS 0x0000000082d00000, 0x0000000082d00000| Untracked 
|  24|0x0000000082e00000, 0x0000000082e00000, 0x0000000082f00000|  0%| F|  |TAMS 0x0000000082e00000, 0x0000000082e00000| Untracked 
|  25|0x0000000082f00000, 0x0000000082f00000, 0x0000000083000000|  0%| F|  |TAMS 0x0000000082f00000, 0x0000000082f00000| Untracked 
|  26|0x0000000083000000, 0x0000000083000000, 0x0000000083100000|  0%| F|  |TAMS 0x0000000083000000, 0x0000000083000000| Untracked 
|  27|0x0000000083100000, 0x0000000083100000, 0x0000000083200000|  0%| F|  |TAMS 0x0000000083100000, 0x0000000083100000| Untracked 
|  28|0x0000000083200000, 0x0000000083200000, 0x0000000083300000|  0%| F|  |TAMS 0x0000000083200000, 0x0000000083200000| Untracked 
|  29|0x0000000083300000, 0x0000000083300000, 0x0000000083400000|  0%| F|  |TAMS 0x0000000083300000, 0x0000000083300000| Untracked 
|  30|0x0000000083400000, 0x0000000083400000, 0x0000000083500000|  0%| F|  |TAMS 0x0000000083400000, 0x0000000083400000| Untracked 
|  31|0x0000000083500000, 0x0000000083500000, 0x0000000083600000|  0%| F|  |TAMS 0x0000000083500000, 0x0000000083500000| Untracked 
|  32|0x0000000083600000, 0x0000000083600000, 0x0000000083700000|  0%| F|  |TAMS 0x0000000083600000, 0x0000000083600000| Untracked 
|  33|0x0000000083700000, 0x0000000083700000, 0x0000000083800000|  0%| F|  |TAMS 0x0000000083700000, 0x0000000083700000| Untracked 
|  34|0x0000000083800000, 0x0000000083800000, 0x0000000083900000|  0%| F|  |TAMS 0x0000000083800000, 0x0000000083800000| Untracked 
|  35|0x0000000083900000, 0x0000000083900000, 0x0000000083a00000|  0%| F|  |TAMS 0x0000000083900000, 0x0000000083900000| Untracked 
|  36|0x0000000083a00000, 0x0000000083a00000, 0x0000000083b00000|  0%| F|  |TAMS 0x0000000083a00000, 0x0000000083a00000| Untracked 
|  37|0x0000000083b00000, 0x0000000083b00000, 0x0000000083c00000|  0%| F|  |TAMS 0x0000000083b00000, 0x0000000083b00000| Untracked 
|  38|0x0000000083c00000, 0x0000000083c00000, 0x0000000083d00000|  0%| F|  |TAMS 0x0000000083c00000, 0x0000000083c00000| Untracked 
|  39|0x0000000083d00000, 0x0000000083d00000, 0x0000000083e00000|  0%| F|  |TAMS 0x0000000083d00000, 0x0000000083d00000| Untracked 
|  40|0x0000000083e00000, 0x0000000083e00000, 0x0000000083f00000|  0%| F|  |TAMS 0x0000000083e00000, 0x0000000083e00000| Untracked 
|  41|0x0000000083f00000, 0x0000000083f00000, 0x0000000084000000|  0%| F|  |TAMS 0x0000000083f00000, 0x0000000083f00000| Untracked 
|  42|0x0000000084000000, 0x0000000084000000, 0x0000000084100000|  0%| F|  |TAMS 0x0000000084000000, 0x0000000084000000| Untracked 
|  43|0x0000000084100000, 0x0000000084100000, 0x0000000084200000|  0%| F|  |TAMS 0x0000000084100000, 0x0000000084100000| Untracked 
|  44|0x0000000084200000, 0x0000000084200000, 0x0000000084300000|  0%| F|  |TAMS 0x0000000084200000, 0x0000000084200000| Untracked 
|  45|0x0000000084300000, 0x0000000084300000, 0x0000000084400000|  0%| F|  |TAMS 0x0000000084300000, 0x0000000084300000| Untracked 
|  46|0x0000000084400000, 0x0000000084400000, 0x0000000084500000|  0%| F|  |TAMS 0x0000000084400000, 0x0000000084400000| Untracked 
|  47|0x0000000084500000, 0x0000000084500000, 0x0000000084600000|  0%| F|  |TAMS 0x0000000084500000, 0x0000000084500000| Untracked 
|  48|0x0000000084600000, 0x0000000084600000, 0x0000000084700000|  0%| F|  |TAMS 0x0000000084600000, 0x0000000084600000| Untracked 
|  49|0x0000000084700000, 0x0000000084700000, 0x0000000084800000|  0%| F|  |TAMS 0x0000000084700000, 0x0000000084700000| Untracked 
|  50|0x0000000084800000, 0x0000000084800000, 0x0000000084900000|  0%| F|  |TAMS 0x0000000084800000, 0x0000000084800000| Untracked 
|  51|0x0000000084900000, 0x0000000084900000, 0x0000000084a00000|  0%| F|  |TAMS 0x0000000084900000, 0x0000000084900000| Untracked 
|  52|0x0000000084a00000, 0x0000000084a00000, 0x0000000084b00000|  0%| F|  |TAMS 0x0000000084a00000, 0x0000000084a00000| Untracked 
|  53|0x0000000084b00000, 0x0000000084b00000, 0x0000000084c00000|  0%| F|  |TAMS 0x0000000084b00000, 0x0000000084b00000| Untracked 
|  54|0x0000000084c00000, 0x0000000084c00000, 0x0000000084d00000|  0%| F|  |TAMS 0x0000000084c00000, 0x0000000084c00000| Untracked 
|  55|0x0000000084d00000, 0x0000000084d00000, 0x0000000084e00000|  0%| F|  |TAMS 0x0000000084d00000, 0x0000000084d00000| Untracked 
|  56|0x0000000084e00000, 0x0000000084e00000, 0x0000000084f00000|  0%| F|  |TAMS 0x0000000084e00000, 0x0000000084e00000| Untracked 
|  57|0x0000000084f00000, 0x0000000084f00000, 0x0000000085000000|  0%| F|  |TAMS 0x0000000084f00000, 0x0000000084f00000| Untracked 
|  58|0x0000000085000000, 0x0000000085000000, 0x0000000085100000|  0%| F|  |TAMS 0x0000000085000000, 0x0000000085000000| Untracked 
|  59|0x0000000085100000, 0x0000000085100000, 0x0000000085200000|  0%| F|  |TAMS 0x0000000085100000, 0x0000000085100000| Untracked 
|  60|0x0000000085200000, 0x0000000085200000, 0x0000000085300000|  0%| F|  |TAMS 0x0000000085200000, 0x0000000085200000| Untracked 
|  61|0x0000000085300000, 0x0000000085300000, 0x0000000085400000|  0%| F|  |TAMS 0x0000000085300000, 0x0000000085300000| Untracked 
|  62|0x0000000085400000, 0x0000000085400000, 0x0000000085500000|  0%| F|  |TAMS 0x0000000085400000, 0x0000000085400000| Untracked 
|  63|0x0000000085500000, 0x0000000085500000, 0x0000000085600000|  0%| F|  |TAMS 0x0000000085500000, 0x0000000085500000| Untracked 
|  64|0x0000000085600000, 0x0000000085600000, 0x0000000085700000|  0%| F|  |TAMS 0x0000000085600000, 0x0000000085600000| Untracked 
|  65|0x0000000085700000, 0x0000000085700000, 0x0000000085800000|  0%| F|  |TAMS 0x0000000085700000, 0x0000000085700000| Untracked 
|  66|0x0000000085800000, 0x0000000085800000, 0x0000000085900000|  0%| F|  |TAMS 0x0000000085800000, 0x0000000085800000| Untracked 
|  67|0x0000000085900000, 0x0000000085900000, 0x0000000085a00000|  0%| F|  |TAMS 0x0000000085900000, 0x0000000085900000| Untracked 
|  68|0x0000000085a00000, 0x0000000085a00000, 0x0000000085b00000|  0%| F|  |TAMS 0x0000000085a00000, 0x0000000085a00000| Untracked 
|  69|0x0000000085b00000, 0x0000000085b00000, 0x0000000085c00000|  0%| F|  |TAMS 0x0000000085b00000, 0x0000000085b00000| Untracked 
|  70|0x0000000085c00000, 0x0000000085c00000, 0x0000000085d00000|  0%| F|  |TAMS 0x0000000085c00000, 0x0000000085c00000| Untracked 
|  71|0x0000000085d00000, 0x0000000085d00000, 0x0000000085e00000|  0%| F|  |TAMS 0x0000000085d00000, 0x0000000085d00000| Untracked 
|  72|0x0000000085e00000, 0x0000000085e00000, 0x0000000085f00000|  0%| F|  |TAMS 0x0000000085e00000, 0x0000000085e00000| Untracked 
|  73|0x0000000085f00000, 0x0000000085f00000, 0x0000000086000000|  0%| F|  |TAMS 0x0000000085f00000, 0x0000000085f00000| Untracked 
|  74|0x0000000086000000, 0x0000000086000000, 0x0000000086100000|  0%| F|  |TAMS 0x0000000086000000, 0x0000000086000000| Untracked 
|  75|0x0000000086100000, 0x0000000086100000, 0x0000000086200000|  0%| F|  |TAMS 0x0000000086100000, 0x0000000086100000| Untracked 
|  76|0x0000000086200000, 0x0000000086200000, 0x0000000086300000|  0%| F|  |TAMS 0x0000000086200000, 0x0000000086200000| Untracked 
|  77|0x0000000086300000, 0x0000000086300000, 0x0000000086400000|  0%| F|  |TAMS 0x0000000086300000, 0x0000000086300000| Untracked 
|  78|0x0000000086400000, 0x0000000086400000, 0x0000000086500000|  0%| F|  |TAMS 0x0000000086400000, 0x0000000086400000| Untracked 
|  79|0x0000000086500000, 0x0000000086500000, 0x0000000086600000|  0%| F|  |TAMS 0x0000000086500000, 0x0000000086500000| Untracked 
|  80|0x0000000086600000, 0x0000000086600000, 0x0000000086700000|  0%| F|  |TAMS 0x0000000086600000, 0x0000000086600000| Untracked 
|  81|0x0000000086700000, 0x0000000086700000, 0x0000000086800000|  0%| F|  |TAMS 0x0000000086700000, 0x0000000086700000| Untracked 
|  82|0x0000000086800000, 0x0000000086800000, 0x0000000086900000|  0%| F|  |TAMS 0x0000000086800000, 0x0000000086800000| Untracked 
|  83|0x0000000086900000, 0x0000000086900000, 0x0000000086a00000|  0%| F|  |TAMS 0x0000000086900000, 0x0000000086900000| Untracked 
|  84|0x0000000086a00000, 0x0000000086a00000, 0x0000000086b00000|  0%| F|  |TAMS 0x0000000086a00000, 0x0000000086a00000| Untracked 
|  85|0x0000000086b00000, 0x0000000086b00000, 0x0000000086c00000|  0%| F|  |TAMS 0x0000000086b00000, 0x0000000086b00000| Untracked 
|  86|0x0000000086c00000, 0x0000000086c00000, 0x0000000086d00000|  0%| F|  |TAMS 0x0000000086c00000, 0x0000000086c00000| Untracked 
|  87|0x0000000086d00000, 0x0000000086d00000, 0x0000000086e00000|  0%| F|  |TAMS 0x0000000086d00000, 0x0000000086d00000| Untracked 
|  88|0x0000000086e00000, 0x0000000086e00000, 0x0000000086f00000|  0%| F|  |TAMS 0x0000000086e00000, 0x0000000086e00000| Untracked 
|  89|0x0000000086f00000, 0x0000000086f00000, 0x0000000087000000|  0%| F|  |TAMS 0x0000000086f00000, 0x0000000086f00000| Untracked 
|  90|0x0000000087000000, 0x0000000087000000, 0x0000000087100000|  0%| F|  |TAMS 0x0000000087000000, 0x0000000087000000| Untracked 
|  91|0x0000000087100000, 0x0000000087100000, 0x0000000087200000|  0%| F|  |TAMS 0x0000000087100000, 0x0000000087100000| Untracked 
|  92|0x0000000087200000, 0x0000000087200000, 0x0000000087300000|  0%| F|  |TAMS 0x0000000087200000, 0x0000000087200000| Untracked 
|  93|0x0000000087300000, 0x0000000087300000, 0x0000000087400000|  0%| F|  |TAMS 0x0000000087300000, 0x0000000087300000| Untracked 
|  94|0x0000000087400000, 0x0000000087400000, 0x0000000087500000|  0%| F|  |TAMS 0x0000000087400000, 0x0000000087400000| Untracked 
|  95|0x0000000087500000, 0x0000000087500000, 0x0000000087600000|  0%| F|  |TAMS 0x0000000087500000, 0x0000000087500000| Untracked 
|  96|0x0000000087600000, 0x0000000087600000, 0x0000000087700000|  0%| F|  |TAMS 0x0000000087600000, 0x0000000087600000| Untracked 
|  97|0x0000000087700000, 0x0000000087700000, 0x0000000087800000|  0%| F|  |TAMS 0x0000000087700000, 0x0000000087700000| Untracked 
|  98|0x0000000087800000, 0x0000000087800000, 0x0000000087900000|  0%| F|  |TAMS 0x0000000087800000, 0x0000000087800000| Untracked 
|  99|0x0000000087900000, 0x0000000087900000, 0x0000000087a00000|  0%| F|  |TAMS 0x0000000087900000, 0x0000000087900000| Untracked 
| 100|0x0000000087a00000, 0x0000000087a00000, 0x0000000087b00000|  0%| F|  |TAMS 0x0000000087a00000, 0x0000000087a00000| Untracked 
| 101|0x0000000087b00000, 0x0000000087b00000, 0x0000000087c00000|  0%| F|  |TAMS 0x0000000087b00000, 0x0000000087b00000| Untracked 
| 102|0x0000000087c00000, 0x0000000087c00000, 0x0000000087d00000|  0%| F|  |TAMS 0x0000000087c00000, 0x0000000087c00000| Untracked 
| 103|0x0000000087d00000, 0x0000000087d00000, 0x0000000087e00000|  0%| F|  |TAMS 0x0000000087d00000, 0x0000000087d00000| Untracked 
| 104|0x0000000087e00000, 0x0000000087e00000, 0x0000000087f00000|  0%| F|  |TAMS 0x0000000087e00000, 0x0000000087e00000| Untracked 
| 105|0x0000000087f00000, 0x0000000087f00000, 0x0000000088000000|  0%| F|  |TAMS 0x0000000087f00000, 0x0000000087f00000| Untracked 
| 106|0x0000000088000000, 0x0000000088000000, 0x0000000088100000|  0%| F|  |TAMS 0x0000000088000000, 0x0000000088000000| Untracked 
| 107|0x0000000088100000, 0x0000000088100000, 0x0000000088200000|  0%| F|  |TAMS 0x0000000088100000, 0x0000000088100000| Untracked 
| 108|0x0000000088200000, 0x0000000088200000, 0x0000000088300000|  0%| F|  |TAMS 0x0000000088200000, 0x0000000088200000| Untracked 
| 109|0x0000000088300000, 0x0000000088300000, 0x0000000088400000|  0%| F|  |TAMS 0x0000000088300000, 0x0000000088300000| Untracked 
| 110|0x0000000088400000, 0x0000000088400000, 0x0000000088500000|  0%| F|  |TAMS 0x0000000088400000, 0x0000000088400000| Untracked 
| 111|0x0000000088500000, 0x0000000088500000, 0x0000000088600000|  0%| F|  |TAMS 0x0000000088500000, 0x0000000088500000| Untracked 
| 112|0x0000000088600000, 0x0000000088600000, 0x0000000088700000|  0%| F|  |TAMS 0x0000000088600000, 0x0000000088600000| Untracked 
| 113|0x0000000088700000, 0x0000000088700000, 0x0000000088800000|  0%| F|  |TAMS 0x0000000088700000, 0x0000000088700000| Untracked 
| 114|0x0000000088800000, 0x0000000088800000, 0x0000000088900000|  0%| F|  |TAMS 0x0000000088800000, 0x0000000088800000| Untracked 
| 115|0x0000000088900000, 0x0000000088900000, 0x0000000088a00000|  0%| F|  |TAMS 0x0000000088900000, 0x0000000088900000| Untracked 
| 116|0x0000000088a00000, 0x0000000088a00000, 0x0000000088b00000|  0%| F|  |TAMS 0x0000000088a00000, 0x0000000088a00000| Untracked 
| 117|0x0000000088b00000, 0x0000000088b00000, 0x0000000088c00000|  0%| F|  |TAMS 0x0000000088b00000, 0x0000000088b00000| Untracked 
| 118|0x0000000088c00000, 0x0000000088c00000, 0x0000000088d00000|  0%| F|  |TAMS 0x0000000088c00000, 0x0000000088c00000| Untracked 
| 119|0x0000000088d00000, 0x0000000088d00000, 0x0000000088e00000|  0%| F|  |TAMS 0x0000000088d00000, 0x0000000088d00000| Untracked 
| 120|0x0000000088e00000, 0x0000000088e00000, 0x0000000088f00000|  0%| F|  |TAMS 0x0000000088e00000, 0x0000000088e00000| Untracked 
| 121|0x0000000088f00000, 0x0000000088f00000, 0x0000000089000000|  0%| F|  |TAMS 0x0000000088f00000, 0x0000000088f00000| Untracked 
| 122|0x0000000089000000, 0x0000000089000000, 0x0000000089100000|  0%| F|  |TAMS 0x0000000089000000, 0x0000000089000000| Untracked 
| 123|0x0000000089100000, 0x0000000089100000, 0x0000000089200000|  0%| F|  |TAMS 0x0000000089100000, 0x0000000089100000| Untracked 
| 124|0x0000000089200000, 0x0000000089200800, 0x0000000089300000|  0%| E|  |TAMS 0x0000000089200000, 0x0000000089200000| Complete 
| 125|0x0000000089300000, 0x0000000089400000, 0x0000000089400000|100%| E|CS|TAMS 0x0000000089300000, 0x0000000089300000| Complete 
| 126|0x0000000089400000, 0x0000000089500000, 0x0000000089500000|100%| E|CS|TAMS 0x0000000089400000, 0x0000000089400000| Complete 
| 127|0x0000000089500000, 0x0000000089600000, 0x0000000089600000|100%| E|CS|TAMS 0x0000000089500000, 0x0000000089500000| Complete 

Card table byte_map: [0x000000001c650000,0x000000001ca50000] _byte_map_base: 0x000000001c245000

Marking Bits (Prev, Next): (CMBitMap*) 0x00000000003e06b8, (CMBitMap*) 0x00000000003e06f0
 Prev Bits: [0x000000001ce50000, 0x000000001edf8000)
 Next Bits: [0x000000001ee00000, 0x0000000020da8000)

Polling page: 0x0000000000140000

Metaspace:

Usage:
  Non-class:      6.38 MB capacity,     6.30 MB ( 99%) used,    68.48 KB (  1%) free+waste,     4.88 KB ( <1%) overhead. 
      Class:    641.00 KB capacity,   626.59 KB ( 98%) used,    12.22 KB (  2%) free+waste,     2.19 KB ( <1%) overhead. 
       Both:      7.00 MB capacity,     6.92 MB ( 99%) used,    80.70 KB (  1%) free+waste,     7.06 KB ( <1%) overhead. 

Virtual space:
  Non-class space:        8.00 MB reserved,       6.50 MB ( 81%) committed 
      Class space:        1.00 GB reserved,     768.00 KB ( <1%) committed 
             Both:        1.01 GB reserved,       7.25 MB ( <1%) committed 

Chunk freelists:
   Non-Class:  0 bytes
       Class:  31.00 KB
        Both:  31.00 KB

MaxMetaspaceSize: 17179869184.00 GB
CompressedClassSpaceSize: 1.00 GB

CodeHeap 'non-profiled nmethods': size=120000Kb used=74Kb max_used=74Kb free=119926Kb
 bounds [0x0000000014280000, 0x00000000144f0000, 0x000000001b7b0000]
CodeHeap 'profiled nmethods': size=120000Kb used=396Kb max_used=396Kb free=119603Kb
 bounds [0x000000000cd50000, 0x000000000cfc0000, 0x0000000014280000]
CodeHeap 'non-nmethods': size=5760Kb used=1067Kb max_used=1077Kb free=4692Kb
 bounds [0x000000000c7b0000, 0x000000000ca20000, 0x000000000cd50000]
 total_blobs=665 nmethods=295 adapters=282
 compilation: enabled
              stopped_count=0, restarted_count=0
 full_count=0

Compilation events (20 events):
Event: 1154.015 Thread 0x0000000064752000  286       3       jdk.internal.math.FDBigInteger::mult (64 bytes)
Event: 1154.015 Thread 0x0000000064752000 nmethod 286 0x000000000cdaf410 code [0x000000000cdaf5e0, 0x000000000cdaf818]
Event: 1154.015 Thread 0x0000000064752000  287       3       jdk.internal.math.FDBigInteger::<init> (30 bytes)
Event: 1154.015 Thread 0x0000000064752000 nmethod 287 0x000000000cdafa10 code [0x000000000cdafbe0, 0x000000000cdafde8]
Event: 1154.015 Thread 0x0000000064752000  288       3       jdk.internal.math.FDBigInteger::trimLeadingZeros (57 bytes)
Event: 1154.015 Thread 0x0000000064752000 nmethod 288 0x000000000cdaff10 code [0x000000000cdb00e0, 0x000000000cdb03d8]
Event: 1154.019 Thread 0x0000000064752000  289       3       java.nio.Buffer::position (55 bytes)
Event: 1154.019 Thread 0x0000000064752000 nmethod 289 0x000000000cdb0510 code [0x000000000cdb06e0, 0x000000000cdb0948]
Event: 1157.566 Thread 0x0000000064752000  290       3       java.util.Collections$UnmodifiableCollection$1::next (10 bytes)
Event: 1157.566 Thread 0x0000000064752000 nmethod 290 0x000000000cdb0a10 code [0x000000000cdb0bc0, 0x000000000cdb0d88]
Event: 1157.566 Thread 0x0000000064752000  291       3       java.util.Collections$UnmodifiableCollection$1::hasNext (10 bytes)
Event: 1157.566 Thread 0x0000000064752000 nmethod 291 0x000000000cdb0e90 code [0x000000000cdb1040, 0x000000000cdb1208]
Event: 1595.721 Thread 0x0000000064752000  292       3       java.lang.String::checkBoundsBeginEnd (60 bytes)
Event: 1595.722 Thread 0x0000000064752000 nmethod 292 0x000000000cdb1310 code [0x000000000cdb15e0, 0x000000000cdb2118]
Event: 1595.722 Thread 0x0000000064752000  293       3       java.lang.String::isEmpty (14 bytes)
Event: 1595.722 Thread 0x0000000064752000 nmethod 293 0x000000000cdb2590 code [0x000000000cdb2740, 0x000000000cdb2898]
Event: 1849.742 Thread 0x0000000064752000  294       3       java.lang.StringUTF16::length (5 bytes)
Event: 1849.742 Thread 0x0000000064752000 nmethod 294 0x000000000cdb2990 code [0x000000000cdb2b40, 0x000000000cdb2c38]
Event: 1849.761 Thread 0x0000000064752000  295       3       java.nio.Buffer::limit (65 bytes)
Event: 1849.761 Thread 0x0000000064752000 nmethod 295 0x000000000cdb2d10 code [0x000000000cdb2ee0, 0x000000000cdb3188]

GC Heap History (0 events):
No events

Deoptimization events (4 events):
Event: 0.091 Thread 0x000000000039b800 Uncommon trap: trap_request=0xffffff4d fr.pc=0x00000000142845f0 relative=0x00000000000001d0
Event: 0.091 Thread 0x000000000039b800 Uncommon trap: reason=unstable_if action=reinterpret pc=0x00000000142845f0 method=java.lang.String.hashCode()I @ 14 c2
Event: 0.091 Thread 0x000000000039b800 DEOPT PACKING pc=0x00000000142845f0 sp=0x00000000022fd810
Event: 0.091 Thread 0x000000000039b800 DEOPT UNPACKING pc=0x000000000c7d73af sp=0x00000000022fd7a8 mode 2

Classes redefined (0 events):
No events

Internal exceptions (3 events):
Event: 1153.366 Thread 0x0000000065421000 Exception <a 'java/lang/NoSuchMethodError'{0x00000000893a4d10}: 'java.lang.Object java.lang.invoke.DirectMethodHandle$Holder.invokeStaticInit(java.lang.Object, int, int, int, int)'> (0x00000000893a4d10) thrown at [./src/hotspot/share/interpreter/linkResolver.cpp, line 773]
Event: 1153.496 Thread 0x0000000065421000 Exception <a 'java/lang/NoSuchMethodError'{0x00000000893ba708}: 'java.lang.Object java.lang.invoke.DirectMethodHandle$Holder.invokeStaticInit(java.lang.Object, java.lang.Object, int, int, int, int)'> (0x00000000893ba708) thrown at [./src/hotspot/share/interpreter/linkResolver.cpp, line 773]
Event: 1595.721 Thread 0x0000000065421000 Exception <a 'sun/net/ConnectionResetException'{0x00000000893dbb40}: > (0x00000000893dbb40) thrown at [./src/hotspot/share/prims/jni.cpp, line 636]

Events (20 events):
Event: 1157.566 loading class java/lang/StackTraceElement$HashedModules done
Event: 1157.566 loading class sun/net/ResourceManager
Event: 1157.567 loading class sun/net/ResourceManager done
Event: 1157.567 Executing VM operation: RevokeBias
Event: 1157.567 Executing VM operation: RevokeBias done
Event: 1157.567 Thread 0x0000000064765800 Thread exited: 0x0000000064765800
Event: 1595.721 loading class sun/net/ConnectionResetException
Event: 1595.721 loading class java/net/SocketException
Event: 1595.721 loading class java/net/SocketException done
Event: 1595.721 loading class sun/net/ConnectionResetException done
Event: 1595.722 loading class java/util/IdentityHashMap$KeyIterator
Event: 1595.722 loading class java/util/IdentityHashMap$IdentityHashMapIterator
Event: 1595.722 loading class java/util/IdentityHashMap$IdentityHashMapIterator done
Event: 1595.722 loading class java/util/IdentityHashMap$KeyIterator done
Event: 1595.722 Executing VM operation: RevokeBias
Event: 1595.722 Executing VM operation: RevokeBias done
Event: 1595.722 Thread 0x0000000065421000 Thread exited: 0x0000000065421000
Event: 1849.742 Thread 0x0000000065421000 Thread added: 0x0000000065421000
Event: 1849.742 Executing VM operation: RevokeBias
Event: 1849.742 Executing VM operation: RevokeBias done


Dynamic libraries:
0x000000013fe50000 - 0x000000013fe5d000 	C:\Program Files\BellSoft\LibericaJDK-11-Full\bin\javaw.exe
0x0000000077710000 - 0x00000000778af000 	C:\Windows\SYSTEM32\ntdll.dll
0x00000000775f0000 - 0x000000007770f000 	C:\Windows\system32\kernel32.dll
0x000007fefd2e0000 - 0x000007fefd347000 	C:\Windows\system32\KERNELBASE.dll
0x0000000074f50000 - 0x0000000074fd8000 	C:\Windows\System32\SYSFER.DLL
0x000007fef6ce0000 - 0x000007fef6cf7000 	C:\Program Files\BellSoft\LibericaJDK-11-Full\bin\jli.dll
0x000007fefbc20000 - 0x000007fefbe15000 	C:\Windows\WinSxS\amd64_microsoft.windows.common-controls_6595b64144ccf1df_6.0.7601.24483_none_e372d88f30fbb845\COMCTL32.dll
0x000007fefe590000 - 0x000007fefe62f000 	C:\Windows\system32\msvcrt.dll
0x000007fefd830000 - 0x000007fefd897000 	C:\Windows\system32\GDI32.dll
0x00000000774f0000 - 0x00000000775eb000 	C:\Windows\system32\USER32.dll
0x000007feff9c0000 - 0x000007feff9ce000 	C:\Windows\system32\LPK.dll
0x000007fefdca0000 - 0x000007fefdd6b000 	C:\Windows\system32\USP10.dll
0x000007fefe6d0000 - 0x000007fefe741000 	C:\Windows\system32\SHLWAPI.dll
0x000007feec320000 - 0x000007feec335000 	C:\Program Files\BellSoft\LibericaJDK-11-Full\bin\VCRUNTIME140.dll
0x000007fefae80000 - 0x000007fefae84000 	C:\Program Files\BellSoft\LibericaJDK-11-Full\bin\api-ms-win-crt-runtime-l1-1-0.dll
0x000007feeb380000 - 0x000007feeb47c000 	C:\Program Files\BellSoft\LibericaJDK-11-Full\bin\ucrtbase.DLL
0x000007fef6b70000 - 0x000007fef6b73000 	C:\Program Files\BellSoft\LibericaJDK-11-Full\bin\api-ms-win-core-localization-l1-2-0.dll
0x000007feeedd0000 - 0x000007feeedd3000 	C:\Program Files\BellSoft\LibericaJDK-11-Full\bin\api-ms-win-core-processthreads-l1-1-1.dll
0x000007feec310000 - 0x000007feec313000 	C:\Program Files\BellSoft\LibericaJDK-11-Full\bin\api-ms-win-core-file-l1-2-0.dll
0x000007feec1a0000 - 0x000007feec1a3000 	C:\Program Files\BellSoft\LibericaJDK-11-Full\bin\api-ms-win-core-timezone-l1-1-0.dll
0x000007feec1b0000 - 0x000007feec1b3000 	C:\Program Files\BellSoft\LibericaJDK-11-Full\bin\api-ms-win-core-file-l2-1-0.dll
0x000007feec160000 - 0x000007feec163000 	C:\Program Files\BellSoft\LibericaJDK-11-Full\bin\api-ms-win-core-synch-l1-2-0.dll
0x000007feec190000 - 0x000007feec193000 	C:\Program Files\BellSoft\LibericaJDK-11-Full\bin\api-ms-win-crt-heap-l1-1-0.dll
0x000007feec150000 - 0x000007feec154000 	C:\Program Files\BellSoft\LibericaJDK-11-Full\bin\api-ms-win-crt-string-l1-1-0.dll
0x000007feec130000 - 0x000007feec134000 	C:\Program Files\BellSoft\LibericaJDK-11-Full\bin\api-ms-win-crt-stdio-l1-1-0.dll
0x000007feec140000 - 0x000007feec144000 	C:\Program Files\BellSoft\LibericaJDK-11-Full\bin\api-ms-win-crt-convert-l1-1-0.dll
0x000007feebf30000 - 0x000007feebf33000 	C:\Program Files\BellSoft\LibericaJDK-11-Full\bin\api-ms-win-crt-environment-l1-1-0.dll
0x000007feec120000 - 0x000007feec123000 	C:\Program Files\BellSoft\LibericaJDK-11-Full\bin\api-ms-win-crt-filesystem-l1-1-0.dll
0x000007feebf20000 - 0x000007feebf25000 	C:\Program Files\BellSoft\LibericaJDK-11-Full\bin\api-ms-win-crt-math-l1-1-0.dll
0x000007feebf10000 - 0x000007feebf13000 	C:\Program Files\BellSoft\LibericaJDK-11-Full\bin\api-ms-win-crt-locale-l1-1-0.dll
0x000007feff9d0000 - 0x000007feff9fe000 	C:\Windows\system32\IMM32.DLL
0x000007fefeb20000 - 0x000007fefec2b000 	C:\Windows\system32\MSCTF.dll
0x000007fee8870000 - 0x000007fee890b000 	C:\Program Files\BellSoft\LibericaJDK-11-Full\bin\msvcp140.dll
0x000007feebf00000 - 0x000007feebf03000 	C:\Program Files\BellSoft\LibericaJDK-11-Full\bin\api-ms-win-crt-time-l1-1-0.dll
0x000007feebef0000 - 0x000007feebef3000 	C:\Program Files\BellSoft\LibericaJDK-11-Full\bin\api-ms-win-crt-utility-l1-1-0.dll
0x000007fed7530000 - 0x000007fed8074000 	C:\Program Files\BellSoft\LibericaJDK-11-Full\bin\server\jvm.dll
0x000007fefe9a0000 - 0x000007fefea7b000 	C:\Windows\system32\ADVAPI32.dll
0x000007fefea80000 - 0x000007fefea9f000 	C:\Windows\SYSTEM32\sechost.dll
0x000007fefdb70000 - 0x000007fefdc9c000 	C:\Windows\system32\RPCRT4.dll
0x000007fefa1a0000 - 0x000007fefa1a9000 	C:\Windows\system32\WSOCK32.dll
0x000007fefe950000 - 0x000007fefe99d000 	C:\Windows\system32\WS2_32.dll
0x000007fefd800000 - 0x000007fefd808000 	C:\Windows\system32\NSI.dll
0x000007fef32a0000 - 0x000007fef32db000 	C:\Windows\system32\WINMM.dll
0x000007fefc4b0000 - 0x000007fefc4bc000 	C:\Windows\system32\VERSION.dll
0x00000000778b0000 - 0x00000000778b7000 	C:\Windows\system32\PSAPI.DLL
0x000007feebee0000 - 0x000007feebef0000 	C:\Program Files\BellSoft\LibericaJDK-11-Full\bin\verify.dll
0x000007fef44c0000 - 0x000007fef45e5000 	C:\Windows\system32\DBGHELP.DLL
0x000007feebeb0000 - 0x000007feebed8000 	C:\Program Files\BellSoft\LibericaJDK-11-Full\bin\java.dll
0x000007feebea0000 - 0x000007feebeaa000 	C:\Program Files\BellSoft\LibericaJDK-11-Full\bin\jimage.dll
0x000007feebe80000 - 0x000007feebe97000 	C:\Program Files\BellSoft\LibericaJDK-11-Full\bin\zip.dll
0x000007fefec30000 - 0x000007feff9bb000 	C:\Windows\system32\SHELL32.dll
0x000007fefe750000 - 0x000007fefe94f000 	C:\Windows\system32\ole32.dll
0x000007fefd260000 - 0x000007fefd26f000 	C:\Windows\system32\profapi.dll
0x000007feeb330000 - 0x000007feeb349000 	C:\Program Files\BellSoft\LibericaJDK-11-Full\bin\net.dll
0x000007fef9da0000 - 0x000007fef9e11000 	C:\Windows\system32\WINHTTP.dll
0x000007fef9d30000 - 0x000007fef9d95000 	C:\Windows\system32\webio.dll
0x000007fefc9a0000 - 0x000007fefc9f5000 	C:\Windows\system32\mswsock.dll
0x000007fefc990000 - 0x000007fefc997000 	C:\Windows\System32\wship6.dll
0x000007fee8770000 - 0x000007fee8782000 	C:\Program Files\BellSoft\LibericaJDK-11-Full\bin\nio.dll
0x000007fefca00000 - 0x000007fefca18000 	C:\Windows\system32\CRYPTSP.dll
0x000007fefc700000 - 0x000007fefc747000 	C:\Windows\system32\rsaenh.dll
0x000007fefd2a0000 - 0x000007fefd2bf000 	C:\Windows\system32\USERENV.dll
0x000007fefd0c0000 - 0x000007fefd0cf000 	C:\Windows\system32\CRYPTBASE.dll
0x000007fefabe0000 - 0x000007fefac07000 	C:\Windows\system32\IPHLPAPI.DLL
0x000007fefabd0000 - 0x000007fefabdb000 	C:\Windows\system32\WINNSI.DLL
0x000007fefaa50000 - 0x000007fefaa61000 	C:\Windows\system32\dhcpcsvc6.DLL
0x000007fefaa30000 - 0x000007fefaa48000 	C:\Windows\system32\dhcpcsvc.DLL
0x000007fee4dc0000 - 0x000007fee4df4000 	C:\Users\190441091\AppData\Local\Temp\VE026A_JNI7417801951468823428.dll
0x000007fed52e0000 - 0x000007fed5d64000 	C:\Windows\system32\mfc120ud.dll
0x000007fed50c0000 - 0x000007fed52d1000 	C:\Windows\system32\MSVCR120D.dll
0x000007fefd900000 - 0x000007fefd9db000 	C:\Windows\system32\OLEAUT32.dll
0x000007fefb850000 - 0x000007fefb8a6000 	C:\Windows\system32\UxTheme.dll
0x000007fefe630000 - 0x000007fefe6c9000 	C:\Windows\system32\CLBCatQ.DLL
0x000007fefd1b0000 - 0x000007fefd1c4000 	C:\Windows\system32\RpcRtRemote.dll
0x000007fefd110000 - 0x000007fefd1a1000 	C:\Windows\system32\SXS.DLL

dbghelp: loaded successfully - version: 4.0.5 - missing functions: none
symbol engine: initialized successfully - sym options: 0x614 - pdb path: .;C:\Program Files\BellSoft\LibericaJDK-11-Full\bin;C:\Windows\SYSTEM32;C:\Windows\WinSxS\amd64_microsoft.windows.common-controls_6595b64144ccf1df_6.0.7601.24483_none_e372d88f30fbb845;C:\Program Files\BellSoft\LibericaJDK-11-Full\bin\server;C:\Users\190441091\AppData\Local\Temp

VM Arguments:
jvm_args: -Dfile.encoding=UTF-8 
java_command: ieexp3.id190441091.BasicTask4Server 1234
java_class_path (initial): E:\ieexp3\new\workspace\IEExp3-Step4\bin;E:\ieexp3\new\workspace\VE026A_JNI\lib\VE026A_JNI.jar
Launcher Type: SUN_STANDARD

[Global flags]
     intx CICompilerCount                          = 4                                         {product} {ergonomic}
     uint ConcGCThreads                            = 2                                         {product} {ergonomic}
     uint G1ConcRefinementThreads                  = 8                                         {product} {ergonomic}
   size_t G1HeapRegionSize                         = 1048576                                   {product} {ergonomic}
    uintx GCDrainStackTargetSize                   = 64                                        {product} {ergonomic}
   size_t InitialHeapSize                          = 134217728                                 {product} {ergonomic}
   size_t MarkStackSize                            = 4194304                                   {product} {ergonomic}
   size_t MaxHeapSize                              = 2124414976                                {product} {ergonomic}
   size_t MaxNewSize                               = 1274019840                                {product} {ergonomic}
   size_t MinHeapDeltaBytes                        = 1048576                                   {product} {ergonomic}
    uintx NonNMethodCodeHeapSize                   = 5836300                                {pd product} {ergonomic}
    uintx NonProfiledCodeHeapSize                  = 122910970                              {pd product} {ergonomic}
    uintx ProfiledCodeHeapSize                     = 122910970                              {pd product} {ergonomic}
    uintx ReservedCodeCacheSize                    = 251658240                              {pd product} {ergonomic}
     bool SegmentedCodeCache                       = true                                      {product} {ergonomic}
     bool UseCompressedClassPointers               = true                                 {lp64_product} {ergonomic}
     bool UseCompressedOops                        = true                                 {lp64_product} {ergonomic}
     bool UseG1GC                                  = true                                      {product} {ergonomic}
     bool UseLargePagesIndividualAllocation        = false                                  {pd product} {ergonomic}

Logging:
Log output configuration:
 #0: stdout all=warning uptime,level,tags
 #1: stderr all=off uptime,level,tags

Environment Variables:
JAVA_HOME=C:\Program Files\BellSoft\LibericaJDK-11-Full\
PATH=C:/eclipse//plugins/org.eclipse.justj.openjdk.hotspot.jre.full.win32.x86_64_15.0.1.v20201027-0507/jre/bin/server;C:/eclipse//plugins/org.eclipse.justj.openjdk.hotspot.jre.full.win32.x86_64_15.0.1.v20201027-0507/jre/bin;C:\Program Files\BellSoft\LibericaJDK-11-Full\bin\;C:\Windows\system32;C:\Windows;C:\Windows\System32\Wbem;C:\Windows\System32\WindowsPowerShell\v1.0\;C:\Android\Sdk\tools;C:\Android\Sdk\platform-tools;C:\opencv\bin;C:\vim81;C:\Program Files (x86)\nkf;C:\Windows\System32\WindowsPowerShell\v1.0\;C:\Program Files (x86)\Microsoft SDKs\TypeScript\1.0\;C:\Program Files\Microsoft SQL Server\120\Tools\Binn\;C:\Program Files (x86)\iis express\PHP\v5.3;C:\Program Files\Microsoft\Web Platform Installer\;C:\Program Files (x86)\Intel\OpenCL SDK\3.0\bin\x86;C:\Program Files (x86)\Intel\OpenCL SDK\3.0\bin\x64;C:\Program Files (x86)\Intel\UCRT\;C:\Program Files\Intel\UCRT\;C:\Program Files (x86)\Intel\Intel(R) Management Engine Components\DAL;C:\Program Files\Intel\Intel(R) Management Engine Components\DAL;C:\Program Files (x86)\Intel\Intel(R) Management Engine Components\IPT;C:\Program Files\Intel\Intel(R) Management Engine Components\IPT;C:\Program Files (x86)\Intel\iCLS Client\;C:\Program Files\Intel\iCLS Client\;C:\VSCode-win32-x64;C:\kawa;C:\Program Files\nodejs\;C:\Program Files\Microsoft SQL Server\130\Tools\Binn\;C:\Program Files\Git\cmd;C:\texlive\2020\bin\win32;C:\eclipse;
USERNAME=190441091
OS=Windows_NT
PROCESSOR_IDENTIFIER=Intel64 Family 6 Model 60 Stepping 3, GenuineIntel



---------------  S Y S T E M  ---------------

OS: Windows 7 , 64 bit Build 7601 (6.1.7601.24545)
OS uptime: 0 days 1:19 hours

CPU:total 8 (initial active 8) (4 cores per cpu, 2 threads per core) family 6 model 60 stepping 3, cmov, cx8, fxsr, mmx, sse, sse2, sse3, ssse3, sse4.1, sse4.2, popcnt, avx, avx2, aes, clmul, erms, lzcnt, ht, tsc, tscinvbit, bmi1, bmi2, fma

Memory: 4k page, system-wide physical 8100M (2773M free)
TotalPageFile size 16198M (AvailPageFile size 10538M)
current process WorkingSet (physical memory assigned to process): 42M, peak: 43M
current process commit charge ("private bytes"): 217M, peak: 218M

vm_info: OpenJDK 64-Bit Server VM (11.0.9.1+1-LTS) for windows-amd64 JRE (11.0.9.1+1-LTS), built on Nov  2 2020 11:54:37 by "" with MS VC++ 15.9 (VS2017)

END.
