#
# A fatal error has been detected by the Java Runtime Environment:
#
#  EXCEPTION_ACCESS_VIOLATION (0xc0000005) at pc=0x000007fefe773f0b, pid=612, tid=5856
#
# JRE version: OpenJDK Runtime Environment (11.0.9.1+1) (build 11.0.9.1+1-LTS)
# Java VM: OpenJDK 64-Bit Server VM (11.0.9.1+1-LTS, mixed mode, tiered, compressed oops, g1 gc, windows-amd64)
# Problematic frame:
# C  [ole32.dll+0x23f0b]
#
# No core dump will be written. Minidumps are not enabled by default on client versions of Windows
#
# If you would like to submit a bug report, please visit:
#   https://bugreport.java.com/bugreport/crash.jsp
# The crash happened outside the Java Virtual Machine in native code.
# See problematic frame for where to report the bug.
#

---------------  S U M M A R Y ------------

Command Line: -agentlib:jdwp=transport=dt_socket,suspend=y,address=localhost:50426 -javaagent:C:\eclipse\configuration\org.eclipse.osgi\221\0\.cp\lib\javaagent-shaded.jar -Dfile.encoding=UTF-8 ieexp3.id190441091.BasicTask4Server 1234

Host: Intel(R) Core(TM) i7-4770 CPU @ 3.40GHz, 8 cores, 7G,  Windows 7 , 64 bit Build 7601 (6.1.7601.24545)
Time: Wed May 26 14:17:47 2021 ???? (?W?€??) elapsed time: 203.936340 seconds (0d 0h 3m 23s)

---------------  T H R E A D  ---------------

Current thread (0x00000000654f6000):  JavaThread "Thread-3" [_thread_in_native, id=5856, stack(0x00000000675e0000,0x00000000676e0000)]

Stack: [0x00000000675e0000,0x00000000676e0000],  sp=0x00000000676df1e0,  free space=1020k
Native frames: (J=compiled Java code, j=interpreted, Vv=VM code, C=native code)
C  [ole32.dll+0x23f0b]

Java frames: (J=compiled Java code, j=interpreted, Vv=VM code)
j  ieexp3.library.VE026A_JNI.CaoController_AddVariable(Ljava/lang/String;Ljava/lang/String;)I+0
j  ieexp3.library.CaoAPI.setControllerMode(J)V+31
j  ieexp3.id190441091.BasicTask4ServerTask.connect()V+31
j  ieexp3.id190441091.BasicTask4ServerTask.run()V+85
j  java.lang.Thread.run()V+11 java.base@11.0.9.1
v  ~StubRoutines::call_stub

siginfo: EXCEPTION_ACCESS_VIOLATION (0xc0000005), writing address 0x0000000000000068


Register to memory mapping:

RIP=0x000007fefe773f0b ole32.dll
RAX=0x0 is NULL
RBX=0x0 is NULL
RCX=0x0 is NULL
RDX=0x00000000654ba1f0 points into unknown readable memory: 00 00 00 00 00 00 00 00
RSP=0x00000000676df1e0 is pointing into the stack for thread: 0x00000000654f6000
RBP=0x00000000676df408 is pointing into the stack for thread: 0x00000000654f6000
RSI=0x00000000654ba1f0 points into unknown readable memory: 00 00 00 00 00 00 00 00
RDI=0x00000000653adbe8 points into unknown readable memory: d0 4f 8f fe fe 07 00 00
R8 =0x0000000000000d44 is an unknown value
R9 =0x000007fefe8d5428 ole32.dll
R10=0x00000000653add08 points into unknown readable memory: 01 00 00 80 09 21 00 00
R11=0x0000000000000001 is an unknown value
R12=0x0000000000000001 is an unknown value
R13=0x000007fefe8f3f10 ole32.dll
R14=0x0 is NULL
R15=0x00000000654f6000 is a thread


Registers:
RAX=0x0000000000000000, RBX=0x0000000000000000, RCX=0x0000000000000000, RDX=0x00000000654ba1f0
RSP=0x00000000676df1e0, RBP=0x00000000676df408, RSI=0x00000000654ba1f0, RDI=0x00000000653adbe8
R8 =0x0000000000000d44, R9 =0x000007fefe8d5428, R10=0x00000000653add08, R11=0x0000000000000001
R12=0x0000000000000001, R13=0x000007fefe8f3f10, R14=0x0000000000000000, R15=0x00000000654f6000
RIP=0x000007fefe773f0b, EFLAGS=0x0000000000010246

Top of Stack: (sp=0x00000000676df1e0)
0x00000000676df1e0:   00000000211524b0 0000000021152888
0x00000000676df1f0:   00000000000003d8 00000000654f6000
0x00000000676df200:   00000000676df438 0000000066c82ba8
0x00000000676df210:   0000000000000001 00000000653adbe0
0x00000000676df220:   0000000000000000 000007fefe7741f8
0x00000000676df230:   00000000654f6000 00000000653adbe8
0x00000000676df240:   00000000676df408 0000000000000001
0x00000000676df250:   000000006536fe80 000007fefe790498
0x00000000676df260:   0000000000000000 000000006536fe80
0x00000000676df270:   00000000676df408 0000000000000000
0x00000000676df280:   0000000000000000 00000000676df370
0x00000000676df290:   0000000000000000 000007fefe77419b
0x00000000676df2a0:   000000006536fe80 00000000653adbe0
0x00000000676df2b0:   00000000676df408 00000000654f6000
0x00000000676df2c0:   00000000676df370 000007fee4dc978b
0x00000000676df2d0:   0000000080000000 000000006536fe80 

Instructions: (pc=0x000007fefe773f0b)
0x000007fefe773e0b:   0f 85 df e1 00 00 48 8b 5f 30 48 85 db 0f 85 d6
0x000007fefe773e1b:   7d fe ff 40 f6 c6 01 74 7a 83 3d e1 09 1b 00 00
0x000007fefe773e2b:   0f 85 26 a1 03 00 c7 47 08 ee f1 ee f1 f0 83 05
0x000007fefe773e3b:   60 ec 1a 00 ff 48 8b 1d 71 ec 1a 00 48 85 db 74
0x000007fefe773e4b:   2f 80 7b 08 00 0f 84 d3 a0 03 00 48 8d 4b 28 ff
0x000007fefe773e5b:   15 b8 8b 15 00 ff 43 0c 83 7b 0c 01 75 12 48 8d
0x000007fefe773e6b:   05 a0 00 18 00 c7 43 10 55 00 00 00 48 89 43 18
0x000007fefe773e7b:   48 8b 05 0e ec 1a 00 48 89 07 48 89 3d 04 ec 1a
0x000007fefe773e8b:   00 48 85 db 74 0d ff 4b 0c 48 8d 4b 28 ff 15 82
0x000007fefe773e9b:   8b 15 00 48 8b 5c 24 30 48 8b 6c 24 38 48 8b 74
0x000007fefe773eab:   24 40 48 8b c7 48 83 c4 20 5f c3 44 38 35 0b ee
0x000007fefe773ebb:   1a 00 0f 84 b6 cc 03 00 48 8d 0d 1e ee 1a 00 ff
0x000007fefe773ecb:   15 48 8b 15 00 44 8b 1d f5 ed 1a 00 41 ff c3 44
0x000007fefe773edb:   89 1d eb ed 1a 00 41 83 fb 01 75 18 48 8d 05 b2
0x000007fefe773eeb:   10 18 00 c7 05 d8 ed 1a 00 25 18 00 00 48 89 05
0x000007fefe773efb:   d9 ed 1a 00 48 8b 57 10 48 8b 4a 60 48 8b 42 68
0x000007fefe773f0b:   48 89 41 68 48 8b 4a 68 48 8b 42 60 48 89 41 60
0x000007fefe773f1b:   48 8b 5f 10 44 39 35 e6 08 1b 00 0f 84 d0 cd 01
0x000007fefe773f2b:   00 e9 a3 cc 03 00 4c 89 77 10 44 89 77 0c ff 0d
0x000007fefe773f3b:   8d ed 1a 00 48 8d 0d a2 ed 1a 00 ff 15 d4 8a 15
0x000007fefe773f4b:   00 4c 39 77 58 0f 85 fb 08 01 00 48 8b 5c 24 58
0x000007fefe773f5b:   48 8b 6c 24 60 48 83 c4 20 41 5e 41 5d 41 5c 5f
0x000007fefe773f6b:   5e c3 48 8b b3 a8 00 00 00 48 3b f7 0f 85 7c 92
0x000007fefe773f7b:   02 00 e9 83 92 02 00 48 3b f7 0f 85 00 66 00 00
0x000007fefe773f8b:   bf 01 00 00 00 e9 91 92 02 00 48 8b 5c 24 30 48
0x000007fefe773f9b:   8b 74 24 38 8b c7 48 83 c4 20 5f c3 4c 8d 0d 7a
0x000007fefe773fab:   14 16 00 48 8d 15 eb 0f 18 00 48 8d 0d 04 ed 1a
0x000007fefe773fbb:   00 41 b8 44 0d 00 00 89 7c 24 50 4c 8b ef 48 8b
0x000007fefe773fcb:   ef 4c 8b e7 4c 8b ff e8 39 f8 ff ff 90 e9 41 c5
0x000007fefe773fdb:   01 00 48 8b 8b a0 00 00 00 48 85 c9 0f 85 68 c5
0x000007fefe773feb:   01 00 b8 01 00 00 00 48 8b 4b 18 39 b9 64 01 00
0x000007fefe773ffb:   00 0f 85 0b 17 00 00 85 c0 0f 84 03 17 00 00 8b 


Stack slot to memory mapping:
stack at sp + 0 slots: 0x00000000211524b0 points into unknown readable memory: 6a 61 76 61 2f 69 6f 2f
stack at sp + 1 slots: 0x0000000021152888 points into unknown readable memory: c2 97 de 08 68 00 00 80
stack at sp + 2 slots: 0x00000000000003d8 is an unknown value
stack at sp + 3 slots: 0x00000000654f6000 is a thread
stack at sp + 4 slots: 0x00000000676df438 is pointing into the stack for thread: 0x00000000654f6000
stack at sp + 5 slots: {method} {0x0000000066c82bb0} 'CaoController_AddVariable' '(Ljava/lang/String;Ljava/lang/String;)I' in 'ieexp3/library/VE026A_JNI'
stack at sp + 6 slots: 0x0000000000000001 is an unknown value
stack at sp + 7 slots: 0x00000000653adbe0 points into unknown readable memory: 40 3f 8f fe fe 07 00 00


---------------  P R O C E S S  ---------------

Threads class SMR info:
_java_thread_list=0x000000006564be50, length=16, elements={
0x0000000000392800, 0x00000000649cb000, 0x00000000649d4000, 0x00000000649f0000,
0x00000000649f3000, 0x00000000649f4000, 0x00000000649fb000, 0x0000000064a04000,
0x00000000654cb000, 0x00000000656f0000, 0x00000000655f8800, 0x00000000655f9000,
0x0000000065b6e000, 0x00000000655d8000, 0x00000000655d9000, 0x00000000654f6000
}

Java Threads: ( => current thread )
  0x0000000000392800 JavaThread "main" [_thread_in_native, id=6288, stack(0x0000000002190000,0x0000000002290000)]
  0x00000000649cb000 JavaThread "Reference Handler" daemon [_thread_blocked, id=5456, stack(0x0000000023de0000,0x0000000023ee0000)]
  0x00000000649d4000 JavaThread "Finalizer" daemon [_thread_blocked, id=6592, stack(0x0000000064d70000,0x0000000064e70000)]
  0x00000000649f0000 JavaThread "Signal Dispatcher" daemon [_thread_blocked, id=5896, stack(0x0000000064c70000,0x0000000064d70000)]
  0x00000000649f3000 JavaThread "Attach Listener" daemon [_thread_blocked, id=4588, stack(0x0000000023b80000,0x0000000023c80000)]
  0x00000000649f4000 JavaThread "C2 CompilerThread0" daemon [_thread_blocked, id=1228, stack(0x0000000065040000,0x0000000065140000)]
  0x00000000649fb000 JavaThread "C1 CompilerThread0" daemon [_thread_blocked, id=1236, stack(0x0000000064f40000,0x0000000065040000)]
  0x0000000064a04000 JavaThread "Sweeper thread" daemon [_thread_blocked, id=6876, stack(0x0000000065260000,0x0000000065360000)]
  0x00000000654cb000 JavaThread "Common-Cleaner" daemon [_thread_blocked, id=4728, stack(0x00000000658b0000,0x00000000659b0000)]
  0x00000000656f0000 JavaThread "JDWP Transport Listener: dt_socket" daemon [_thread_blocked, id=4208, stack(0x00000000666d0000,0x00000000667d0000)]
  0x00000000655f8800 JavaThread "JDWP Event Helper Thread" daemon [_thread_blocked, id=5288, stack(0x00000000665d0000,0x00000000666d0000)]
  0x00000000655f9000 JavaThread "JDWP Command Reader" daemon [_thread_in_native, id=7028, stack(0x0000000066980000,0x0000000066a80000)]
  0x0000000065b6e000 JavaThread "Service Thread" daemon [_thread_blocked, id=3700, stack(0x0000000066820000,0x0000000066920000)]
  0x00000000655d8000 JavaThread "Thread-1" [_thread_blocked, id=6436, stack(0x00000000674b0000,0x00000000675b0000)]
  0x00000000655d9000 JavaThread "Thread-2" [_thread_blocked, id=6516, stack(0x0000000066f60000,0x0000000067060000)]
=>0x00000000654f6000 JavaThread "Thread-3" [_thread_in_native, id=5856, stack(0x00000000675e0000,0x00000000676e0000)]

Other Threads:
  0x00000000649c8000 VMThread "VM Thread" [stack: 0x0000000064ac0000,0x0000000064bc0000] [id=6856]
  0x0000000065b6f000 WatcherThread [stack: 0x0000000066b30000,0x0000000066c30000] [id=6260]
  0x00000000003aa000 GCTaskThread "GC Thread#0" [stack: 0x000000001ba10000,0x000000001bb10000] [id=6304]
  0x00000000003de800 ConcurrentGCThread "G1 Main Marker" [stack: 0x0000000020fa0000,0x00000000210a0000] [id=4304]
  0x00000000210a0800 ConcurrentGCThread "G1 Conc#0" [stack: 0x00000000211f0000,0x00000000212f0000] [id=5148]
  0x000000002114e800 ConcurrentGCThread "G1 Refine#0" [stack: 0x0000000023ca0000,0x0000000023da0000] [id=5216]
  0x0000000021153000 ConcurrentGCThread "G1 Young RemSet Sampling" [stack: 0x0000000023f40000,0x0000000024040000] [id=6656]

Threads with active compile tasks:

VM state:not at safepoint (normal execution)

VM Mutex/Monitor currently owned by a thread: None

Heap address: 0x0000000081600000, size: 2026 MB, Compressed Oops mode: 32-bit
Narrow klass base: 0x0000000000000000, Narrow klass shift: 0
Compressed class space size: 1073741824 Address: 0x0000000024040000

Heap:
 garbage-first heap   total 131072K, used 6144K [0x0000000081600000, 0x0000000100000000)
  region size 1024K, 8 young (8192K), 0 survivors (0K)
 Metaspace       used 9785K, capacity 9937K, committed 10240K, reserved 1058816K
  class space    used 885K, capacity 951K, committed 1024K, reserved 1048576K
Heap Regions: E=young(eden), S=young(survivor), O=old, HS=humongous(starts), HC=humongous(continues), CS=collection set, F=free, A=archive, TAMS=top-at-mark-start (previous, next)
|   0|0x0000000081600000, 0x0000000081600000, 0x0000000081700000|  0%| F|  |TAMS 0x0000000081600000, 0x0000000081600000| Untracked 
|   1|0x0000000081700000, 0x0000000081700000, 0x0000000081800000|  0%| F|  |TAMS 0x0000000081700000, 0x0000000081700000| Untracked 
|   2|0x0000000081800000, 0x0000000081800000, 0x0000000081900000|  0%| F|  |TAMS 0x0000000081800000, 0x0000000081800000| Untracked 
|   3|0x0000000081900000, 0x0000000081900000, 0x0000000081a00000|  0%| F|  |TAMS 0x0000000081900000, 0x0000000081900000| Untracked 
|   4|0x0000000081a00000, 0x0000000081a00000, 0x0000000081b00000|  0%| F|  |TAMS 0x0000000081a00000, 0x0000000081a00000| Untracked 
|   5|0x0000000081b00000, 0x0000000081b00000, 0x0000000081c00000|  0%| F|  |TAMS 0x0000000081b00000, 0x0000000081b00000| Untracked 
|   6|0x0000000081c00000, 0x0000000081c00000, 0x0000000081d00000|  0%| F|  |TAMS 0x0000000081c00000, 0x0000000081c00000| Untracked 
|   7|0x0000000081d00000, 0x0000000081d00000, 0x0000000081e00000|  0%| F|  |TAMS 0x0000000081d00000, 0x0000000081d00000| Untracked 
|   8|0x0000000081e00000, 0x0000000081e00000, 0x0000000081f00000|  0%| F|  |TAMS 0x0000000081e00000, 0x0000000081e00000| Untracked 
|   9|0x0000000081f00000, 0x0000000081f00000, 0x0000000082000000|  0%| F|  |TAMS 0x0000000081f00000, 0x0000000081f00000| Untracked 
|  10|0x0000000082000000, 0x0000000082000000, 0x0000000082100000|  0%| F|  |TAMS 0x0000000082000000, 0x0000000082000000| Untracked 
|  11|0x0000000082100000, 0x0000000082100000, 0x0000000082200000|  0%| F|  |TAMS 0x0000000082100000, 0x0000000082100000| Untracked 
|  12|0x0000000082200000, 0x0000000082200000, 0x0000000082300000|  0%| F|  |TAMS 0x0000000082200000, 0x0000000082200000| Untracked 
|  13|0x0000000082300000, 0x0000000082300000, 0x0000000082400000|  0%| F|  |TAMS 0x0000000082300000, 0x0000000082300000| Untracked 
|  14|0x0000000082400000, 0x0000000082400000, 0x0000000082500000|  0%| F|  |TAMS 0x0000000082400000, 0x0000000082400000| Untracked 
|  15|0x0000000082500000, 0x0000000082500000, 0x0000000082600000|  0%| F|  |TAMS 0x0000000082500000, 0x0000000082500000| Untracked 
|  16|0x0000000082600000, 0x0000000082600000, 0x0000000082700000|  0%| F|  |TAMS 0x0000000082600000, 0x0000000082600000| Untracked 
|  17|0x0000000082700000, 0x0000000082700000, 0x0000000082800000|  0%| F|  |TAMS 0x0000000082700000, 0x0000000082700000| Untracked 
|  18|0x0000000082800000, 0x0000000082800000, 0x0000000082900000|  0%| F|  |TAMS 0x0000000082800000, 0x0000000082800000| Untracked 
|  19|0x0000000082900000, 0x0000000082900000, 0x0000000082a00000|  0%| F|  |TAMS 0x0000000082900000, 0x0000000082900000| Untracked 
|  20|0x0000000082a00000, 0x0000000082a00000, 0x0000000082b00000|  0%| F|  |TAMS 0x0000000082a00000, 0x0000000082a00000| Untracked 
|  21|0x0000000082b00000, 0x0000000082b00000, 0x0000000082c00000|  0%| F|  |TAMS 0x0000000082b00000, 0x0000000082b00000| Untracked 
|  22|0x0000000082c00000, 0x0000000082c00000, 0x0000000082d00000|  0%| F|  |TAMS 0x0000000082c00000, 0x0000000082c00000| Untracked 
|  23|0x0000000082d00000, 0x0000000082d00000, 0x0000000082e00000|  0%| F|  |TAMS 0x0000000082d00000, 0x0000000082d00000| Untracked 
|  24|0x0000000082e00000, 0x0000000082e00000, 0x0000000082f00000|  0%| F|  |TAMS 0x0000000082e00000, 0x0000000082e00000| Untracked 
|  25|0x0000000082f00000, 0x0000000082f00000, 0x0000000083000000|  0%| F|  |TAMS 0x0000000082f00000, 0x0000000082f00000| Untracked 
|  26|0x0000000083000000, 0x0000000083000000, 0x0000000083100000|  0%| F|  |TAMS 0x0000000083000000, 0x0000000083000000| Untracked 
|  27|0x0000000083100000, 0x0000000083100000, 0x0000000083200000|  0%| F|  |TAMS 0x0000000083100000, 0x0000000083100000| Untracked 
|  28|0x0000000083200000, 0x0000000083200000, 0x0000000083300000|  0%| F|  |TAMS 0x0000000083200000, 0x0000000083200000| Untracked 
|  29|0x0000000083300000, 0x0000000083300000, 0x0000000083400000|  0%| F|  |TAMS 0x0000000083300000, 0x0000000083300000| Untracked 
|  30|0x0000000083400000, 0x0000000083400000, 0x0000000083500000|  0%| F|  |TAMS 0x0000000083400000, 0x0000000083400000| Untracked 
|  31|0x0000000083500000, 0x0000000083500000, 0x0000000083600000|  0%| F|  |TAMS 0x0000000083500000, 0x0000000083500000| Untracked 
|  32|0x0000000083600000, 0x0000000083600000, 0x0000000083700000|  0%| F|  |TAMS 0x0000000083600000, 0x0000000083600000| Untracked 
|  33|0x0000000083700000, 0x0000000083700000, 0x0000000083800000|  0%| F|  |TAMS 0x0000000083700000, 0x0000000083700000| Untracked 
|  34|0x0000000083800000, 0x0000000083800000, 0x0000000083900000|  0%| F|  |TAMS 0x0000000083800000, 0x0000000083800000| Untracked 
|  35|0x0000000083900000, 0x0000000083900000, 0x0000000083a00000|  0%| F|  |TAMS 0x0000000083900000, 0x0000000083900000| Untracked 
|  36|0x0000000083a00000, 0x0000000083a00000, 0x0000000083b00000|  0%| F|  |TAMS 0x0000000083a00000, 0x0000000083a00000| Untracked 
|  37|0x0000000083b00000, 0x0000000083b00000, 0x0000000083c00000|  0%| F|  |TAMS 0x0000000083b00000, 0x0000000083b00000| Untracked 
|  38|0x0000000083c00000, 0x0000000083c00000, 0x0000000083d00000|  0%| F|  |TAMS 0x0000000083c00000, 0x0000000083c00000| Untracked 
|  39|0x0000000083d00000, 0x0000000083d00000, 0x0000000083e00000|  0%| F|  |TAMS 0x0000000083d00000, 0x0000000083d00000| Untracked 
|  40|0x0000000083e00000, 0x0000000083e00000, 0x0000000083f00000|  0%| F|  |TAMS 0x0000000083e00000, 0x0000000083e00000| Untracked 
|  41|0x0000000083f00000, 0x0000000083f00000, 0x0000000084000000|  0%| F|  |TAMS 0x0000000083f00000, 0x0000000083f00000| Untracked 
|  42|0x0000000084000000, 0x0000000084000000, 0x0000000084100000|  0%| F|  |TAMS 0x0000000084000000, 0x0000000084000000| Untracked 
|  43|0x0000000084100000, 0x0000000084100000, 0x0000000084200000|  0%| F|  |TAMS 0x0000000084100000, 0x0000000084100000| Untracked 
|  44|0x0000000084200000, 0x0000000084200000, 0x0000000084300000|  0%| F|  |TAMS 0x0000000084200000, 0x0000000084200000| Untracked 
|  45|0x0000000084300000, 0x0000000084300000, 0x0000000084400000|  0%| F|  |TAMS 0x0000000084300000, 0x0000000084300000| Untracked 
|  46|0x0000000084400000, 0x0000000084400000, 0x0000000084500000|  0%| F|  |TAMS 0x0000000084400000, 0x0000000084400000| Untracked 
|  47|0x0000000084500000, 0x0000000084500000, 0x0000000084600000|  0%| F|  |TAMS 0x0000000084500000, 0x0000000084500000| Untracked 
|  48|0x0000000084600000, 0x0000000084600000, 0x0000000084700000|  0%| F|  |TAMS 0x0000000084600000, 0x0000000084600000| Untracked 
|  49|0x0000000084700000, 0x0000000084700000, 0x0000000084800000|  0%| F|  |TAMS 0x0000000084700000, 0x0000000084700000| Untracked 
|  50|0x0000000084800000, 0x0000000084800000, 0x0000000084900000|  0%| F|  |TAMS 0x0000000084800000, 0x0000000084800000| Untracked 
|  51|0x0000000084900000, 0x0000000084900000, 0x0000000084a00000|  0%| F|  |TAMS 0x0000000084900000, 0x0000000084900000| Untracked 
|  52|0x0000000084a00000, 0x0000000084a00000, 0x0000000084b00000|  0%| F|  |TAMS 0x0000000084a00000, 0x0000000084a00000| Untracked 
|  53|0x0000000084b00000, 0x0000000084b00000, 0x0000000084c00000|  0%| F|  |TAMS 0x0000000084b00000, 0x0000000084b00000| Untracked 
|  54|0x0000000084c00000, 0x0000000084c00000, 0x0000000084d00000|  0%| F|  |TAMS 0x0000000084c00000, 0x0000000084c00000| Untracked 
|  55|0x0000000084d00000, 0x0000000084d00000, 0x0000000084e00000|  0%| F|  |TAMS 0x0000000084d00000, 0x0000000084d00000| Untracked 
|  56|0x0000000084e00000, 0x0000000084e00000, 0x0000000084f00000|  0%| F|  |TAMS 0x0000000084e00000, 0x0000000084e00000| Untracked 
|  57|0x0000000084f00000, 0x0000000084f00000, 0x0000000085000000|  0%| F|  |TAMS 0x0000000084f00000, 0x0000000084f00000| Untracked 
|  58|0x0000000085000000, 0x0000000085000000, 0x0000000085100000|  0%| F|  |TAMS 0x0000000085000000, 0x0000000085000000| Untracked 
|  59|0x0000000085100000, 0x0000000085100000, 0x0000000085200000|  0%| F|  |TAMS 0x0000000085100000, 0x0000000085100000| Untracked 
|  60|0x0000000085200000, 0x0000000085200000, 0x0000000085300000|  0%| F|  |TAMS 0x0000000085200000, 0x0000000085200000| Untracked 
|  61|0x0000000085300000, 0x0000000085300000, 0x0000000085400000|  0%| F|  |TAMS 0x0000000085300000, 0x0000000085300000| Untracked 
|  62|0x0000000085400000, 0x0000000085400000, 0x0000000085500000|  0%| F|  |TAMS 0x0000000085400000, 0x0000000085400000| Untracked 
|  63|0x0000000085500000, 0x0000000085500000, 0x0000000085600000|  0%| F|  |TAMS 0x0000000085500000, 0x0000000085500000| Untracked 
|  64|0x0000000085600000, 0x0000000085600000, 0x0000000085700000|  0%| F|  |TAMS 0x0000000085600000, 0x0000000085600000| Untracked 
|  65|0x0000000085700000, 0x0000000085700000, 0x0000000085800000|  0%| F|  |TAMS 0x0000000085700000, 0x0000000085700000| Untracked 
|  66|0x0000000085800000, 0x0000000085800000, 0x0000000085900000|  0%| F|  |TAMS 0x0000000085800000, 0x0000000085800000| Untracked 
|  67|0x0000000085900000, 0x0000000085900000, 0x0000000085a00000|  0%| F|  |TAMS 0x0000000085900000, 0x0000000085900000| Untracked 
|  68|0x0000000085a00000, 0x0000000085a00000, 0x0000000085b00000|  0%| F|  |TAMS 0x0000000085a00000, 0x0000000085a00000| Untracked 
|  69|0x0000000085b00000, 0x0000000085b00000, 0x0000000085c00000|  0%| F|  |TAMS 0x0000000085b00000, 0x0000000085b00000| Untracked 
|  70|0x0000000085c00000, 0x0000000085c00000, 0x0000000085d00000|  0%| F|  |TAMS 0x0000000085c00000, 0x0000000085c00000| Untracked 
|  71|0x0000000085d00000, 0x0000000085d00000, 0x0000000085e00000|  0%| F|  |TAMS 0x0000000085d00000, 0x0000000085d00000| Untracked 
|  72|0x0000000085e00000, 0x0000000085e00000, 0x0000000085f00000|  0%| F|  |TAMS 0x0000000085e00000, 0x0000000085e00000| Untracked 
|  73|0x0000000085f00000, 0x0000000085f00000, 0x0000000086000000|  0%| F|  |TAMS 0x0000000085f00000, 0x0000000085f00000| Untracked 
|  74|0x0000000086000000, 0x0000000086000000, 0x0000000086100000|  0%| F|  |TAMS 0x0000000086000000, 0x0000000086000000| Untracked 
|  75|0x0000000086100000, 0x0000000086100000, 0x0000000086200000|  0%| F|  |TAMS 0x0000000086100000, 0x0000000086100000| Untracked 
|  76|0x0000000086200000, 0x0000000086200000, 0x0000000086300000|  0%| F|  |TAMS 0x0000000086200000, 0x0000000086200000| Untracked 
|  77|0x0000000086300000, 0x0000000086300000, 0x0000000086400000|  0%| F|  |TAMS 0x0000000086300000, 0x0000000086300000| Untracked 
|  78|0x0000000086400000, 0x0000000086400000, 0x0000000086500000|  0%| F|  |TAMS 0x0000000086400000, 0x0000000086400000| Untracked 
|  79|0x0000000086500000, 0x0000000086500000, 0x0000000086600000|  0%| F|  |TAMS 0x0000000086500000, 0x0000000086500000| Untracked 
|  80|0x0000000086600000, 0x0000000086600000, 0x0000000086700000|  0%| F|  |TAMS 0x0000000086600000, 0x0000000086600000| Untracked 
|  81|0x0000000086700000, 0x0000000086700000, 0x0000000086800000|  0%| F|  |TAMS 0x0000000086700000, 0x0000000086700000| Untracked 
|  82|0x0000000086800000, 0x0000000086800000, 0x0000000086900000|  0%| F|  |TAMS 0x0000000086800000, 0x0000000086800000| Untracked 
|  83|0x0000000086900000, 0x0000000086900000, 0x0000000086a00000|  0%| F|  |TAMS 0x0000000086900000, 0x0000000086900000| Untracked 
|  84|0x0000000086a00000, 0x0000000086a00000, 0x0000000086b00000|  0%| F|  |TAMS 0x0000000086a00000, 0x0000000086a00000| Untracked 
|  85|0x0000000086b00000, 0x0000000086b00000, 0x0000000086c00000|  0%| F|  |TAMS 0x0000000086b00000, 0x0000000086b00000| Untracked 
|  86|0x0000000086c00000, 0x0000000086c00000, 0x0000000086d00000|  0%| F|  |TAMS 0x0000000086c00000, 0x0000000086c00000| Untracked 
|  87|0x0000000086d00000, 0x0000000086d00000, 0x0000000086e00000|  0%| F|  |TAMS 0x0000000086d00000, 0x0000000086d00000| Untracked 
|  88|0x0000000086e00000, 0x0000000086e00000, 0x0000000086f00000|  0%| F|  |TAMS 0x0000000086e00000, 0x0000000086e00000| Untracked 
|  89|0x0000000086f00000, 0x0000000086f00000, 0x0000000087000000|  0%| F|  |TAMS 0x0000000086f00000, 0x0000000086f00000| Untracked 
|  90|0x0000000087000000, 0x0000000087000000, 0x0000000087100000|  0%| F|  |TAMS 0x0000000087000000, 0x0000000087000000| Untracked 
|  91|0x0000000087100000, 0x0000000087100000, 0x0000000087200000|  0%| F|  |TAMS 0x0000000087100000, 0x0000000087100000| Untracked 
|  92|0x0000000087200000, 0x0000000087200000, 0x0000000087300000|  0%| F|  |TAMS 0x0000000087200000, 0x0000000087200000| Untracked 
|  93|0x0000000087300000, 0x0000000087300000, 0x0000000087400000|  0%| F|  |TAMS 0x0000000087300000, 0x0000000087300000| Untracked 
|  94|0x0000000087400000, 0x0000000087400000, 0x0000000087500000|  0%| F|  |TAMS 0x0000000087400000, 0x0000000087400000| Untracked 
|  95|0x0000000087500000, 0x0000000087500000, 0x0000000087600000|  0%| F|  |TAMS 0x0000000087500000, 0x0000000087500000| Untracked 
|  96|0x0000000087600000, 0x0000000087600000, 0x0000000087700000|  0%| F|  |TAMS 0x0000000087600000, 0x0000000087600000| Untracked 
|  97|0x0000000087700000, 0x0000000087700000, 0x0000000087800000|  0%| F|  |TAMS 0x0000000087700000, 0x0000000087700000| Untracked 
|  98|0x0000000087800000, 0x0000000087800000, 0x0000000087900000|  0%| F|  |TAMS 0x0000000087800000, 0x0000000087800000| Untracked 
|  99|0x0000000087900000, 0x0000000087900000, 0x0000000087a00000|  0%| F|  |TAMS 0x0000000087900000, 0x0000000087900000| Untracked 
| 100|0x0000000087a00000, 0x0000000087a00000, 0x0000000087b00000|  0%| F|  |TAMS 0x0000000087a00000, 0x0000000087a00000| Untracked 
| 101|0x0000000087b00000, 0x0000000087b00000, 0x0000000087c00000|  0%| F|  |TAMS 0x0000000087b00000, 0x0000000087b00000| Untracked 
| 102|0x0000000087c00000, 0x0000000087c00000, 0x0000000087d00000|  0%| F|  |TAMS 0x0000000087c00000, 0x0000000087c00000| Untracked 
| 103|0x0000000087d00000, 0x0000000087d00000, 0x0000000087e00000|  0%| F|  |TAMS 0x0000000087d00000, 0x0000000087d00000| Untracked 
| 104|0x0000000087e00000, 0x0000000087e00000, 0x0000000087f00000|  0%| F|  |TAMS 0x0000000087e00000, 0x0000000087e00000| Untracked 
| 105|0x0000000087f00000, 0x0000000087f00000, 0x0000000088000000|  0%| F|  |TAMS 0x0000000087f00000, 0x0000000087f00000| Untracked 
| 106|0x0000000088000000, 0x0000000088000000, 0x0000000088100000|  0%| F|  |TAMS 0x0000000088000000, 0x0000000088000000| Untracked 
| 107|0x0000000088100000, 0x0000000088100000, 0x0000000088200000|  0%| F|  |TAMS 0x0000000088100000, 0x0000000088100000| Untracked 
| 108|0x0000000088200000, 0x0000000088200000, 0x0000000088300000|  0%| F|  |TAMS 0x0000000088200000, 0x0000000088200000| Untracked 
| 109|0x0000000088300000, 0x0000000088300000, 0x0000000088400000|  0%| F|  |TAMS 0x0000000088300000, 0x0000000088300000| Untracked 
| 110|0x0000000088400000, 0x0000000088400000, 0x0000000088500000|  0%| F|  |TAMS 0x0000000088400000, 0x0000000088400000| Untracked 
| 111|0x0000000088500000, 0x0000000088500000, 0x0000000088600000|  0%| F|  |TAMS 0x0000000088500000, 0x0000000088500000| Untracked 
| 112|0x0000000088600000, 0x0000000088600000, 0x0000000088700000|  0%| F|  |TAMS 0x0000000088600000, 0x0000000088600000| Untracked 
| 113|0x0000000088700000, 0x0000000088700000, 0x0000000088800000|  0%| F|  |TAMS 0x0000000088700000, 0x0000000088700000| Untracked 
| 114|0x0000000088800000, 0x0000000088800000, 0x0000000088900000|  0%| F|  |TAMS 0x0000000088800000, 0x0000000088800000| Untracked 
| 115|0x0000000088900000, 0x0000000088900000, 0x0000000088a00000|  0%| F|  |TAMS 0x0000000088900000, 0x0000000088900000| Untracked 
| 116|0x0000000088a00000, 0x0000000088a00000, 0x0000000088b00000|  0%| F|  |TAMS 0x0000000088a00000, 0x0000000088a00000| Untracked 
| 117|0x0000000088b00000, 0x0000000088b00000, 0x0000000088c00000|  0%| F|  |TAMS 0x0000000088b00000, 0x0000000088b00000| Untracked 
| 118|0x0000000088c00000, 0x0000000088c00000, 0x0000000088d00000|  0%| F|  |TAMS 0x0000000088c00000, 0x0000000088c00000| Untracked 
| 119|0x0000000088d00000, 0x0000000088d00000, 0x0000000088e00000|  0%| F|  |TAMS 0x0000000088d00000, 0x0000000088d00000| Untracked 
| 120|0x0000000088e00000, 0x0000000088ef6490, 0x0000000088f00000| 96%| E|  |TAMS 0x0000000088e00000, 0x0000000088e00000| Complete 
| 121|0x0000000088f00000, 0x0000000089000000, 0x0000000089000000|100%| E|CS|TAMS 0x0000000088f00000, 0x0000000088f00000| Complete 
| 122|0x0000000089000000, 0x0000000089100000, 0x0000000089100000|100%| E|CS|TAMS 0x0000000089000000, 0x0000000089000000| Complete 
| 123|0x0000000089100000, 0x0000000089200000, 0x0000000089200000|100%| E|CS|TAMS 0x0000000089100000, 0x0000000089100000| Complete 
| 124|0x0000000089200000, 0x0000000089300000, 0x0000000089300000|100%| E|  |TAMS 0x0000000089200000, 0x0000000089200000| Complete 
| 125|0x0000000089300000, 0x0000000089400000, 0x0000000089400000|100%| E|CS|TAMS 0x0000000089300000, 0x0000000089300000| Complete 
| 126|0x0000000089400000, 0x0000000089500000, 0x0000000089500000|100%| E|CS|TAMS 0x0000000089400000, 0x0000000089400000| Complete 
| 127|0x0000000089500000, 0x0000000089600000, 0x0000000089600000|100%| E|CS|TAMS 0x0000000089500000, 0x0000000089500000| Complete 

Card table byte_map: [0x000000001c790000,0x000000001cb90000] _byte_map_base: 0x000000001c385000

Marking Bits (Prev, Next): (CMBitMap*) 0x00000000003d5e58, (CMBitMap*) 0x00000000003d5e90
 Prev Bits: [0x000000001cf90000, 0x000000001ef38000)
 Next Bits: [0x000000001ef40000, 0x0000000020ee8000)

Polling page: 0x0000000000130000

Metaspace:

Usage:
  Non-class:      8.78 MB capacity,     8.69 MB (>99%) used,    77.70 KB ( <1%) free+waste,     9.25 KB ( <1%) overhead. 
      Class:    951.00 KB capacity,   885.95 KB ( 93%) used,    61.05 KB (  6%) free+waste,     4.00 KB ( <1%) overhead. 
       Both:      9.70 MB capacity,     9.56 MB ( 98%) used,   138.74 KB (  1%) free+waste,    13.25 KB ( <1%) overhead. 

Virtual space:
  Non-class space:       10.00 MB reserved,       9.00 MB ( 90%) committed 
      Class space:        1.00 GB reserved,       1.00 MB ( <1%) committed 
             Both:        1.01 GB reserved,      10.00 MB ( <1%) committed 

Chunk freelists:
   Non-Class:  38.00 KB
       Class:  9.00 KB
        Both:  47.00 KB

MaxMetaspaceSize: 17179869184.00 GB
CompressedClassSpaceSize: 1.00 GB

CodeHeap 'non-profiled nmethods': size=120000Kb used=144Kb max_used=144Kb free=119855Kb
 bounds [0x0000000014320000, 0x0000000014590000, 0x000000001b850000]
CodeHeap 'profiled nmethods': size=120000Kb used=584Kb max_used=584Kb free=119415Kb
 bounds [0x000000000cdf0000, 0x000000000d060000, 0x0000000014320000]
CodeHeap 'non-nmethods': size=5760Kb used=1157Kb max_used=1157Kb free=4602Kb
 bounds [0x000000000c850000, 0x000000000cac0000, 0x000000000cdf0000]
 total_blobs=848 nmethods=463 adapters=305
 compilation: enabled
              stopped_count=0, restarted_count=0
 full_count=0

Compilation events (20 events):
Event: 0.468 Thread 0x00000000649fb000  421       3       java.lang.reflect.Modifier::isProtected (12 bytes)
Event: 0.468 Thread 0x00000000649fb000 nmethod 421 0x000000000ce7dd90 code [0x000000000ce7df40, 0x000000000ce7e078]
Event: 46.964 Thread 0x00000000649fb000  422       3       java.lang.String::replace (42 bytes)
Event: 46.964 Thread 0x00000000649fb000 nmethod 422 0x000000000ce7e110 code [0x000000000ce7e2e0, 0x000000000ce7e618]
Event: 46.964 Thread 0x00000000649fb000  423       3       java.lang.String::indexOf (65 bytes)
Event: 46.964 Thread 0x00000000649fb000 nmethod 423 0x000000000ce7e710 code [0x000000000ce7e980, 0x000000000ce7f348]
Event: 46.968 Thread 0x00000000649fb000  424       3       org.eclipse.jdt.launching.internal.org.objectweb.asm.ClassReader::readUtf (44 bytes)
Event: 46.969 Thread 0x00000000649fb000 nmethod 424 0x000000000ce7f690 code [0x000000000ce7f880, 0x000000000ce7fce8]
Event: 46.969 Thread 0x00000000649fb000  426       3       org.eclipse.jdt.launching.internal.org.objectweb.asm.ClassReader::getItem (7 bytes)
Event: 46.969 Thread 0x00000000649fb000 nmethod 426 0x000000000ce7ff90 code [0x000000000ce80140, 0x000000000ce80278]
Event: 46.969 Thread 0x00000000649fb000  425       3       java.lang.String::<init> (74 bytes)
Event: 46.969 Thread 0x00000000649fb000 nmethod 425 0x000000000ce80390 code [0x000000000ce805a0, 0x000000000ce80c18]
Event: 46.969 Thread 0x00000000649fb000  427       3       org.eclipse.jdt.launching.internal.org.objectweb.asm.Symbol::<init> (38 bytes)
Event: 46.969 Thread 0x00000000649fb000 nmethod 427 0x000000000ce80f10 code [0x000000000ce810c0, 0x000000000ce81358]
Event: 46.969 Thread 0x00000000649fb000  428       3       org.eclipse.jdt.launching.internal.org.objectweb.asm.SymbolTable::add (39 bytes)
Event: 46.969 Thread 0x00000000649fb000 nmethod 428 0x000000000ce81490 code [0x000000000ce81660, 0x000000000ce81978]
Event: 145.638 Thread 0x00000000649fb000  462       3       java.lang.StringUTF16::length (5 bytes)
Event: 145.638 Thread 0x00000000649fb000 nmethod 462 0x000000000ce81a90 code [0x000000000ce81c40, 0x000000000ce81d38]
Event: 145.638 Thread 0x00000000649fb000  463       3       java.nio.Buffer::limit (65 bytes)
Event: 145.639 Thread 0x00000000649fb000 nmethod 463 0x000000000ce81e10 code [0x000000000ce81fe0, 0x000000000ce822c8]

GC Heap History (0 events):
No events

Deoptimization events (20 events):
Event: 0.443 Thread 0x0000000000392800 DEOPT PACKING pc=0x000000000ce66f01 sp=0x000000000228a430
Event: 0.443 Thread 0x0000000000392800 DEOPT UNPACKING pc=0x000000000c88b8ce sp=0x00000000022898f8 mode 0
Event: 0.443 Thread 0x0000000000392800 DEOPT PACKING pc=0x000000000ce66f01 sp=0x000000000228a430
Event: 0.443 Thread 0x0000000000392800 DEOPT UNPACKING pc=0x000000000c88b8ce sp=0x00000000022898f8 mode 0
Event: 0.444 Thread 0x0000000000392800 DEOPT PACKING pc=0x000000000ce66f01 sp=0x000000000228a430
Event: 0.444 Thread 0x0000000000392800 DEOPT UNPACKING pc=0x000000000c88b8ce sp=0x00000000022898f8 mode 0
Event: 0.446 Thread 0x0000000000392800 DEOPT PACKING pc=0x000000000ce66f01 sp=0x000000000228a430
Event: 0.446 Thread 0x0000000000392800 DEOPT UNPACKING pc=0x000000000c88b8ce sp=0x00000000022898f8 mode 0
Event: 0.447 Thread 0x0000000000392800 DEOPT PACKING pc=0x000000000ce66f01 sp=0x000000000228a430
Event: 0.447 Thread 0x0000000000392800 DEOPT UNPACKING pc=0x000000000c88b8ce sp=0x00000000022898f8 mode 0
Event: 0.448 Thread 0x0000000000392800 DEOPT PACKING pc=0x000000000ce66f01 sp=0x000000000228a430
Event: 0.448 Thread 0x0000000000392800 DEOPT UNPACKING pc=0x000000000c88b8ce sp=0x00000000022898f8 mode 0
Event: 0.451 Thread 0x0000000000392800 DEOPT PACKING pc=0x000000000ce66f01 sp=0x000000000228b780
Event: 0.451 Thread 0x0000000000392800 DEOPT UNPACKING pc=0x000000000c88b8ce sp=0x000000000228ac48 mode 0
Event: 0.451 Thread 0x0000000000392800 DEOPT PACKING pc=0x000000000ce66f01 sp=0x000000000228b780
Event: 0.451 Thread 0x0000000000392800 DEOPT UNPACKING pc=0x000000000c88b8ce sp=0x000000000228ac48 mode 0
Event: 0.455 Thread 0x0000000000392800 Uncommon trap: trap_request=0xffffff4d fr.pc=0x00000000143267a0 relative=0x0000000000000200
Event: 0.455 Thread 0x0000000000392800 Uncommon trap: reason=unstable_if action=reinterpret pc=0x00000000143267a0 method=java.lang.String.isLatin1()Z @ 10 c2
Event: 0.455 Thread 0x0000000000392800 DEOPT PACKING pc=0x00000000143267a0 sp=0x000000000228c760
Event: 0.455 Thread 0x0000000000392800 DEOPT UNPACKING pc=0x000000000c88baaf sp=0x000000000228c6a0 mode 2

Classes redefined (0 events):
No events

Internal exceptions (2 events):
Event: 59.623 Thread 0x00000000654f6000 Exception <a 'java/lang/NoSuchMethodError'{0x0000000088fbb4b0}: 'java.lang.Object java.lang.invoke.DirectMethodHandle$Holder.invokeStaticInit(java.lang.Object, int, int, int, int)'> (0x0000000088fbb4b0) thrown at [./src/hotspot/share/interpreter/linkResolver.cpp, line 773]
Event: 59.800 Thread 0x00000000654f6000 Exception <a 'java/lang/NoSuchMethodError'{0x0000000088fda2d0}: 'java.lang.Object java.lang.invoke.DirectMethodHandle$Holder.invokeStaticInit(java.lang.Object, java.lang.Object, int, int, int, int)'> (0x0000000088fda2d0) thrown at [./src/hotspot/share/interpreter/linkResolver.cpp, line 773]

Events (20 events):
Event: 203.894 Executing VM operation: GetFrameCount
Event: 203.895 Executing VM operation: GetFrameCount done
Event: 203.895 Executing VM operation: SetFramePop
Event: 203.895 Executing VM operation: SetFramePop done
Event: 203.895 Executing VM operation: GetFrameLocation
Event: 203.895 Executing VM operation: GetFrameLocation done
Event: 203.895 Executing VM operation: GetCurrentContendedMonitor
Event: 203.895 Executing VM operation: GetCurrentContendedMonitor done
Event: 203.895 Executing VM operation: GetOwnedMonitorInfo
Event: 203.895 Executing VM operation: GetOwnedMonitorInfo done
Event: 203.895 Executing VM operation: GetFrameCount
Event: 203.895 Executing VM operation: GetFrameCount done
Event: 203.896 Executing VM operation: GetFrameCount
Event: 203.896 Executing VM operation: GetFrameCount done
Event: 203.896 Executing VM operation: GetStackTrace
Event: 203.896 Executing VM operation: GetStackTrace done
Event: 203.897 Executing VM operation: GetFrameLocation
Event: 203.897 Executing VM operation: GetFrameLocation done
Event: 203.897 Executing VM operation: GetOrSetLocal
Event: 203.897 Executing VM operation: GetOrSetLocal done


Dynamic libraries:
0x000000013f9a0000 - 0x000000013f9ad000 	C:\Program Files\BellSoft\LibericaJDK-11-Full\bin\javaw.exe
0x0000000077710000 - 0x00000000778af000 	C:\Windows\SYSTEM32\ntdll.dll
0x00000000775f0000 - 0x000000007770f000 	C:\Windows\system32\kernel32.dll
0x000007fefd2e0000 - 0x000007fefd347000 	C:\Windows\system32\KERNELBASE.dll
0x0000000074f50000 - 0x0000000074fd8000 	C:\Windows\System32\SYSFER.DLL
0x000007feec320000 - 0x000007feec337000 	C:\Program Files\BellSoft\LibericaJDK-11-Full\bin\jli.dll
0x000007fefbc20000 - 0x000007fefbe15000 	C:\Windows\WinSxS\amd64_microsoft.windows.common-controls_6595b64144ccf1df_6.0.7601.24483_none_e372d88f30fbb845\COMCTL32.dll
0x000007fefe590000 - 0x000007fefe62f000 	C:\Windows\system32\msvcrt.dll
0x000007fefd830000 - 0x000007fefd897000 	C:\Windows\system32\GDI32.dll
0x00000000774f0000 - 0x00000000775eb000 	C:\Windows\system32\USER32.dll
0x000007feff9c0000 - 0x000007feff9ce000 	C:\Windows\system32\LPK.dll
0x000007fefdca0000 - 0x000007fefdd6b000 	C:\Windows\system32\USP10.dll
0x000007fefe6d0000 - 0x000007fefe741000 	C:\Windows\system32\SHLWAPI.dll
0x000007fef6ce0000 - 0x000007fef6cf5000 	C:\Program Files\BellSoft\LibericaJDK-11-Full\bin\VCRUNTIME140.dll
0x000007fef6b70000 - 0x000007fef6b74000 	C:\Program Files\BellSoft\LibericaJDK-11-Full\bin\api-ms-win-crt-runtime-l1-1-0.dll
0x000007fee8810000 - 0x000007fee890c000 	C:\Program Files\BellSoft\LibericaJDK-11-Full\bin\ucrtbase.DLL
0x000007fefae80000 - 0x000007fefae83000 	C:\Program Files\BellSoft\LibericaJDK-11-Full\bin\api-ms-win-core-localization-l1-2-0.dll
0x000007feec310000 - 0x000007feec313000 	C:\Program Files\BellSoft\LibericaJDK-11-Full\bin\api-ms-win-core-processthreads-l1-1-1.dll
0x000007feeedd0000 - 0x000007feeedd3000 	C:\Program Files\BellSoft\LibericaJDK-11-Full\bin\api-ms-win-core-file-l1-2-0.dll
0x000007feec1b0000 - 0x000007feec1b3000 	C:\Program Files\BellSoft\LibericaJDK-11-Full\bin\api-ms-win-core-timezone-l1-1-0.dll
0x000007feec1a0000 - 0x000007feec1a3000 	C:\Program Files\BellSoft\LibericaJDK-11-Full\bin\api-ms-win-core-file-l2-1-0.dll
0x000007feec190000 - 0x000007feec193000 	C:\Program Files\BellSoft\LibericaJDK-11-Full\bin\api-ms-win-core-synch-l1-2-0.dll
0x000007feec160000 - 0x000007feec163000 	C:\Program Files\BellSoft\LibericaJDK-11-Full\bin\api-ms-win-crt-heap-l1-1-0.dll
0x000007feec140000 - 0x000007feec144000 	C:\Program Files\BellSoft\LibericaJDK-11-Full\bin\api-ms-win-crt-string-l1-1-0.dll
0x000007feec150000 - 0x000007feec154000 	C:\Program Files\BellSoft\LibericaJDK-11-Full\bin\api-ms-win-crt-stdio-l1-1-0.dll
0x000007feec130000 - 0x000007feec134000 	C:\Program Files\BellSoft\LibericaJDK-11-Full\bin\api-ms-win-crt-convert-l1-1-0.dll
0x000007feec120000 - 0x000007feec123000 	C:\Program Files\BellSoft\LibericaJDK-11-Full\bin\api-ms-win-crt-environment-l1-1-0.dll
0x000007feebf30000 - 0x000007feebf33000 	C:\Program Files\BellSoft\LibericaJDK-11-Full\bin\api-ms-win-crt-filesystem-l1-1-0.dll
0x000007feebf20000 - 0x000007feebf25000 	C:\Program Files\BellSoft\LibericaJDK-11-Full\bin\api-ms-win-crt-math-l1-1-0.dll
0x000007feebf00000 - 0x000007feebf03000 	C:\Program Files\BellSoft\LibericaJDK-11-Full\bin\api-ms-win-crt-locale-l1-1-0.dll
0x000007feff9d0000 - 0x000007feff9fe000 	C:\Windows\system32\IMM32.DLL
0x000007fefeb20000 - 0x000007fefec2b000 	C:\Windows\system32\MSCTF.dll
0x000007feeb3e0000 - 0x000007feeb47b000 	C:\Program Files\BellSoft\LibericaJDK-11-Full\bin\msvcp140.dll
0x000007feebf10000 - 0x000007feebf13000 	C:\Program Files\BellSoft\LibericaJDK-11-Full\bin\api-ms-win-crt-time-l1-1-0.dll
0x000007feebee0000 - 0x000007feebee3000 	C:\Program Files\BellSoft\LibericaJDK-11-Full\bin\api-ms-win-crt-utility-l1-1-0.dll
0x000007fed6900000 - 0x000007fed7444000 	C:\Program Files\BellSoft\LibericaJDK-11-Full\bin\server\jvm.dll
0x000007fefe9a0000 - 0x000007fefea7b000 	C:\Windows\system32\ADVAPI32.dll
0x000007fefea80000 - 0x000007fefea9f000 	C:\Windows\SYSTEM32\sechost.dll
0x000007fefdb70000 - 0x000007fefdc9c000 	C:\Windows\system32\RPCRT4.dll
0x000007fefa1a0000 - 0x000007fefa1a9000 	C:\Windows\system32\WSOCK32.dll
0x000007fefe950000 - 0x000007fefe99d000 	C:\Windows\system32\WS2_32.dll
0x000007fefd800000 - 0x000007fefd808000 	C:\Windows\system32\NSI.dll
0x000007fef32a0000 - 0x000007fef32db000 	C:\Windows\system32\WINMM.dll
0x000007fefc4b0000 - 0x000007fefc4bc000 	C:\Windows\system32\VERSION.dll
0x00000000778b0000 - 0x00000000778b7000 	C:\Windows\system32\PSAPI.DLL
0x000007feebef0000 - 0x000007feebf00000 	C:\Program Files\BellSoft\LibericaJDK-11-Full\bin\verify.dll
0x000007fef44c0000 - 0x000007fef45e5000 	C:\Windows\system32\DBGHELP.DLL
0x000007feebe80000 - 0x000007feebea8000 	C:\Program Files\BellSoft\LibericaJDK-11-Full\bin\java.dll
0x000007feebed0000 - 0x000007feebeda000 	C:\Program Files\BellSoft\LibericaJDK-11-Full\bin\jimage.dll
0x000007feeb3a0000 - 0x000007feeb3d8000 	C:\Program Files\BellSoft\LibericaJDK-11-Full\bin\jdwp.dll
0x000007feebec0000 - 0x000007feebece000 	C:\Program Files\BellSoft\LibericaJDK-11-Full\bin\instrument.dll
0x000007feeb380000 - 0x000007feeb397000 	C:\Program Files\BellSoft\LibericaJDK-11-Full\bin\zip.dll
0x000007fefec30000 - 0x000007feff9bb000 	C:\Windows\system32\SHELL32.dll
0x000007fefe750000 - 0x000007fefe94f000 	C:\Windows\system32\ole32.dll
0x000007fefd260000 - 0x000007fefd26f000 	C:\Windows\system32\profapi.dll
0x000007feebeb0000 - 0x000007feebeba000 	C:\Program Files\BellSoft\LibericaJDK-11-Full\bin\dt_socket.dll
0x000007fefc9a0000 - 0x000007fefc9f5000 	C:\Windows\System32\mswsock.dll
0x000007fefc820000 - 0x000007fefc87b000 	C:\Windows\system32\DNSAPI.dll
0x000007fefabe0000 - 0x000007fefac07000 	C:\Windows\system32\IPHLPAPI.DLL
0x000007fefabd0000 - 0x000007fefabdb000 	C:\Windows\system32\WINNSI.DLL
0x000007fefaac0000 - 0x000007fefab13000 	C:\Windows\System32\fwpuclnt.dll
0x000007fefa510000 - 0x000007fefa518000 	C:\Windows\system32\rasadhlp.dll
0x000007fefc990000 - 0x000007fefc997000 	C:\Windows\System32\wship6.dll
0x000007fefc3f0000 - 0x000007fefc3f7000 	C:\Windows\System32\wshtcpip.dll
0x000007feeb360000 - 0x000007feeb379000 	C:\Program Files\BellSoft\LibericaJDK-11-Full\bin\net.dll
0x000007fef9da0000 - 0x000007fef9e11000 	C:\Windows\system32\WINHTTP.dll
0x000007fef9d30000 - 0x000007fef9d95000 	C:\Windows\system32\webio.dll
0x000007feeb340000 - 0x000007feeb352000 	C:\Program Files\BellSoft\LibericaJDK-11-Full\bin\nio.dll
0x000007fefca00000 - 0x000007fefca18000 	C:\Windows\system32\CRYPTSP.dll
0x000007fefc700000 - 0x000007fefc747000 	C:\Windows\system32\rsaenh.dll
0x000007fefd2a0000 - 0x000007fefd2bf000 	C:\Windows\system32\USERENV.dll
0x000007fefd0c0000 - 0x000007fefd0cf000 	C:\Windows\system32\CRYPTBASE.dll
0x000007fefaa50000 - 0x000007fefaa61000 	C:\Windows\system32\dhcpcsvc6.DLL
0x000007fefaa30000 - 0x000007fefaa48000 	C:\Windows\system32\dhcpcsvc.DLL
0x000007fee4dc0000 - 0x000007fee4df4000 	C:\Users\190441091\AppData\Local\Temp\VE026A_JNI12776316860789696423.dll
0x000007fed75f0000 - 0x000007fed8074000 	C:\Windows\system32\mfc120ud.dll
0x000007fed66e0000 - 0x000007fed68f1000 	C:\Windows\system32\MSVCR120D.dll
0x000007fefd900000 - 0x000007fefd9db000 	C:\Windows\system32\OLEAUT32.dll
0x000007fefb850000 - 0x000007fefb8a6000 	C:\Windows\system32\UxTheme.dll
0x000007fefe630000 - 0x000007fefe6c9000 	C:\Windows\system32\CLBCatQ.DLL
0x000007fefd1b0000 - 0x000007fefd1c4000 	C:\Windows\system32\RpcRtRemote.dll
0x000007fefd110000 - 0x000007fefd1a1000 	C:\Windows\system32\SXS.DLL

dbghelp: loaded successfully - version: 4.0.5 - missing functions: none
symbol engine: initialized successfully - sym options: 0x614 - pdb path: .;C:\Program Files\BellSoft\LibericaJDK-11-Full\bin;C:\Windows\SYSTEM32;C:\Windows\WinSxS\amd64_microsoft.windows.common-controls_6595b64144ccf1df_6.0.7601.24483_none_e372d88f30fbb845;C:\Program Files\BellSoft\LibericaJDK-11-Full\bin\server;C:\Users\190441091\AppData\Local\Temp

VM Arguments:
jvm_args: -agentlib:jdwp=transport=dt_socket,suspend=y,address=localhost:50426 -javaagent:C:\eclipse\configuration\org.eclipse.osgi\221\0\.cp\lib\javaagent-shaded.jar -Dfile.encoding=UTF-8 
java_command: ieexp3.id190441091.BasicTask4Server 1234
java_class_path (initial): E:\ieexp3\new\workspace\IEExp3-Step4\bin;E:\ieexp3\new\workspace\VE026A_JNI\lib\VE026A_JNI.jar
Launcher Type: SUN_STANDARD

[Global flags]
     intx CICompilerCount                          = 4                                         {product} {ergonomic}
     uint ConcGCThreads                            = 2                                         {product} {ergonomic}
     uint G1ConcRefinementThreads                  = 8                                         {product} {ergonomic}
   size_t G1HeapRegionSize                         = 1048576                                   {product} {ergonomic}
    uintx GCDrainStackTargetSize                   = 64                                        {product} {ergonomic}
   size_t InitialHeapSize                          = 134217728                                 {product} {ergonomic}
   size_t MarkStackSize                            = 4194304                                   {product} {ergonomic}
   size_t MaxHeapSize                              = 2124414976                                {product} {ergonomic}
   size_t MaxNewSize                               = 1274019840                                {product} {ergonomic}
   size_t MinHeapDeltaBytes                        = 1048576                                   {product} {ergonomic}
    uintx NonNMethodCodeHeapSize                   = 5836300                                {pd product} {ergonomic}
    uintx NonProfiledCodeHeapSize                  = 122910970                              {pd product} {ergonomic}
    uintx ProfiledCodeHeapSize                     = 122910970                              {pd product} {ergonomic}
    uintx ReservedCodeCacheSize                    = 251658240                              {pd product} {ergonomic}
     bool SegmentedCodeCache                       = true                                      {product} {ergonomic}
     bool UseCompressedClassPointers               = true                                 {lp64_product} {ergonomic}
     bool UseCompressedOops                        = true                                 {lp64_product} {ergonomic}
     bool UseG1GC                                  = true                                      {product} {ergonomic}
     bool UseLargePagesIndividualAllocation        = false                                  {pd product} {ergonomic}

Logging:
Log output configuration:
 #0: stdout all=warning uptime,level,tags
 #1: stderr all=off uptime,level,tags

Environment Variables:
JAVA_HOME=C:\Program Files\BellSoft\LibericaJDK-11-Full\
PATH=C:/eclipse//plugins/org.eclipse.justj.openjdk.hotspot.jre.full.win32.x86_64_15.0.1.v20201027-0507/jre/bin/server;C:/eclipse//plugins/org.eclipse.justj.openjdk.hotspot.jre.full.win32.x86_64_15.0.1.v20201027-0507/jre/bin;C:\Program Files\BellSoft\LibericaJDK-11-Full\bin\;C:\Windows\system32;C:\Windows;C:\Windows\System32\Wbem;C:\Windows\System32\WindowsPowerShell\v1.0\;C:\Android\Sdk\tools;C:\Android\Sdk\platform-tools;C:\opencv\bin;C:\vim81;C:\Program Files (x86)\nkf;C:\Windows\System32\WindowsPowerShell\v1.0\;C:\Program Files (x86)\Microsoft SDKs\TypeScript\1.0\;C:\Program Files\Microsoft SQL Server\120\Tools\Binn\;C:\Program Files (x86)\iis express\PHP\v5.3;C:\Program Files\Microsoft\Web Platform Installer\;C:\Program Files (x86)\Intel\OpenCL SDK\3.0\bin\x86;C:\Program Files (x86)\Intel\OpenCL SDK\3.0\bin\x64;C:\Program Files (x86)\Intel\UCRT\;C:\Program Files\Intel\UCRT\;C:\Program Files (x86)\Intel\Intel(R) Management Engine Components\DAL;C:\Program Files\Intel\Intel(R) Management Engine Components\DAL;C:\Program Files (x86)\Intel\Intel(R) Management Engine Components\IPT;C:\Program Files\Intel\Intel(R) Management Engine Components\IPT;C:\Program Files (x86)\Intel\iCLS Client\;C:\Program Files\Intel\iCLS Client\;C:\VSCode-win32-x64;C:\kawa;C:\Program Files\nodejs\;C:\Program Files\Microsoft SQL Server\130\Tools\Binn\;C:\Program Files\Git\cmd;C:\texlive\2020\bin\win32;C:\eclipse;
USERNAME=190441091
OS=Windows_NT
PROCESSOR_IDENTIFIER=Intel64 Family 6 Model 60 Stepping 3, GenuineIntel



---------------  S Y S T E M  ---------------

OS: Windows 7 , 64 bit Build 7601 (6.1.7601.24545)
OS uptime: 0 days 1:45 hours

CPU:total 8 (initial active 8) (4 cores per cpu, 2 threads per core) family 6 model 60 stepping 3, cmov, cx8, fxsr, mmx, sse, sse2, sse3, ssse3, sse4.1, sse4.2, popcnt, avx, avx2, aes, clmul, erms, lzcnt, ht, tsc, tscinvbit, bmi1, bmi2, fma

Memory: 4k page, system-wide physical 8100M (2668M free)
TotalPageFile size 16198M (AvailPageFile size 10437M)
current process WorkingSet (physical memory assigned to process): 53M, peak: 53M
current process commit charge ("private bytes"): 222M, peak: 222M

vm_info: OpenJDK 64-Bit Server VM (11.0.9.1+1-LTS) for windows-amd64 JRE (11.0.9.1+1-LTS), built on Nov  2 2020 11:54:37 by "" with MS VC++ 15.9 (VS2017)

END.
