#
# A fatal error has been detected by the Java Runtime Environment:
#
#  EXCEPTION_ACCESS_VIOLATION (0xc0000005) at pc=0x0000000065c86f80, pid=6684, tid=8100
#
# JRE version: OpenJDK Runtime Environment (11.0.9.1+1) (build 11.0.9.1+1-LTS)
# Java VM: OpenJDK 64-Bit Server VM (11.0.9.1+1-LTS, mixed mode, tiered, compressed oops, g1 gc, windows-amd64)
# Problematic frame:
# C  0x0000000065c86f80
#
# No core dump will be written. Minidumps are not enabled by default on client versions of Windows
#
# If you would like to submit a bug report, please visit:
#   https://bugreport.java.com/bugreport/crash.jsp
# The crash happened outside the Java Virtual Machine in native code.
# See problematic frame for where to report the bug.
#

---------------  S U M M A R Y ------------

Command Line: -Dfile.encoding=UTF-8 ieexp3.id190441091.BasicTask4Server 1234

Host: Intel(R) Core(TM) i7-4770 CPU @ 3.40GHz, 8 cores, 7G,  Windows 7 , 64 bit Build 7601 (6.1.7601.24545)
Time: Wed Jun  2 15:07:31 2021 ???? (?W?€??) elapsed time: 61.687054 seconds (0d 0h 1m 1s)

---------------  T H R E A D  ---------------

Current thread (0x0000000065cc8800):  JavaThread "Thread-1" [_thread_in_native, id=8100, stack(0x0000000066630000,0x0000000066730000)]

Stack: [0x0000000066630000,0x0000000066730000],  sp=0x000000006672f168,  free space=1020k
Native frames: (J=compiled Java code, j=interpreted, Vv=VM code, C=native code)
C  0x0000000065c86f80

Java frames: (J=compiled Java code, j=interpreted, Vv=VM code)
j  ieexp3.library.VE026A_JNI.CaoController_AddVariable(Ljava/lang/String;Ljava/lang/String;)I+0
j  ieexp3.library.CaoAPI.setControllerMode(J)V+31
j  ieexp3.id190441091.BasicTask4ServerTask.connect()V+31
j  ieexp3.id190441091.BasicTask4ServerTask.run()V+87
j  java.lang.Thread.run()V+11 java.base@11.0.9.1
v  ~StubRoutines::call_stub

siginfo: EXCEPTION_ACCESS_VIOLATION (0xc0000005), data execution prevention violation at address 0x0000000065c86f80


Register to memory mapping:

RIP=0x0000000065c86f80 points into unknown readable memory: 00 00 00 00 00 00 00 00
RAX=0x0000000065c87040 points into unknown readable memory: 90 70 c8 65 00 00 00 00
RBX=0x0000000065c86f80 points into unknown readable memory: 00 00 00 00 00 00 00 00
RCX=0x0000000065c86ff0 points into unknown readable memory: 40 70 c8 65 00 00 00 00
RDX=0x0000000000100009 is an unknown value
RSP=0x000000006672f168 is pointing into the stack for thread: 0x0000000065cc8800
RBP=0x000000006672f398 is pointing into the stack for thread: 0x0000000065cc8800
RSI=0x0 is NULL
RDI=0x0000000065c99a28 points into unknown readable memory: d0 4f 7f fe fe 07 00 00
R8 =0x0000000000000d44 is an unknown value
R9 =0x000007fefe7d5428 ole32.dll
R10=0x0000000065c99b48 points into unknown readable memory: 01 00 00 80 09 21 00 00
R11=0x0000000000000001 is an unknown value
R12=0x0000000000000001 is an unknown value
R13={method} {0x00000000641d41a0} 'CaoController_AddVariable' '(Ljava/lang/String;Ljava/lang/String;)I' in 'ieexp3/library/VE026A_JNI'
R14=0x0 is NULL
R15=0x000007fefe7f5018 ole32.dll


Registers:
RAX=0x0000000065c87040, RBX=0x0000000065c86f80, RCX=0x0000000065c86ff0, RDX=0x0000000000100009
RSP=0x000000006672f168, RBP=0x000000006672f398, RSI=0x0000000000000000, RDI=0x0000000065c99a28
R8 =0x0000000000000d44, R9 =0x000007fefe7d5428, R10=0x0000000065c99b48, R11=0x0000000000000001
R12=0x0000000000000001, R13=0x00000000641d4198, R14=0x0000000000000000, R15=0x000007fefe7f5018
RIP=0x0000000065c86f80, EFLAGS=0x0000000000010206

Top of Stack: (sp=0x000000006672f168)
0x000000006672f168:   000007fefe67a140 000000000c659aa0
0x000000006672f178:   00000000895372c0 000000006672f180
0x000000006672f188:   0000000063f1f68f 000000006672f3c8
0x000000006672f198:   00000000641d4198 0000000000000001
0x000000006672f1a8:   0000000065c99a20 0000000000000000
0x000000006672f1b8:   000007fefe6741f8 0000000065cc8800
0x000000006672f1c8:   0000000065c99a28 000000006672f398
0x000000006672f1d8:   0000000000000001 0000000065ca5550
0x000000006672f1e8:   000007fefe690498 0000000000000000
0x000000006672f1f8:   0000000065ca5550 000000006672f398
0x000000006672f208:   0000000000000000 0000000000000000
0x000000006672f218:   000000006672f300 0000000000000002
0x000000006672f228:   000007fefe67419b 0000000065ca5550
0x000000006672f238:   0000000065c99a20 000000006672f398
0x000000006672f248:   000000000c659d17 000000006672f300
0x000000006672f258:   000007fedb53978b 0000000080000000 

Instructions: (pc=0x0000000065c86f80)
0x0000000065c86e80:   00 00 00 00 00 00 00 00 00 00 00 00 00 00 00 00
0x0000000065c86e90:   c0 6d c8 65 00 00 00 00 a0 6e c8 65 00 00 00 00
0x0000000065c86ea0:   00 00 00 00 00 00 00 00 0a 00 00 00 00 00 00 00
0x0000000065c86eb0:   00 6f c8 65 00 00 00 00 ee f1 ee f1 00 00 00 00
0x0000000065c86ec0:   70 a9 c5 65 00 00 00 00 00 00 00 00 00 00 00 00
0x0000000065c86ed0:   2d e4 00 00 40 14 00 00 b3 24 39 3f 8e e3 e4 30
0x0000000065c86ee0:   a4 db cd 76 e9 09 92 42 95 ef 1a 5a 85 dc be a9
0x0000000065c86ef0:   00 00 00 00 00 00 00 00 00 00 00 00 00 00 00 00
0x0000000065c86f00:   50 6f c8 65 00 00 00 00 ee f1 ee f1 00 00 00 00
0x0000000065c86f10:   00 00 00 00 00 00 00 00 0a 00 00 00 00 00 00 00
0x0000000065c86f20:   00 00 00 00 00 00 00 00 00 00 00 00 00 00 00 00
0x0000000065c86f30:   d0 38 cc 65 00 00 00 00 00 00 00 00 00 00 00 00
0x0000000065c86f40:   31 14 00 00 40 14 00 00 d5 fc ce 07 5a 61 78 90
0x0000000065c86f50:   a0 6f c8 65 00 00 00 00 ee f1 ee f1 c0 4f 66 59
0x0000000065c86f60:   00 00 00 00 00 00 00 00 00 00 00 00 00 00 00 00
0x0000000065c86f70:   a0 6e c8 65 00 00 00 00 80 6f c8 65 00 00 00 00
0x0000000065c86f80:   00 00 00 00 00 00 00 00 8a 00 00 00 00 00 00 00
0x0000000065c86f90:   00 00 00 00 00 00 00 00 00 00 00 00 00 00 00 00
0x0000000065c86fa0:   f0 6f c8 65 00 00 00 00 ee f1 ee f1 00 00 00 00
0x0000000065c86fb0:   21 4c 00 00 40 14 00 00 65 4a e1 79 5d ea c8 c3
0x0000000065c86fc0:   40 29 c1 3d 7b 6c e4 43 b3 75 13 6c 3e 6e 7e 3a
0x0000000065c86fd0:   00 00 00 00 00 00 00 00 00 00 00 00 00 00 00 00
0x0000000065c86fe0:   10 6f c8 65 00 00 00 00 00 3a 82 fe fe 07 00 00
0x0000000065c86ff0:   40 70 c8 65 00 00 00 00 ee f1 ee f1 01 00 00 00
0x0000000065c87000:   00 00 00 00 00 00 00 00 00 00 00 00 00 00 00 00
0x0000000065c87010:   00 00 00 00 00 00 00 00 00 00 00 00 00 00 00 00
0x0000000065c87020:   00 20 00 00 40 14 00 00 cb d7 72 c8 80 4b 96 03
0x0000000065c87030:   34 01 00 00 00 00 00 00 c0 00 00 00 00 00 00 46
0x0000000065c87040:   90 70 c8 65 00 00 00 00 ee f1 ee f1 00 00 00 00
0x0000000065c87050:   80 6f c8 65 00 00 00 00 00 3a 82 fe fe 07 00 00
0x0000000065c87060:   d0 70 c8 65 00 00 00 00 ee f1 ee f1 00 00 00 00
0x0000000065c87070:   00 00 00 00 00 00 00 00 00 00 00 00 00 00 00 00 


Stack slot to memory mapping:
stack at sp + 0 slots: 0x000007fefe67a140 ole32.dll
stack at sp + 1 slots: 0x000000000c659aa0 is at code_begin+1664 in an Interpreter codelet
invoke return entry points  [0x000000000c659420, 0x000000000c659e00]  2528 bytes
stack at sp + 2 slots: 0x00000000895372c0 is an oop: java.nio.HeapByteBuffer 
{0x00000000895372c0} - klass: 'java/nio/HeapByteBuffer'
stack at sp + 3 slots: 0x000000006672f180 is pointing into the stack for thread: 0x0000000065cc8800
stack at sp + 4 slots: 0x0000000063f1f68f is pointing into metadata
stack at sp + 5 slots: 0x000000006672f3c8 is pointing into the stack for thread: 0x0000000065cc8800
stack at sp + 6 slots: {method} {0x00000000641d41a0} 'CaoController_AddVariable' '(Ljava/lang/String;Ljava/lang/String;)I' in 'ieexp3/library/VE026A_JNI'
stack at sp + 7 slots: 0x0000000000000001 is an unknown value


---------------  P R O C E S S  ---------------

Threads class SMR info:
_java_thread_list=0x0000000065423180, length=11, elements={
0x000000000038b000, 0x00000000646c4800, 0x00000000646ce000, 0x00000000646c1000,
0x00000000646dd000, 0x00000000646de000, 0x00000000646e2800, 0x00000000646ec000,
0x0000000065416800, 0x000000006541d800, 0x0000000065cc8800
}

Java Threads: ( => current thread )
  0x000000000038b000 JavaThread "main" [_thread_in_native, id=3588, stack(0x00000000020f0000,0x00000000021f0000)]
  0x00000000646c4800 JavaThread "Reference Handler" daemon [_thread_blocked, id=5432, stack(0x00000000649c0000,0x0000000064ac0000)]
  0x00000000646ce000 JavaThread "Finalizer" daemon [_thread_blocked, id=7776, stack(0x0000000064af0000,0x0000000064bf0000)]
  0x00000000646c1000 JavaThread "Signal Dispatcher" daemon [_thread_blocked, id=7196, stack(0x0000000064c70000,0x0000000064d70000)]
  0x00000000646dd000 JavaThread "Attach Listener" daemon [_thread_blocked, id=7284, stack(0x0000000064e80000,0x0000000064f80000)]
  0x00000000646de000 JavaThread "C2 CompilerThread0" daemon [_thread_blocked, id=6464, stack(0x00000000650b0000,0x00000000651b0000)]
  0x00000000646e2800 JavaThread "C1 CompilerThread0" daemon [_thread_blocked, id=7872, stack(0x00000000651b0000,0x00000000652b0000)]
  0x00000000646ec000 JavaThread "Sweeper thread" daemon [_thread_blocked, id=7980, stack(0x0000000023b30000,0x0000000023c30000)]
  0x0000000065416800 JavaThread "Service Thread" daemon [_thread_blocked, id=7996, stack(0x0000000064fb0000,0x00000000650b0000)]
  0x000000006541d800 JavaThread "Common-Cleaner" daemon [_thread_blocked, id=5684, stack(0x0000000064740000,0x0000000064840000)]
=>0x0000000065cc8800 JavaThread "Thread-1" [_thread_in_native, id=8100, stack(0x0000000066630000,0x0000000066730000)]

Other Threads:
  0x00000000646b0000 VMThread "VM Thread" [stack: 0x0000000064850000,0x0000000064950000] [id=2716]
  0x0000000065417800 WatcherThread [stack: 0x0000000065780000,0x0000000065880000] [id=1888]
  0x00000000003a5800 GCTaskThread "GC Thread#0" [stack: 0x000000001b890000,0x000000001b990000] [id=7856]
  0x00000000003db800 ConcurrentGCThread "G1 Main Marker" [stack: 0x0000000020d10000,0x0000000020e10000] [id=7360]
  0x00000000003dd000 ConcurrentGCThread "G1 Conc#0" [stack: 0x0000000020f30000,0x0000000021030000] [id=7948]
  0x0000000020eb9800 ConcurrentGCThread "G1 Refine#0" [stack: 0x00000000239e0000,0x0000000023ae0000] [id=2644]
  0x0000000020ebb800 ConcurrentGCThread "G1 Young RemSet Sampling" [stack: 0x0000000023c30000,0x0000000023d30000] [id=5828]

Threads with active compile tasks:

VM state:not at safepoint (normal execution)

VM Mutex/Monitor currently owned by a thread: None

Heap address: 0x0000000081600000, size: 2026 MB, Compressed Oops mode: 32-bit
Narrow klass base: 0x0000000000000000, Narrow klass shift: 0
Compressed class space size: 1073741824 Address: 0x0000000023d30000

Heap:
 garbage-first heap   total 131072K, used 2048K [0x0000000081600000, 0x0000000100000000)
  region size 1024K, 3 young (3072K), 0 survivors (0K)
 Metaspace       used 7072K, capacity 7175K, committed 7424K, reserved 1056768K
  class space    used 624K, capacity 643K, committed 768K, reserved 1048576K
Heap Regions: E=young(eden), S=young(survivor), O=old, HS=humongous(starts), HC=humongous(continues), CS=collection set, F=free, A=archive, TAMS=top-at-mark-start (previous, next)
|   0|0x0000000081600000, 0x0000000081600000, 0x0000000081700000|  0%| F|  |TAMS 0x0000000081600000, 0x0000000081600000| Untracked 
|   1|0x0000000081700000, 0x0000000081700000, 0x0000000081800000|  0%| F|  |TAMS 0x0000000081700000, 0x0000000081700000| Untracked 
|   2|0x0000000081800000, 0x0000000081800000, 0x0000000081900000|  0%| F|  |TAMS 0x0000000081800000, 0x0000000081800000| Untracked 
|   3|0x0000000081900000, 0x0000000081900000, 0x0000000081a00000|  0%| F|  |TAMS 0x0000000081900000, 0x0000000081900000| Untracked 
|   4|0x0000000081a00000, 0x0000000081a00000, 0x0000000081b00000|  0%| F|  |TAMS 0x0000000081a00000, 0x0000000081a00000| Untracked 
|   5|0x0000000081b00000, 0x0000000081b00000, 0x0000000081c00000|  0%| F|  |TAMS 0x0000000081b00000, 0x0000000081b00000| Untracked 
|   6|0x0000000081c00000, 0x0000000081c00000, 0x0000000081d00000|  0%| F|  |TAMS 0x0000000081c00000, 0x0000000081c00000| Untracked 
|   7|0x0000000081d00000, 0x0000000081d00000, 0x0000000081e00000|  0%| F|  |TAMS 0x0000000081d00000, 0x0000000081d00000| Untracked 
|   8|0x0000000081e00000, 0x0000000081e00000, 0x0000000081f00000|  0%| F|  |TAMS 0x0000000081e00000, 0x0000000081e00000| Untracked 
|   9|0x0000000081f00000, 0x0000000081f00000, 0x0000000082000000|  0%| F|  |TAMS 0x0000000081f00000, 0x0000000081f00000| Untracked 
|  10|0x0000000082000000, 0x0000000082000000, 0x0000000082100000|  0%| F|  |TAMS 0x0000000082000000, 0x0000000082000000| Untracked 
|  11|0x0000000082100000, 0x0000000082100000, 0x0000000082200000|  0%| F|  |TAMS 0x0000000082100000, 0x0000000082100000| Untracked 
|  12|0x0000000082200000, 0x0000000082200000, 0x0000000082300000|  0%| F|  |TAMS 0x0000000082200000, 0x0000000082200000| Untracked 
|  13|0x0000000082300000, 0x0000000082300000, 0x0000000082400000|  0%| F|  |TAMS 0x0000000082300000, 0x0000000082300000| Untracked 
|  14|0x0000000082400000, 0x0000000082400000, 0x0000000082500000|  0%| F|  |TAMS 0x0000000082400000, 0x0000000082400000| Untracked 
|  15|0x0000000082500000, 0x0000000082500000, 0x0000000082600000|  0%| F|  |TAMS 0x0000000082500000, 0x0000000082500000| Untracked 
|  16|0x0000000082600000, 0x0000000082600000, 0x0000000082700000|  0%| F|  |TAMS 0x0000000082600000, 0x0000000082600000| Untracked 
|  17|0x0000000082700000, 0x0000000082700000, 0x0000000082800000|  0%| F|  |TAMS 0x0000000082700000, 0x0000000082700000| Untracked 
|  18|0x0000000082800000, 0x0000000082800000, 0x0000000082900000|  0%| F|  |TAMS 0x0000000082800000, 0x0000000082800000| Untracked 
|  19|0x0000000082900000, 0x0000000082900000, 0x0000000082a00000|  0%| F|  |TAMS 0x0000000082900000, 0x0000000082900000| Untracked 
|  20|0x0000000082a00000, 0x0000000082a00000, 0x0000000082b00000|  0%| F|  |TAMS 0x0000000082a00000, 0x0000000082a00000| Untracked 
|  21|0x0000000082b00000, 0x0000000082b00000, 0x0000000082c00000|  0%| F|  |TAMS 0x0000000082b00000, 0x0000000082b00000| Untracked 
|  22|0x0000000082c00000, 0x0000000082c00000, 0x0000000082d00000|  0%| F|  |TAMS 0x0000000082c00000, 0x0000000082c00000| Untracked 
|  23|0x0000000082d00000, 0x0000000082d00000, 0x0000000082e00000|  0%| F|  |TAMS 0x0000000082d00000, 0x0000000082d00000| Untracked 
|  24|0x0000000082e00000, 0x0000000082e00000, 0x0000000082f00000|  0%| F|  |TAMS 0x0000000082e00000, 0x0000000082e00000| Untracked 
|  25|0x0000000082f00000, 0x0000000082f00000, 0x0000000083000000|  0%| F|  |TAMS 0x0000000082f00000, 0x0000000082f00000| Untracked 
|  26|0x0000000083000000, 0x0000000083000000, 0x0000000083100000|  0%| F|  |TAMS 0x0000000083000000, 0x0000000083000000| Untracked 
|  27|0x0000000083100000, 0x0000000083100000, 0x0000000083200000|  0%| F|  |TAMS 0x0000000083100000, 0x0000000083100000| Untracked 
|  28|0x0000000083200000, 0x0000000083200000, 0x0000000083300000|  0%| F|  |TAMS 0x0000000083200000, 0x0000000083200000| Untracked 
|  29|0x0000000083300000, 0x0000000083300000, 0x0000000083400000|  0%| F|  |TAMS 0x0000000083300000, 0x0000000083300000| Untracked 
|  30|0x0000000083400000, 0x0000000083400000, 0x0000000083500000|  0%| F|  |TAMS 0x0000000083400000, 0x0000000083400000| Untracked 
|  31|0x0000000083500000, 0x0000000083500000, 0x0000000083600000|  0%| F|  |TAMS 0x0000000083500000, 0x0000000083500000| Untracked 
|  32|0x0000000083600000, 0x0000000083600000, 0x0000000083700000|  0%| F|  |TAMS 0x0000000083600000, 0x0000000083600000| Untracked 
|  33|0x0000000083700000, 0x0000000083700000, 0x0000000083800000|  0%| F|  |TAMS 0x0000000083700000, 0x0000000083700000| Untracked 
|  34|0x0000000083800000, 0x0000000083800000, 0x0000000083900000|  0%| F|  |TAMS 0x0000000083800000, 0x0000000083800000| Untracked 
|  35|0x0000000083900000, 0x0000000083900000, 0x0000000083a00000|  0%| F|  |TAMS 0x0000000083900000, 0x0000000083900000| Untracked 
|  36|0x0000000083a00000, 0x0000000083a00000, 0x0000000083b00000|  0%| F|  |TAMS 0x0000000083a00000, 0x0000000083a00000| Untracked 
|  37|0x0000000083b00000, 0x0000000083b00000, 0x0000000083c00000|  0%| F|  |TAMS 0x0000000083b00000, 0x0000000083b00000| Untracked 
|  38|0x0000000083c00000, 0x0000000083c00000, 0x0000000083d00000|  0%| F|  |TAMS 0x0000000083c00000, 0x0000000083c00000| Untracked 
|  39|0x0000000083d00000, 0x0000000083d00000, 0x0000000083e00000|  0%| F|  |TAMS 0x0000000083d00000, 0x0000000083d00000| Untracked 
|  40|0x0000000083e00000, 0x0000000083e00000, 0x0000000083f00000|  0%| F|  |TAMS 0x0000000083e00000, 0x0000000083e00000| Untracked 
|  41|0x0000000083f00000, 0x0000000083f00000, 0x0000000084000000|  0%| F|  |TAMS 0x0000000083f00000, 0x0000000083f00000| Untracked 
|  42|0x0000000084000000, 0x0000000084000000, 0x0000000084100000|  0%| F|  |TAMS 0x0000000084000000, 0x0000000084000000| Untracked 
|  43|0x0000000084100000, 0x0000000084100000, 0x0000000084200000|  0%| F|  |TAMS 0x0000000084100000, 0x0000000084100000| Untracked 
|  44|0x0000000084200000, 0x0000000084200000, 0x0000000084300000|  0%| F|  |TAMS 0x0000000084200000, 0x0000000084200000| Untracked 
|  45|0x0000000084300000, 0x0000000084300000, 0x0000000084400000|  0%| F|  |TAMS 0x0000000084300000, 0x0000000084300000| Untracked 
|  46|0x0000000084400000, 0x0000000084400000, 0x0000000084500000|  0%| F|  |TAMS 0x0000000084400000, 0x0000000084400000| Untracked 
|  47|0x0000000084500000, 0x0000000084500000, 0x0000000084600000|  0%| F|  |TAMS 0x0000000084500000, 0x0000000084500000| Untracked 
|  48|0x0000000084600000, 0x0000000084600000, 0x0000000084700000|  0%| F|  |TAMS 0x0000000084600000, 0x0000000084600000| Untracked 
|  49|0x0000000084700000, 0x0000000084700000, 0x0000000084800000|  0%| F|  |TAMS 0x0000000084700000, 0x0000000084700000| Untracked 
|  50|0x0000000084800000, 0x0000000084800000, 0x0000000084900000|  0%| F|  |TAMS 0x0000000084800000, 0x0000000084800000| Untracked 
|  51|0x0000000084900000, 0x0000000084900000, 0x0000000084a00000|  0%| F|  |TAMS 0x0000000084900000, 0x0000000084900000| Untracked 
|  52|0x0000000084a00000, 0x0000000084a00000, 0x0000000084b00000|  0%| F|  |TAMS 0x0000000084a00000, 0x0000000084a00000| Untracked 
|  53|0x0000000084b00000, 0x0000000084b00000, 0x0000000084c00000|  0%| F|  |TAMS 0x0000000084b00000, 0x0000000084b00000| Untracked 
|  54|0x0000000084c00000, 0x0000000084c00000, 0x0000000084d00000|  0%| F|  |TAMS 0x0000000084c00000, 0x0000000084c00000| Untracked 
|  55|0x0000000084d00000, 0x0000000084d00000, 0x0000000084e00000|  0%| F|  |TAMS 0x0000000084d00000, 0x0000000084d00000| Untracked 
|  56|0x0000000084e00000, 0x0000000084e00000, 0x0000000084f00000|  0%| F|  |TAMS 0x0000000084e00000, 0x0000000084e00000| Untracked 
|  57|0x0000000084f00000, 0x0000000084f00000, 0x0000000085000000|  0%| F|  |TAMS 0x0000000084f00000, 0x0000000084f00000| Untracked 
|  58|0x0000000085000000, 0x0000000085000000, 0x0000000085100000|  0%| F|  |TAMS 0x0000000085000000, 0x0000000085000000| Untracked 
|  59|0x0000000085100000, 0x0000000085100000, 0x0000000085200000|  0%| F|  |TAMS 0x0000000085100000, 0x0000000085100000| Untracked 
|  60|0x0000000085200000, 0x0000000085200000, 0x0000000085300000|  0%| F|  |TAMS 0x0000000085200000, 0x0000000085200000| Untracked 
|  61|0x0000000085300000, 0x0000000085300000, 0x0000000085400000|  0%| F|  |TAMS 0x0000000085300000, 0x0000000085300000| Untracked 
|  62|0x0000000085400000, 0x0000000085400000, 0x0000000085500000|  0%| F|  |TAMS 0x0000000085400000, 0x0000000085400000| Untracked 
|  63|0x0000000085500000, 0x0000000085500000, 0x0000000085600000|  0%| F|  |TAMS 0x0000000085500000, 0x0000000085500000| Untracked 
|  64|0x0000000085600000, 0x0000000085600000, 0x0000000085700000|  0%| F|  |TAMS 0x0000000085600000, 0x0000000085600000| Untracked 
|  65|0x0000000085700000, 0x0000000085700000, 0x0000000085800000|  0%| F|  |TAMS 0x0000000085700000, 0x0000000085700000| Untracked 
|  66|0x0000000085800000, 0x0000000085800000, 0x0000000085900000|  0%| F|  |TAMS 0x0000000085800000, 0x0000000085800000| Untracked 
|  67|0x0000000085900000, 0x0000000085900000, 0x0000000085a00000|  0%| F|  |TAMS 0x0000000085900000, 0x0000000085900000| Untracked 
|  68|0x0000000085a00000, 0x0000000085a00000, 0x0000000085b00000|  0%| F|  |TAMS 0x0000000085a00000, 0x0000000085a00000| Untracked 
|  69|0x0000000085b00000, 0x0000000085b00000, 0x0000000085c00000|  0%| F|  |TAMS 0x0000000085b00000, 0x0000000085b00000| Untracked 
|  70|0x0000000085c00000, 0x0000000085c00000, 0x0000000085d00000|  0%| F|  |TAMS 0x0000000085c00000, 0x0000000085c00000| Untracked 
|  71|0x0000000085d00000, 0x0000000085d00000, 0x0000000085e00000|  0%| F|  |TAMS 0x0000000085d00000, 0x0000000085d00000| Untracked 
|  72|0x0000000085e00000, 0x0000000085e00000, 0x0000000085f00000|  0%| F|  |TAMS 0x0000000085e00000, 0x0000000085e00000| Untracked 
|  73|0x0000000085f00000, 0x0000000085f00000, 0x0000000086000000|  0%| F|  |TAMS 0x0000000085f00000, 0x0000000085f00000| Untracked 
|  74|0x0000000086000000, 0x0000000086000000, 0x0000000086100000|  0%| F|  |TAMS 0x0000000086000000, 0x0000000086000000| Untracked 
|  75|0x0000000086100000, 0x0000000086100000, 0x0000000086200000|  0%| F|  |TAMS 0x0000000086100000, 0x0000000086100000| Untracked 
|  76|0x0000000086200000, 0x0000000086200000, 0x0000000086300000|  0%| F|  |TAMS 0x0000000086200000, 0x0000000086200000| Untracked 
|  77|0x0000000086300000, 0x0000000086300000, 0x0000000086400000|  0%| F|  |TAMS 0x0000000086300000, 0x0000000086300000| Untracked 
|  78|0x0000000086400000, 0x0000000086400000, 0x0000000086500000|  0%| F|  |TAMS 0x0000000086400000, 0x0000000086400000| Untracked 
|  79|0x0000000086500000, 0x0000000086500000, 0x0000000086600000|  0%| F|  |TAMS 0x0000000086500000, 0x0000000086500000| Untracked 
|  80|0x0000000086600000, 0x0000000086600000, 0x0000000086700000|  0%| F|  |TAMS 0x0000000086600000, 0x0000000086600000| Untracked 
|  81|0x0000000086700000, 0x0000000086700000, 0x0000000086800000|  0%| F|  |TAMS 0x0000000086700000, 0x0000000086700000| Untracked 
|  82|0x0000000086800000, 0x0000000086800000, 0x0000000086900000|  0%| F|  |TAMS 0x0000000086800000, 0x0000000086800000| Untracked 
|  83|0x0000000086900000, 0x0000000086900000, 0x0000000086a00000|  0%| F|  |TAMS 0x0000000086900000, 0x0000000086900000| Untracked 
|  84|0x0000000086a00000, 0x0000000086a00000, 0x0000000086b00000|  0%| F|  |TAMS 0x0000000086a00000, 0x0000000086a00000| Untracked 
|  85|0x0000000086b00000, 0x0000000086b00000, 0x0000000086c00000|  0%| F|  |TAMS 0x0000000086b00000, 0x0000000086b00000| Untracked 
|  86|0x0000000086c00000, 0x0000000086c00000, 0x0000000086d00000|  0%| F|  |TAMS 0x0000000086c00000, 0x0000000086c00000| Untracked 
|  87|0x0000000086d00000, 0x0000000086d00000, 0x0000000086e00000|  0%| F|  |TAMS 0x0000000086d00000, 0x0000000086d00000| Untracked 
|  88|0x0000000086e00000, 0x0000000086e00000, 0x0000000086f00000|  0%| F|  |TAMS 0x0000000086e00000, 0x0000000086e00000| Untracked 
|  89|0x0000000086f00000, 0x0000000086f00000, 0x0000000087000000|  0%| F|  |TAMS 0x0000000086f00000, 0x0000000086f00000| Untracked 
|  90|0x0000000087000000, 0x0000000087000000, 0x0000000087100000|  0%| F|  |TAMS 0x0000000087000000, 0x0000000087000000| Untracked 
|  91|0x0000000087100000, 0x0000000087100000, 0x0000000087200000|  0%| F|  |TAMS 0x0000000087100000, 0x0000000087100000| Untracked 
|  92|0x0000000087200000, 0x0000000087200000, 0x0000000087300000|  0%| F|  |TAMS 0x0000000087200000, 0x0000000087200000| Untracked 
|  93|0x0000000087300000, 0x0000000087300000, 0x0000000087400000|  0%| F|  |TAMS 0x0000000087300000, 0x0000000087300000| Untracked 
|  94|0x0000000087400000, 0x0000000087400000, 0x0000000087500000|  0%| F|  |TAMS 0x0000000087400000, 0x0000000087400000| Untracked 
|  95|0x0000000087500000, 0x0000000087500000, 0x0000000087600000|  0%| F|  |TAMS 0x0000000087500000, 0x0000000087500000| Untracked 
|  96|0x0000000087600000, 0x0000000087600000, 0x0000000087700000|  0%| F|  |TAMS 0x0000000087600000, 0x0000000087600000| Untracked 
|  97|0x0000000087700000, 0x0000000087700000, 0x0000000087800000|  0%| F|  |TAMS 0x0000000087700000, 0x0000000087700000| Untracked 
|  98|0x0000000087800000, 0x0000000087800000, 0x0000000087900000|  0%| F|  |TAMS 0x0000000087800000, 0x0000000087800000| Untracked 
|  99|0x0000000087900000, 0x0000000087900000, 0x0000000087a00000|  0%| F|  |TAMS 0x0000000087900000, 0x0000000087900000| Untracked 
| 100|0x0000000087a00000, 0x0000000087a00000, 0x0000000087b00000|  0%| F|  |TAMS 0x0000000087a00000, 0x0000000087a00000| Untracked 
| 101|0x0000000087b00000, 0x0000000087b00000, 0x0000000087c00000|  0%| F|  |TAMS 0x0000000087b00000, 0x0000000087b00000| Untracked 
| 102|0x0000000087c00000, 0x0000000087c00000, 0x0000000087d00000|  0%| F|  |TAMS 0x0000000087c00000, 0x0000000087c00000| Untracked 
| 103|0x0000000087d00000, 0x0000000087d00000, 0x0000000087e00000|  0%| F|  |TAMS 0x0000000087d00000, 0x0000000087d00000| Untracked 
| 104|0x0000000087e00000, 0x0000000087e00000, 0x0000000087f00000|  0%| F|  |TAMS 0x0000000087e00000, 0x0000000087e00000| Untracked 
| 105|0x0000000087f00000, 0x0000000087f00000, 0x0000000088000000|  0%| F|  |TAMS 0x0000000087f00000, 0x0000000087f00000| Untracked 
| 106|0x0000000088000000, 0x0000000088000000, 0x0000000088100000|  0%| F|  |TAMS 0x0000000088000000, 0x0000000088000000| Untracked 
| 107|0x0000000088100000, 0x0000000088100000, 0x0000000088200000|  0%| F|  |TAMS 0x0000000088100000, 0x0000000088100000| Untracked 
| 108|0x0000000088200000, 0x0000000088200000, 0x0000000088300000|  0%| F|  |TAMS 0x0000000088200000, 0x0000000088200000| Untracked 
| 109|0x0000000088300000, 0x0000000088300000, 0x0000000088400000|  0%| F|  |TAMS 0x0000000088300000, 0x0000000088300000| Untracked 
| 110|0x0000000088400000, 0x0000000088400000, 0x0000000088500000|  0%| F|  |TAMS 0x0000000088400000, 0x0000000088400000| Untracked 
| 111|0x0000000088500000, 0x0000000088500000, 0x0000000088600000|  0%| F|  |TAMS 0x0000000088500000, 0x0000000088500000| Untracked 
| 112|0x0000000088600000, 0x0000000088600000, 0x0000000088700000|  0%| F|  |TAMS 0x0000000088600000, 0x0000000088600000| Untracked 
| 113|0x0000000088700000, 0x0000000088700000, 0x0000000088800000|  0%| F|  |TAMS 0x0000000088700000, 0x0000000088700000| Untracked 
| 114|0x0000000088800000, 0x0000000088800000, 0x0000000088900000|  0%| F|  |TAMS 0x0000000088800000, 0x0000000088800000| Untracked 
| 115|0x0000000088900000, 0x0000000088900000, 0x0000000088a00000|  0%| F|  |TAMS 0x0000000088900000, 0x0000000088900000| Untracked 
| 116|0x0000000088a00000, 0x0000000088a00000, 0x0000000088b00000|  0%| F|  |TAMS 0x0000000088a00000, 0x0000000088a00000| Untracked 
| 117|0x0000000088b00000, 0x0000000088b00000, 0x0000000088c00000|  0%| F|  |TAMS 0x0000000088b00000, 0x0000000088b00000| Untracked 
| 118|0x0000000088c00000, 0x0000000088c00000, 0x0000000088d00000|  0%| F|  |TAMS 0x0000000088c00000, 0x0000000088c00000| Untracked 
| 119|0x0000000088d00000, 0x0000000088d00000, 0x0000000088e00000|  0%| F|  |TAMS 0x0000000088d00000, 0x0000000088d00000| Untracked 
| 120|0x0000000088e00000, 0x0000000088e00000, 0x0000000088f00000|  0%| F|  |TAMS 0x0000000088e00000, 0x0000000088e00000| Untracked 
| 121|0x0000000088f00000, 0x0000000088f00000, 0x0000000089000000|  0%| F|  |TAMS 0x0000000088f00000, 0x0000000088f00000| Untracked 
| 122|0x0000000089000000, 0x0000000089000000, 0x0000000089100000|  0%| F|  |TAMS 0x0000000089000000, 0x0000000089000000| Untracked 
| 123|0x0000000089100000, 0x0000000089100000, 0x0000000089200000|  0%| F|  |TAMS 0x0000000089100000, 0x0000000089100000| Untracked 
| 124|0x0000000089200000, 0x0000000089200000, 0x0000000089300000|  0%| F|  |TAMS 0x0000000089200000, 0x0000000089200000| Untracked 
| 125|0x0000000089300000, 0x0000000089400000, 0x0000000089400000|100%| E|  |TAMS 0x0000000089300000, 0x0000000089300000| Complete 
| 126|0x0000000089400000, 0x0000000089500000, 0x0000000089500000|100%| E|CS|TAMS 0x0000000089400000, 0x0000000089400000| Complete 
| 127|0x0000000089500000, 0x0000000089600000, 0x0000000089600000|100%| E|CS|TAMS 0x0000000089500000, 0x0000000089500000| Complete 

Card table byte_map: [0x000000001c500000,0x000000001c900000] _byte_map_base: 0x000000001c0f5000

Marking Bits (Prev, Next): (CMBitMap*) 0x00000000003d3138, (CMBitMap*) 0x00000000003d3170
 Prev Bits: [0x000000001cd00000, 0x000000001eca8000)
 Next Bits: [0x000000001ecb0000, 0x0000000020c58000)

Polling page: 0x0000000000550000

Metaspace:

Usage:
  Non-class:      6.38 MB capacity,     6.30 MB ( 99%) used,    78.95 KB (  1%) free+waste,     4.94 KB ( <1%) overhead. 
      Class:    643.00 KB capacity,   624.77 KB ( 97%) used,    15.98 KB (  2%) free+waste,     2.25 KB ( <1%) overhead. 
       Both:      7.01 MB capacity,     6.91 MB ( 99%) used,    94.93 KB (  1%) free+waste,     7.19 KB ( <1%) overhead. 

Virtual space:
  Non-class space:        8.00 MB reserved,       6.50 MB ( 81%) committed 
      Class space:        1.00 GB reserved,     768.00 KB ( <1%) committed 
             Both:        1.01 GB reserved,       7.25 MB ( <1%) committed 

Chunk freelists:
   Non-Class:  0 bytes
       Class:  29.00 KB
        Both:  29.00 KB

MaxMetaspaceSize: 17179869184.00 GB
CompressedClassSpaceSize: 1.00 GB

CodeHeap 'non-profiled nmethods': size=120000Kb used=72Kb max_used=72Kb free=119927Kb
 bounds [0x0000000014120000, 0x0000000014390000, 0x000000001b650000]
CodeHeap 'profiled nmethods': size=120000Kb used=384Kb max_used=384Kb free=119615Kb
 bounds [0x000000000cbf0000, 0x000000000ce60000, 0x0000000014120000]
CodeHeap 'non-nmethods': size=5760Kb used=1067Kb max_used=1078Kb free=4693Kb
 bounds [0x000000000c650000, 0x000000000c8c0000, 0x000000000cbf0000]
 total_blobs=654 nmethods=285 adapters=281
 compilation: enabled
              stopped_count=0, restarted_count=0
 full_count=0

Compilation events (20 events):
Event: 32.842 Thread 0x00000000646de000  265       4       java.lang.Integer::reverseBytes (26 bytes)
Event: 32.842 Thread 0x00000000646de000 nmethod 265 0x0000000014131510 code [0x00000000141316a0, 0x0000000014131718]
Event: 32.843 Thread 0x00000000646e2800  277       3       java.io.WinNTFileSystem::isSlash (18 bytes)
Event: 32.843 Thread 0x00000000646e2800 nmethod 277 0x000000000cc4d690 code [0x000000000cc4d840, 0x000000000cc4d9d8]
Event: 32.850 Thread 0x00000000646e2800  278       1       java.util.zip.Inflater$InflaterZStreamRef::address (5 bytes)
Event: 32.850 Thread 0x00000000646e2800 nmethod 278 0x0000000014131790 code [0x0000000014131940, 0x00000000141319f8]
Event: 33.534 Thread 0x00000000646e2800  279       1       java.nio.Buffer::position (5 bytes)
Event: 33.534 Thread 0x00000000646e2800 nmethod 279 0x0000000014131a90 code [0x0000000014131c40, 0x0000000014131cf8]
Event: 34.220 Thread 0x00000000646e2800  280       3       java.util.concurrent.ConcurrentHashMap$Traverser::advance (188 bytes)
Event: 34.221 Thread 0x00000000646e2800 nmethod 280 0x000000000cc4da90 code [0x000000000cc4dd00, 0x000000000cc4ea58]
Event: 34.543 Thread 0x00000000646de000  281       4       java.lang.Object::<init> (1 bytes)
Event: 34.544 Thread 0x00000000646e2800  282       3       jdk.internal.math.FDBigInteger::mult (64 bytes)
Event: 34.544 Thread 0x00000000646e2800 nmethod 282 0x000000000cc4ed90 code [0x000000000cc4ef60, 0x000000000cc4f198]
Event: 34.544 Thread 0x00000000646de000 nmethod 281 0x0000000014131d90 code [0x0000000014131f20, 0x0000000014131fb8]
Event: 34.544 Thread 0x00000000646e2800  283       3       jdk.internal.math.FDBigInteger::<init> (30 bytes)
Event: 34.544 Thread 0x00000000646e2800 nmethod 283 0x000000000cc4f390 code [0x000000000cc4f560, 0x000000000cc4f768]
Event: 34.544 Thread 0x00000000646e2800  284       3       jdk.internal.math.FDBigInteger::trimLeadingZeros (57 bytes)
Event: 34.544 Thread 0x00000000646e2800 nmethod 284 0x000000000cc4f890 code [0x000000000cc4fa60, 0x000000000cc4fd58]
Event: 34.548 Thread 0x00000000646e2800  285       3       java.nio.Buffer::position (55 bytes)
Event: 34.549 Thread 0x00000000646e2800 nmethod 285 0x000000000cc4fe90 code [0x000000000cc50060, 0x000000000cc502c8]

GC Heap History (0 events):
No events

Deoptimization events (4 events):
Event: 0.098 Thread 0x000000000038b000 Uncommon trap: trap_request=0xffffff4d fr.pc=0x000000001412460c relative=0x00000000000001ec
Event: 0.098 Thread 0x000000000038b000 Uncommon trap: reason=unstable_if action=reinterpret pc=0x000000001412460c method=java.lang.String.hashCode()I @ 14 c2
Event: 0.098 Thread 0x000000000038b000 DEOPT PACKING pc=0x000000001412460c sp=0x00000000021ed7f0
Event: 0.098 Thread 0x000000000038b000 DEOPT UNPACKING pc=0x000000000c6773af sp=0x00000000021ed788 mode 2

Classes redefined (0 events):
No events

Internal exceptions (2 events):
Event: 32.627 Thread 0x0000000065427000 Exception <a 'java/lang/NoSuchMethodError'{0x00000000893a4d10}: 'java.lang.Object java.lang.invoke.DirectMethodHandle$Holder.invokeStaticInit(java.lang.Object, int, int, int, int)'> (0x00000000893a4d10) thrown at [./src/hotspot/share/interpreter/linkResolver.cpp, line 773]
Event: 32.825 Thread 0x0000000065427000 Exception <a 'java/lang/NoSuchMethodError'{0x00000000893ba180}: 'java.lang.Object java.lang.invoke.DirectMethodHandle$Holder.invokeStaticInit(java.lang.Object, java.lang.Object, int, int, int, int)'> (0x00000000893ba180) thrown at [./src/hotspot/share/interpreter/linkResolver.cpp, line 773]

Events (20 events):
Event: 32.852 loading class java/io/FileOutputStream$1 done
Event: 33.183 Loaded shared library C:\Users\190441091\AppData\Local\Temp\VE026A_JNI4137966614195154377.dll
Event: 34.543 loading class jdk/internal/math/FDBigInteger
Event: 34.543 loading class jdk/internal/math/FDBigInteger done
Event: 34.544 loading class ieexp3/id190441091/BasicTask4ClientController
Event: 34.544 loading class ieexp3/id190441091/BasicTask4ClientController done
Event: 34.548 loading class jdk/internal/module/ModulePatcher$PatchedModuleReader
Event: 34.548 loading class jdk/internal/module/ModulePatcher$PatchedModuleReader done
Event: 57.103 loading class sun/net/ResourceManager
Event: 57.116 loading class sun/net/ResourceManager done
Event: 57.116 loading class java/util/IdentityHashMap$KeyIterator
Event: 57.116 loading class java/util/IdentityHashMap$IdentityHashMapIterator
Event: 57.116 loading class java/util/IdentityHashMap$IdentityHashMapIterator done
Event: 57.116 loading class java/util/IdentityHashMap$KeyIterator done
Event: 57.117 Executing VM operation: RevokeBias
Event: 57.117 Executing VM operation: RevokeBias done
Event: 57.117 Thread 0x0000000065427000 Thread exited: 0x0000000065427000
Event: 61.608 Thread 0x0000000065cc8800 Thread added: 0x0000000065cc8800
Event: 61.609 Executing VM operation: RevokeBias
Event: 61.611 Executing VM operation: RevokeBias done


Dynamic libraries:
0x000000013f680000 - 0x000000013f68d000 	C:\Program Files\BellSoft\LibericaJDK-11-Full\bin\javaw.exe
0x00000000778b0000 - 0x0000000077a4f000 	C:\Windows\SYSTEM32\ntdll.dll
0x0000000077790000 - 0x00000000778af000 	C:\Windows\system32\kernel32.dll
0x000007fefd6f0000 - 0x000007fefd757000 	C:\Windows\system32\KERNELBASE.dll
0x00000000750f0000 - 0x0000000075178000 	C:\Windows\System32\SYSFER.DLL
0x000007fee8cd0000 - 0x000007fee8ce7000 	C:\Program Files\BellSoft\LibericaJDK-11-Full\bin\jli.dll
0x000007fefbe40000 - 0x000007fefc035000 	C:\Windows\WinSxS\amd64_microsoft.windows.common-controls_6595b64144ccf1df_6.0.7601.24483_none_e372d88f30fbb845\COMCTL32.dll
0x000007fefef70000 - 0x000007feff00f000 	C:\Windows\system32\msvcrt.dll
0x000007fefe560000 - 0x000007fefe5c7000 	C:\Windows\system32\GDI32.dll
0x0000000077690000 - 0x000000007778b000 	C:\Windows\system32\USER32.dll
0x000007fefd7c0000 - 0x000007fefd7ce000 	C:\Windows\system32\LPK.dll
0x000007fefea30000 - 0x000007fefeafb000 	C:\Windows\system32\USP10.dll
0x000007fefe5d0000 - 0x000007fefe641000 	C:\Windows\system32\SHLWAPI.dll
0x000007fee8cf0000 - 0x000007fee8d05000 	C:\Program Files\BellSoft\LibericaJDK-11-Full\bin\VCRUNTIME140.dll
0x000007fedb4f0000 - 0x000007fedb4f4000 	C:\Program Files\BellSoft\LibericaJDK-11-Full\bin\api-ms-win-crt-runtime-l1-1-0.dll
0x000007fed8f80000 - 0x000007fed907c000 	C:\Program Files\BellSoft\LibericaJDK-11-Full\bin\ucrtbase.DLL
0x000007feed290000 - 0x000007feed293000 	C:\Program Files\BellSoft\LibericaJDK-11-Full\bin\api-ms-win-core-localization-l1-2-0.dll
0x000007fedb450000 - 0x000007fedb453000 	C:\Program Files\BellSoft\LibericaJDK-11-Full\bin\api-ms-win-core-processthreads-l1-1-1.dll
0x000007fedb460000 - 0x000007fedb463000 	C:\Program Files\BellSoft\LibericaJDK-11-Full\bin\api-ms-win-core-file-l1-2-0.dll
0x000007fed9470000 - 0x000007fed9473000 	C:\Program Files\BellSoft\LibericaJDK-11-Full\bin\api-ms-win-core-timezone-l1-1-0.dll
0x000007fed9480000 - 0x000007fed9483000 	C:\Program Files\BellSoft\LibericaJDK-11-Full\bin\api-ms-win-core-file-l2-1-0.dll
0x000007fed9170000 - 0x000007fed9173000 	C:\Program Files\BellSoft\LibericaJDK-11-Full\bin\api-ms-win-core-synch-l1-2-0.dll
0x000007fed9160000 - 0x000007fed9163000 	C:\Program Files\BellSoft\LibericaJDK-11-Full\bin\api-ms-win-crt-heap-l1-1-0.dll
0x000007fed9150000 - 0x000007fed9154000 	C:\Program Files\BellSoft\LibericaJDK-11-Full\bin\api-ms-win-crt-string-l1-1-0.dll
0x000007fed9140000 - 0x000007fed9144000 	C:\Program Files\BellSoft\LibericaJDK-11-Full\bin\api-ms-win-crt-stdio-l1-1-0.dll
0x000007fed9130000 - 0x000007fed9134000 	C:\Program Files\BellSoft\LibericaJDK-11-Full\bin\api-ms-win-crt-convert-l1-1-0.dll
0x000007fed9120000 - 0x000007fed9123000 	C:\Program Files\BellSoft\LibericaJDK-11-Full\bin\api-ms-win-crt-environment-l1-1-0.dll
0x000007fed9110000 - 0x000007fed9113000 	C:\Program Files\BellSoft\LibericaJDK-11-Full\bin\api-ms-win-crt-filesystem-l1-1-0.dll
0x000007fed9100000 - 0x000007fed9105000 	C:\Program Files\BellSoft\LibericaJDK-11-Full\bin\api-ms-win-crt-math-l1-1-0.dll
0x000007fed90f0000 - 0x000007fed90f3000 	C:\Program Files\BellSoft\LibericaJDK-11-Full\bin\api-ms-win-crt-locale-l1-1-0.dll
0x000007feff590000 - 0x000007feff5be000 	C:\Windows\system32\IMM32.DLL
0x000007feff480000 - 0x000007feff58b000 	C:\Windows\system32\MSCTF.dll
0x000007fed8ee0000 - 0x000007fed8f7b000 	C:\Program Files\BellSoft\LibericaJDK-11-Full\bin\msvcp140.dll
0x000007fed90e0000 - 0x000007fed90e3000 	C:\Program Files\BellSoft\LibericaJDK-11-Full\bin\api-ms-win-crt-time-l1-1-0.dll
0x000007fed90d0000 - 0x000007fed90d3000 	C:\Program Files\BellSoft\LibericaJDK-11-Full\bin\api-ms-win-crt-utility-l1-1-0.dll
0x000007fed3dc0000 - 0x000007fed4904000 	C:\Program Files\BellSoft\LibericaJDK-11-Full\bin\server\jvm.dll
0x000007fefed90000 - 0x000007fefee6b000 	C:\Windows\system32\ADVAPI32.dll
0x000007feff010000 - 0x000007feff02f000 	C:\Windows\SYSTEM32\sechost.dll
0x000007feffa70000 - 0x000007feffb9c000 	C:\Windows\system32\RPCRT4.dll
0x000007fef91d0000 - 0x000007fef91d9000 	C:\Windows\system32\WSOCK32.dll
0x000007fefee70000 - 0x000007fefeebd000 	C:\Windows\system32\WS2_32.dll
0x000007fefeec0000 - 0x000007fefeec8000 	C:\Windows\system32\NSI.dll
0x000007fef3780000 - 0x000007fef37bb000 	C:\Windows\system32\WINMM.dll
0x000007fefc4d0000 - 0x000007fefc4dc000 	C:\Windows\system32\VERSION.dll
0x0000000077a50000 - 0x0000000077a57000 	C:\Windows\system32\PSAPI.DLL
0x000007fed90c0000 - 0x000007fed90d0000 	C:\Program Files\BellSoft\LibericaJDK-11-Full\bin\verify.dll
0x000007fef43e0000 - 0x000007fef4505000 	C:\Windows\system32\DBGHELP.DLL
0x000007fed9090000 - 0x000007fed90b8000 	C:\Program Files\BellSoft\LibericaJDK-11-Full\bin\java.dll
0x000007fed9080000 - 0x000007fed908a000 	C:\Program Files\BellSoft\LibericaJDK-11-Full\bin\jimage.dll
0x000007fed8ea0000 - 0x000007fed8eb7000 	C:\Program Files\BellSoft\LibericaJDK-11-Full\bin\zip.dll
0x000007fefd7d0000 - 0x000007fefe55b000 	C:\Windows\system32\SHELL32.dll
0x000007fefe650000 - 0x000007fefe84f000 	C:\Windows\system32\ole32.dll
0x000007fefd400000 - 0x000007fefd40f000 	C:\Windows\system32\profapi.dll
0x000007fed8ec0000 - 0x000007fed8ed9000 	C:\Program Files\BellSoft\LibericaJDK-11-Full\bin\net.dll
0x000007fef9b30000 - 0x000007fef9ba1000 	C:\Windows\system32\WINHTTP.dll
0x000007fef9a70000 - 0x000007fef9ad5000 	C:\Windows\system32\webio.dll
0x000007fefcb40000 - 0x000007fefcb95000 	C:\Windows\system32\mswsock.dll
0x000007fefcb30000 - 0x000007fefcb37000 	C:\Windows\System32\wship6.dll
0x000007fed89c0000 - 0x000007fed89d2000 	C:\Program Files\BellSoft\LibericaJDK-11-Full\bin\nio.dll
0x000007fefcba0000 - 0x000007fefcbb8000 	C:\Windows\system32\CRYPTSP.dll
0x000007fefc8a0000 - 0x000007fefc8e7000 	C:\Windows\system32\rsaenh.dll
0x000007fefd660000 - 0x000007fefd67f000 	C:\Windows\system32\USERENV.dll
0x000007fefd260000 - 0x000007fefd26f000 	C:\Windows\system32\CRYPTBASE.dll
0x000007fefae20000 - 0x000007fefae47000 	C:\Windows\system32\IPHLPAPI.DLL
0x000007fefadb0000 - 0x000007fefadbb000 	C:\Windows\system32\WINNSI.DLL
0x000007fefac00000 - 0x000007fefac11000 	C:\Windows\system32\dhcpcsvc6.DLL
0x000007fefabe0000 - 0x000007fefabf8000 	C:\Windows\system32\dhcpcsvc.DLL
0x000007fedb530000 - 0x000007fedb564000 	C:\Users\190441091\AppData\Local\Temp\VE026A_JNI4137966614195154377.dll
0x000007fed6c40000 - 0x000007fed76c4000 	C:\Windows\system32\mfc120ud.dll
0x000007fed8b60000 - 0x000007fed8d71000 	C:\Windows\system32\MSVCR120D.dll
0x000007feff0d0000 - 0x000007feff1ab000 	C:\Windows\system32\OLEAUT32.dll
0x000007fefbb50000 - 0x000007fefbba6000 	C:\Windows\system32\UxTheme.dll
0x000007fefecf0000 - 0x000007fefed89000 	C:\Windows\system32\CLBCatQ.DLL
0x000007fefd2b0000 - 0x000007fefd2c4000 	C:\Windows\system32\RpcRtRemote.dll
0x000007fefd2d0000 - 0x000007fefd361000 	C:\Windows\system32\SXS.DLL

dbghelp: loaded successfully - version: 4.0.5 - missing functions: none
symbol engine: initialized successfully - sym options: 0x614 - pdb path: .;C:\Program Files\BellSoft\LibericaJDK-11-Full\bin;C:\Windows\SYSTEM32;C:\Windows\WinSxS\amd64_microsoft.windows.common-controls_6595b64144ccf1df_6.0.7601.24483_none_e372d88f30fbb845;C:\Program Files\BellSoft\LibericaJDK-11-Full\bin\server;C:\Users\190441091\AppData\Local\Temp

VM Arguments:
jvm_args: -Dfile.encoding=UTF-8 
java_command: ieexp3.id190441091.BasicTask4Server 1234
java_class_path (initial): E:\ieexp3\new\workspace\IEExp3-Step4\bin;E:\ieexp3\new\workspace\VE026A_JNI\lib\VE026A_JNI.jar
Launcher Type: SUN_STANDARD

[Global flags]
     intx CICompilerCount                          = 4                                         {product} {ergonomic}
     uint ConcGCThreads                            = 2                                         {product} {ergonomic}
     uint G1ConcRefinementThreads                  = 8                                         {product} {ergonomic}
   size_t G1HeapRegionSize                         = 1048576                                   {product} {ergonomic}
    uintx GCDrainStackTargetSize                   = 64                                        {product} {ergonomic}
   size_t InitialHeapSize                          = 134217728                                 {product} {ergonomic}
   size_t MarkStackSize                            = 4194304                                   {product} {ergonomic}
   size_t MaxHeapSize                              = 2124414976                                {product} {ergonomic}
   size_t MaxNewSize                               = 1274019840                                {product} {ergonomic}
   size_t MinHeapDeltaBytes                        = 1048576                                   {product} {ergonomic}
    uintx NonNMethodCodeHeapSize                   = 5836300                                {pd product} {ergonomic}
    uintx NonProfiledCodeHeapSize                  = 122910970                              {pd product} {ergonomic}
    uintx ProfiledCodeHeapSize                     = 122910970                              {pd product} {ergonomic}
    uintx ReservedCodeCacheSize                    = 251658240                              {pd product} {ergonomic}
     bool SegmentedCodeCache                       = true                                      {product} {ergonomic}
     bool UseCompressedClassPointers               = true                                 {lp64_product} {ergonomic}
     bool UseCompressedOops                        = true                                 {lp64_product} {ergonomic}
     bool UseG1GC                                  = true                                      {product} {ergonomic}
     bool UseLargePagesIndividualAllocation        = false                                  {pd product} {ergonomic}

Logging:
Log output configuration:
 #0: stdout all=warning uptime,level,tags
 #1: stderr all=off uptime,level,tags

Environment Variables:
JAVA_HOME=C:\Program Files\BellSoft\LibericaJDK-11-Full\
PATH=C:/eclipse//plugins/org.eclipse.justj.openjdk.hotspot.jre.full.win32.x86_64_15.0.1.v20201027-0507/jre/bin/server;C:/eclipse//plugins/org.eclipse.justj.openjdk.hotspot.jre.full.win32.x86_64_15.0.1.v20201027-0507/jre/bin;C:\Program Files\BellSoft\LibericaJDK-11-Full\bin\;C:\Windows\system32;C:\Windows;C:\Windows\System32\Wbem;C:\Windows\System32\WindowsPowerShell\v1.0\;C:\Android\Sdk\tools;C:\Android\Sdk\platform-tools;C:\opencv\bin;C:\vim81;C:\Program Files (x86)\nkf;C:\Windows\System32\WindowsPowerShell\v1.0\;C:\Program Files (x86)\Microsoft SDKs\TypeScript\1.0\;C:\Program Files\Microsoft SQL Server\120\Tools\Binn\;C:\Program Files (x86)\iis express\PHP\v5.3;C:\Program Files\Microsoft\Web Platform Installer\;C:\Program Files (x86)\Intel\OpenCL SDK\3.0\bin\x86;C:\Program Files (x86)\Intel\OpenCL SDK\3.0\bin\x64;C:\Program Files (x86)\Intel\UCRT\;C:\Program Files\Intel\UCRT\;C:\Program Files (x86)\Intel\Intel(R) Management Engine Components\DAL;C:\Program Files\Intel\Intel(R) Management Engine Components\DAL;C:\Program Files (x86)\Intel\Intel(R) Management Engine Components\IPT;C:\Program Files\Intel\Intel(R) Management Engine Components\IPT;C:\Program Files (x86)\Intel\iCLS Client\;C:\Program Files\Intel\iCLS Client\;C:\VSCode-win32-x64;C:\kawa;C:\Program Files\nodejs\;C:\Program Files\Microsoft SQL Server\130\Tools\Binn\;C:\Program Files\Git\cmd;C:\texlive\2020\bin\win32;C:\eclipse;
USERNAME=190441091
OS=Windows_NT
PROCESSOR_IDENTIFIER=Intel64 Family 6 Model 60 Stepping 3, GenuineIntel



---------------  S Y S T E M  ---------------

OS: Windows 7 , 64 bit Build 7601 (6.1.7601.24545)
OS uptime: 0 days 2:19 hours

CPU:total 8 (initial active 8) (4 cores per cpu, 2 threads per core) family 6 model 60 stepping 3, cmov, cx8, fxsr, mmx, sse, sse2, sse3, ssse3, sse4.1, sse4.2, popcnt, avx, avx2, aes, clmul, erms, lzcnt, ht, tsc, tscinvbit, bmi1, bmi2, fma

Memory: 4k page, system-wide physical 8100M (885M free)
TotalPageFile size 16198M (AvailPageFile size 6345M)
current process WorkingSet (physical memory assigned to process): 42M, peak: 44M
current process commit charge ("private bytes"): 216M, peak: 218M

vm_info: OpenJDK 64-Bit Server VM (11.0.9.1+1-LTS) for windows-amd64 JRE (11.0.9.1+1-LTS), built on Nov  2 2020 11:54:37 by "" with MS VC++ 15.9 (VS2017)

END.
